{"uuid":"2c9e6280-878c-45ad-acdc-5ae07802b30d","historyId":"6ce02e844654dea03d341ce01690e1d0","testCaseId":"1d4234fc1aff399f4af40d192d777e7e","fullName":"src/test/resources/features/OrderPlacement.feature:11","labels":[{"name":"tag","value":"OrderPlacement"},{"name":"tag","value":"E2E"},{"name":"tag","value":"regression"},{"name":"tag","value":"PlaceOrder"},{"name":"tag","value":"Smoke"},{"name":"host","value":"EMMANUEL-LAPTOP"},{"name":"thread","value":"12580@EMMANUEL-LAPTOP.main(1)"},{"name":"feature","value":"DemoBlaze Order Placement"},{"name":"story","value":"Place order successfully with valid details"},{"name":"suite","value":"DemoBlaze Order Placement"},{"name":"testClass","value":"Place order successfully with valid details"},{"name":"framework","value":"cucumber4jvm"},{"name":"language","value":"java"},{"name":"gherkin_uri","value":"file:///E:/Courses/Amalitech%20GTP/Projects/demoblazeProjectPlaywright/src/test/resources/features/OrderPlacement.feature"},{"name":"package","value":"src.test.resources.features.OrderPlacement_feature.DemoBlaze Order Placement"}],"links":[],"name":"Place order successfully with valid details","status":"failed","statusDetails":{"known":false,"muted":false,"flaky":false,"message":"Alert not found\r\nScreenshot: file:/E:/Courses/Amalitech%20GTP/Projects/demoblazeProjectPlaywright/target/screenshots/1759009870398.3.png\r\nPage source: file:/E:/Courses/Amalitech%20GTP/Projects/demoblazeProjectPlaywright/target/screenshots/1759009870398.3.html\r\nTimeout: 4 s.\r\nCaused by: TimeoutException: Expected condition failed: waiting for alert to be present (tried for 4 second(s) with 200 milliseconds interval)","trace":"Alert not found\r\nScreenshot: file:/E:/Courses/Amalitech%20GTP/Projects/demoblazeProjectPlaywright/target/screenshots/1759009870398.3.png\r\nPage source: file:/E:/Courses/Amalitech%20GTP/Projects/demoblazeProjectPlaywright/target/screenshots/1759009870398.3.html\r\nTimeout: 4 s.\r\nCaused by: TimeoutException: Expected condition failed: waiting for alert to be present (tried for 4 second(s) with 200 milliseconds interval)\r\n\tat com.codeborne.selenide.SelenideTargetLocator.alertNotFoundError(SelenideTargetLocator.java:308)\r\n\tat com.codeborne.selenide.SelenideTargetLocator.alert(SelenideTargetLocator.java:182)\r\n\tat com.codeborne.selenide.SelenideTargetLocator.alert(SelenideTargetLocator.java:172)\r\n\tat stepDefinitions.OrderPlacementSteps.i_should_see_order_success_message(OrderPlacementSteps.java:103)\r\n\tat ✽.I should see order success message(file:///E:/Courses/Amalitech%20GTP/Projects/demoblazeProjectPlaywright/src/test/resources/features/OrderPlacement.feature:25)\r\nCaused by: org.openqa.selenium.TimeoutException: Expected condition failed: waiting for alert to be present (tried for 4 second(s) with 200 milliseconds interval)\nBuild info: version: '4.35.0', revision: '1c58e5028b'\nSystem info: os.name: 'Windows 11', os.arch: 'amd64', os.version: '10.0', java.version: '21.0.6'\nDriver info: driver.version: unknown\r\n\tat org.openqa.selenium.support.ui.FluentWait.timeoutException(FluentWait.java:265)\r\n\tat org.openqa.selenium.support.ui.FluentWait.until(FluentWait.java:228)\r\n\tat com.codeborne.selenide.SelenideTargetLocator.alert(SelenideTargetLocator.java:179)\r\n\tat com.codeborne.selenide.SelenideTargetLocator.alert(SelenideTargetLocator.java:172)\r\n\tat stepDefinitions.OrderPlacementSteps.i_should_see_order_success_message(OrderPlacementSteps.java:103)\r\n\tat java.base/jdk.internal.reflect.DirectMethodHandleAccessor.invoke(DirectMethodHandleAccessor.java:103)\r\n\tat java.base/java.lang.reflect.Method.invoke(Method.java:580)\r\n\tat io.cucumber.java.Invoker.doInvoke(Invoker.java:66)\r\n\tat io.cucumber.java.Invoker.invoke(Invoker.java:24)\r\n\tat io.cucumber.java.AbstractGlueDefinition.invokeMethod(AbstractGlueDefinition.java:47)\r\n\tat io.cucumber.java.JavaStepDefinition.execute(JavaStepDefinition.java:29)\r\n\tat io.cucumber.core.runner.CoreStepDefinition.execute(CoreStepDefinition.java:66)\r\n\tat io.cucumber.core.runner.PickleStepDefinitionMatch.runStep(PickleStepDefinitionMatch.java:63)\r\n\tat io.cucumber.core.runner.ExecutionMode$1.execute(ExecutionMode.java:10)\r\n\tat io.cucumber.core.runner.TestStep.executeStep(TestStep.java:84)\r\n\tat io.cucumber.core.runner.TestStep.run(TestStep.java:56)\r\n\tat io.cucumber.core.runner.PickleStepTestStep.run(PickleStepTestStep.java:51)\r\n\tat io.cucumber.core.runner.TestCase.run(TestCase.java:84)\r\n\tat io.cucumber.core.runner.Runner.runPickle(Runner.java:75)\r\n\tat io.cucumber.junit.PickleRunners$NoStepDescriptions.lambda$run$0(PickleRunners.java:151)\r\n\tat io.cucumber.core.runtime.CucumberExecutionContext.lambda$runTestCase$5(CucumberExecutionContext.java:137)\r\n\tat io.cucumber.core.runtime.RethrowingThrowableCollector.executeAndThrow(RethrowingThrowableCollector.java:23)\r\n\tat io.cucumber.core.runtime.CucumberExecutionContext.runTestCase(CucumberExecutionContext.java:137)\r\n\tat io.cucumber.junit.PickleRunners$NoStepDescriptions.run(PickleRunners.java:148)\r\n\tat io.cucumber.junit.FeatureRunner.runChild(FeatureRunner.java:144)\r\n\tat io.cucumber.junit.FeatureRunner.runChild(FeatureRunner.java:28)\r\n\tat org.junit.runners.ParentRunner$4.run(ParentRunner.java:331)\r\n\tat org.junit.runners.ParentRunner$1.schedule(ParentRunner.java:79)\r\n\tat org.junit.runners.ParentRunner.runChildren(ParentRunner.java:329)\r\n\tat org.junit.runners.ParentRunner.access$100(ParentRunner.java:66)\r\n\tat org.junit.runners.ParentRunner$2.evaluate(ParentRunner.java:293)\r\n\tat org.junit.runners.ParentRunner$3.evaluate(ParentRunner.java:306)\r\n\tat org.junit.runners.ParentRunner.run(ParentRunner.java:413)\r\n\tat io.cucumber.junit.FeatureRunner.run(FeatureRunner.java:137)\r\n\tat io.cucumber.junit.Cucumber.runChild(Cucumber.java:196)\r\n\tat io.cucumber.junit.Cucumber.runChild(Cucumber.java:89)\r\n\tat org.junit.runners.ParentRunner$4.run(ParentRunner.java:331)\r\n\tat org.junit.runners.ParentRunner$1.schedule(ParentRunner.java:79)\r\n\tat org.junit.runners.ParentRunner.runChildren(ParentRunner.java:329)\r\n\tat org.junit.runners.ParentRunner.access$100(ParentRunner.java:66)\r\n\tat org.junit.runners.ParentRunner$2.evaluate(ParentRunner.java:293)\r\n\tat io.cucumber.core.runtime.CucumberExecutionContext.lambda$runFeatures$6(CucumberExecutionContext.java:148)\r\n\tat io.cucumber.core.runtime.CucumberExecutionContext.execute(CucumberExecutionContext.java:163)\r\n\tat io.cucumber.core.runtime.CucumberExecutionContext.runFeatures(CucumberExecutionContext.java:146)\r\n\tat io.cucumber.junit.Cucumber$StartAndFinishTestRun.evaluate(Cucumber.java:226)\r\n\tat org.junit.runners.ParentRunner$3.evaluate(ParentRunner.java:306)\r\n\tat org.junit.runners.ParentRunner.run(ParentRunner.java:413)\r\n\tat org.junit.runner.JUnitCore.run(JUnitCore.java:137)\r\n\tat com.intellij.junit4.JUnit4IdeaTestRunner.startRunnerWithArgs(JUnit4IdeaTestRunner.java:69)\r\n\tat com.intellij.rt.junit.IdeaTestRunner$Repeater$1.execute(IdeaTestRunner.java:38)\r\n\tat com.intellij.rt.execution.junit.TestsRepeater.repeat(TestsRepeater.java:11)\r\n\tat com.intellij.rt.junit.IdeaTestRunner$Repeater.startRunnerWithArgs(IdeaTestRunner.java:35)\r\n\tat com.intellij.rt.junit.JUnitStarter.prepareStreamsAndStart(JUnitStarter.java:231)\r\n\tat com.intellij.rt.junit.JUnitStarter.main(JUnitStarter.java:55)\r\n"},"stage":"finished","description":"  As a customer on DemoBlaze e-commerce website\n  I want to place orders for items in my cart\n  So that I can complete my purchase and receive the products","steps":[{"name":"Given I navigate to the DemoBlaze home page","status":"passed","statusDetails":{"known":false,"muted":false,"flaky":false},"stage":"finished","steps":[{"name":"Navigate to DemoBlaze home page","status":"passed","stage":"finished","steps":[{"name":"$(\"open\") https://www.demoblaze.com/index.html","status":"passed","stage":"finished","steps":[{"name":"$(\"webdriver\") create()","status":"passed","stage":"finished","steps":[],"attachments":[],"parameters":[],"start":1759009853960,"stop":1759009855486}],"attachments":[],"parameters":[],"start":1759009853960,"stop":1759009859280}],"attachments":[],"parameters":[],"start":1759009853959,"stop":1759009859280}],"attachments":[],"parameters":[],"start":1759009853959,"stop":1759009859280},{"name":"Given I add \"Samsung galaxy s6\" to cart","status":"passed","statusDetails":{"known":false,"muted":false,"flaky":false},"stage":"finished","steps":[{"name":"Add product Samsung galaxy s6 to cart","status":"passed","stage":"finished","steps":[{"name":"$(\".card-title[0]\") click()","status":"passed","stage":"finished","steps":[],"attachments":[],"parameters":[],"start":1759009859281,"stop":1759009861823},{"name":"$(\"By.linkText: Add to cart\") click()","status":"passed","stage":"finished","steps":[],"attachments":[],"parameters":[],"start":1759009861823,"stop":1759009862666},{"name":"$(\"open\") https://www.demoblaze.com/index.html","status":"passed","stage":"finished","steps":[],"attachments":[],"parameters":[],"start":1759009863535,"stop":1759009863611}],"attachments":[],"parameters":[{"name":"productName","value":"Samsung galaxy s6"}],"start":1759009859281,"stop":1759009863611}],"attachments":[],"parameters":[],"start":1759009859281,"stop":1759009863611},{"name":"When I navigate to cart page","status":"passed","statusDetails":{"known":false,"muted":false,"flaky":false},"stage":"finished","steps":[{"name":"Navigate to cart page","status":"passed","stage":"finished","steps":[{"name":"$(\"#cartur\") click()","status":"passed","stage":"finished","steps":[],"attachments":[],"parameters":[],"start":1759009863612,"stop":1759009864706}],"attachments":[],"parameters":[],"start":1759009863611,"stop":1759009864706}],"attachments":[],"parameters":[],"start":1759009863611,"stop":1759009864706},{"name":"And I click place order button","status":"passed","statusDetails":{"known":false,"muted":false,"flaky":false},"stage":"finished","steps":[{"name":"Click place order button","status":"passed","stage":"finished","steps":[{"name":"$(\"By.xpath: //button[text()='Place Order']\") click()","status":"passed","stage":"finished","steps":[],"attachments":[],"parameters":[],"start":1759009864710,"stop":1759009864835}],"attachments":[],"parameters":[],"start":1759009864710,"stop":1759009864835}],"attachments":[],"parameters":[],"start":1759009864707,"stop":1759009864835},{"name":"Then I should see the order placement form","status":"passed","statusDetails":{"known":false,"muted":false,"flaky":false},"stage":"finished","steps":[{"name":"Verify order placement form is displayed","status":"passed","stage":"finished","steps":[{"name":"$(\"#name\") should be(visible)","status":"passed","stage":"finished","steps":[],"attachments":[],"parameters":[],"start":1759009864837,"stop":1759009865152},{"name":"$(\"#country\") should be(visible)","status":"passed","stage":"finished","steps":[],"attachments":[],"parameters":[],"start":1759009865152,"stop":1759009865175},{"name":"$(\"#city\") should be(visible)","status":"passed","stage":"finished","steps":[],"attachments":[],"parameters":[],"start":1759009865175,"stop":1759009865204},{"name":"$(\"#card\") should be(visible)","status":"passed","stage":"finished","steps":[],"attachments":[],"parameters":[],"start":1759009865204,"stop":1759009865227},{"name":"$(\"#month\") should be(visible)","status":"passed","stage":"finished","steps":[],"attachments":[],"parameters":[],"start":1759009865227,"stop":1759009865250},{"name":"$(\"#year\") should be(visible)","status":"passed","stage":"finished","steps":[],"attachments":[],"parameters":[],"start":1759009865250,"stop":1759009865272},{"name":"$(\"By.xpath: //button[text()='Purchase']\") should be(visible)","status":"passed","stage":"finished","steps":[],"attachments":[],"parameters":[],"start":1759009865272,"stop":1759009865294},{"name":"$(\"By.xpath: //div[@id='orderModal']//button[@type='button'][normalize-space()='Close']\") should be(visible)","status":"passed","stage":"finished","steps":[],"attachments":[],"parameters":[],"start":1759009865295,"stop":1759009865318}],"attachments":[],"parameters":[],"start":1759009864836,"stop":1759009865318}],"attachments":[],"parameters":[],"start":1759009864836,"stop":1759009865318},{"name":"When I fill order details with valid information:","status":"passed","statusDetails":{"known":false,"muted":false,"flaky":false},"stage":"finished","steps":[{"name":"Fill order details with valid information","status":"passed","stage":"finished","steps":[{"name":"$(\"#name\") set value(John Doe)","status":"passed","stage":"finished","steps":[],"attachments":[],"parameters":[],"start":1759009865321,"stop":1759009865478},{"name":"$(\"#country\") set value(USA)","status":"passed","stage":"finished","steps":[],"attachments":[],"parameters":[],"start":1759009865478,"stop":1759009865610},{"name":"$(\"#city\") set value(New York)","status":"passed","stage":"finished","steps":[],"attachments":[],"parameters":[],"start":1759009865610,"stop":1759009865767},{"name":"$(\"#card\") set value(1234567890123456)","status":"passed","stage":"finished","steps":[],"attachments":[],"parameters":[],"start":1759009865768,"stop":1759009865909},{"name":"$(\"#month\") set value(12)","status":"passed","stage":"finished","steps":[],"attachments":[],"parameters":[],"start":1759009865910,"stop":1759009866057},{"name":"$(\"#year\") set value(2025)","status":"passed","stage":"finished","steps":[],"attachments":[],"parameters":[],"start":1759009866058,"stop":1759009866196}],"attachments":[],"parameters":[{"name":"dataTable","value":"| field      | value            |\n| name       | John Doe         |\n| country    | USA              |\n| city       | New York         |\n| creditCard | 1234567890123456 |\n| month      | 12               |\n| year       | 2025             |\n"}],"start":1759009865321,"stop":1759009866196}],"attachments":[{"name":"Data table","source":"38fc33d6-3e3d-4fea-9816-8dcbfc0a043d-attachment.csv","type":"text/tab-separated-values"}],"parameters":[],"start":1759009865318,"stop":1759009866196},{"name":"And I click purchase button","status":"passed","statusDetails":{"known":false,"muted":false,"flaky":false},"stage":"finished","steps":[{"name":"Click purchase button to complete order","status":"passed","stage":"finished","steps":[{"name":"$(\"By.xpath: //button[text()='Purchase']\") click()","status":"passed","stage":"finished","steps":[],"attachments":[],"parameters":[],"start":1759009866196,"stop":1759009866316}],"attachments":[],"parameters":[],"start":1759009866196,"stop":1759009866316}],"attachments":[],"parameters":[],"start":1759009866196,"stop":1759009866317},{"name":"Then I should see order success message","status":"failed","statusDetails":{"known":false,"muted":false,"flaky":false,"message":"Alert not found\r\nScreenshot: file:/E:/Courses/Amalitech%20GTP/Projects/demoblazeProjectPlaywright/target/screenshots/1759009870398.3.png\r\nPage source: file:/E:/Courses/Amalitech%20GTP/Projects/demoblazeProjectPlaywright/target/screenshots/1759009870398.3.html\r\nTimeout: 4 s.\r\nCaused by: TimeoutException: Expected condition failed: waiting for alert to be present (tried for 4 second(s) with 200 milliseconds interval)","trace":"Alert not found\r\nScreenshot: file:/E:/Courses/Amalitech%20GTP/Projects/demoblazeProjectPlaywright/target/screenshots/1759009870398.3.png\r\nPage source: file:/E:/Courses/Amalitech%20GTP/Projects/demoblazeProjectPlaywright/target/screenshots/1759009870398.3.html\r\nTimeout: 4 s.\r\nCaused by: TimeoutException: Expected condition failed: waiting for alert to be present (tried for 4 second(s) with 200 milliseconds interval)\r\n\tat com.codeborne.selenide.SelenideTargetLocator.alertNotFoundError(SelenideTargetLocator.java:308)\r\n\tat com.codeborne.selenide.SelenideTargetLocator.alert(SelenideTargetLocator.java:182)\r\n\tat com.codeborne.selenide.SelenideTargetLocator.alert(SelenideTargetLocator.java:172)\r\n\tat stepDefinitions.OrderPlacementSteps.i_should_see_order_success_message(OrderPlacementSteps.java:103)\r\n\tat ✽.I should see order success message(file:///E:/Courses/Amalitech%20GTP/Projects/demoblazeProjectPlaywright/src/test/resources/features/OrderPlacement.feature:25)\r\nCaused by: org.openqa.selenium.TimeoutException: Expected condition failed: waiting for alert to be present (tried for 4 second(s) with 200 milliseconds interval)\nBuild info: version: '4.35.0', revision: '1c58e5028b'\nSystem info: os.name: 'Windows 11', os.arch: 'amd64', os.version: '10.0', java.version: '21.0.6'\nDriver info: driver.version: unknown\r\n\tat org.openqa.selenium.support.ui.FluentWait.timeoutException(FluentWait.java:265)\r\n\tat org.openqa.selenium.support.ui.FluentWait.until(FluentWait.java:228)\r\n\tat com.codeborne.selenide.SelenideTargetLocator.alert(SelenideTargetLocator.java:179)\r\n\tat com.codeborne.selenide.SelenideTargetLocator.alert(SelenideTargetLocator.java:172)\r\n\tat stepDefinitions.OrderPlacementSteps.i_should_see_order_success_message(OrderPlacementSteps.java:103)\r\n\tat java.base/jdk.internal.reflect.DirectMethodHandleAccessor.invoke(DirectMethodHandleAccessor.java:103)\r\n\tat java.base/java.lang.reflect.Method.invoke(Method.java:580)\r\n\tat io.cucumber.java.Invoker.doInvoke(Invoker.java:66)\r\n\tat io.cucumber.java.Invoker.invoke(Invoker.java:24)\r\n\tat io.cucumber.java.AbstractGlueDefinition.invokeMethod(AbstractGlueDefinition.java:47)\r\n\tat io.cucumber.java.JavaStepDefinition.execute(JavaStepDefinition.java:29)\r\n\tat io.cucumber.core.runner.CoreStepDefinition.execute(CoreStepDefinition.java:66)\r\n\tat io.cucumber.core.runner.PickleStepDefinitionMatch.runStep(PickleStepDefinitionMatch.java:63)\r\n\tat io.cucumber.core.runner.ExecutionMode$1.execute(ExecutionMode.java:10)\r\n\tat io.cucumber.core.runner.TestStep.executeStep(TestStep.java:84)\r\n\tat io.cucumber.core.runner.TestStep.run(TestStep.java:56)\r\n\tat io.cucumber.core.runner.PickleStepTestStep.run(PickleStepTestStep.java:51)\r\n\tat io.cucumber.core.runner.TestCase.run(TestCase.java:84)\r\n\tat io.cucumber.core.runner.Runner.runPickle(Runner.java:75)\r\n\tat io.cucumber.junit.PickleRunners$NoStepDescriptions.lambda$run$0(PickleRunners.java:151)\r\n\tat io.cucumber.core.runtime.CucumberExecutionContext.lambda$runTestCase$5(CucumberExecutionContext.java:137)\r\n\tat io.cucumber.core.runtime.RethrowingThrowableCollector.executeAndThrow(RethrowingThrowableCollector.java:23)\r\n\tat io.cucumber.core.runtime.CucumberExecutionContext.runTestCase(CucumberExecutionContext.java:137)\r\n\tat io.cucumber.junit.PickleRunners$NoStepDescriptions.run(PickleRunners.java:148)\r\n\tat io.cucumber.junit.FeatureRunner.runChild(FeatureRunner.java:144)\r\n\tat io.cucumber.junit.FeatureRunner.runChild(FeatureRunner.java:28)\r\n\tat org.junit.runners.ParentRunner$4.run(ParentRunner.java:331)\r\n\tat org.junit.runners.ParentRunner$1.schedule(ParentRunner.java:79)\r\n\tat org.junit.runners.ParentRunner.runChildren(ParentRunner.java:329)\r\n\tat org.junit.runners.ParentRunner.access$100(ParentRunner.java:66)\r\n\tat org.junit.runners.ParentRunner$2.evaluate(ParentRunner.java:293)\r\n\tat org.junit.runners.ParentRunner$3.evaluate(ParentRunner.java:306)\r\n\tat org.junit.runners.ParentRunner.run(ParentRunner.java:413)\r\n\tat io.cucumber.junit.FeatureRunner.run(FeatureRunner.java:137)\r\n\tat io.cucumber.junit.Cucumber.runChild(Cucumber.java:196)\r\n\tat io.cucumber.junit.Cucumber.runChild(Cucumber.java:89)\r\n\tat org.junit.runners.ParentRunner$4.run(ParentRunner.java:331)\r\n\tat org.junit.runners.ParentRunner$1.schedule(ParentRunner.java:79)\r\n\tat org.junit.runners.ParentRunner.runChildren(ParentRunner.java:329)\r\n\tat org.junit.runners.ParentRunner.access$100(ParentRunner.java:66)\r\n\tat org.junit.runners.ParentRunner$2.evaluate(ParentRunner.java:293)\r\n\tat io.cucumber.core.runtime.CucumberExecutionContext.lambda$runFeatures$6(CucumberExecutionContext.java:148)\r\n\tat io.cucumber.core.runtime.CucumberExecutionContext.execute(CucumberExecutionContext.java:163)\r\n\tat io.cucumber.core.runtime.CucumberExecutionContext.runFeatures(CucumberExecutionContext.java:146)\r\n\tat io.cucumber.junit.Cucumber$StartAndFinishTestRun.evaluate(Cucumber.java:226)\r\n\tat org.junit.runners.ParentRunner$3.evaluate(ParentRunner.java:306)\r\n\tat org.junit.runners.ParentRunner.run(ParentRunner.java:413)\r\n\tat org.junit.runner.JUnitCore.run(JUnitCore.java:137)\r\n\tat com.intellij.junit4.JUnit4IdeaTestRunner.startRunnerWithArgs(JUnit4IdeaTestRunner.java:69)\r\n\tat com.intellij.rt.junit.IdeaTestRunner$Repeater$1.execute(IdeaTestRunner.java:38)\r\n\tat com.intellij.rt.execution.junit.TestsRepeater.repeat(TestsRepeater.java:11)\r\n\tat com.intellij.rt.junit.IdeaTestRunner$Repeater.startRunnerWithArgs(IdeaTestRunner.java:35)\r\n\tat com.intellij.rt.junit.JUnitStarter.prepareStreamsAndStart(JUnitStarter.java:231)\r\n\tat com.intellij.rt.junit.JUnitStarter.main(JUnitStarter.java:55)\r\n"},"stage":"finished","steps":[{"name":"Verify order success message","status":"failed","statusDetails":{"known":false,"muted":false,"flaky":false,"message":"Alert not found\r\nScreenshot: file:/E:/Courses/Amalitech%20GTP/Projects/demoblazeProjectPlaywright/target/screenshots/1759009870398.3.png\r\nPage source: file:/E:/Courses/Amalitech%20GTP/Projects/demoblazeProjectPlaywright/target/screenshots/1759009870398.3.html\r\nTimeout: 4 s.\r\nCaused by: TimeoutException: Expected condition failed: waiting for alert to be present (tried for 4 second(s) with 200 milliseconds interval)","trace":"Alert not found\r\nScreenshot: file:/E:/Courses/Amalitech%20GTP/Projects/demoblazeProjectPlaywright/target/screenshots/1759009870398.3.png\r\nPage source: file:/E:/Courses/Amalitech%20GTP/Projects/demoblazeProjectPlaywright/target/screenshots/1759009870398.3.html\r\nTimeout: 4 s.\r\nCaused by: TimeoutException: Expected condition failed: waiting for alert to be present (tried for 4 second(s) with 200 milliseconds interval)\r\n\tat com.codeborne.selenide.SelenideTargetLocator.alertNotFoundError(SelenideTargetLocator.java:308)\r\n\tat com.codeborne.selenide.SelenideTargetLocator.alert(SelenideTargetLocator.java:182)\r\n\tat com.codeborne.selenide.SelenideTargetLocator.alert(SelenideTargetLocator.java:172)\r\n\tat stepDefinitions.OrderPlacementSteps.i_should_see_order_success_message(OrderPlacementSteps.java:103)\r\n\tat java.base/jdk.internal.reflect.DirectMethodHandleAccessor.invoke(DirectMethodHandleAccessor.java:103)\r\n\tat java.base/java.lang.reflect.Method.invoke(Method.java:580)\r\n\tat io.cucumber.java.Invoker.doInvoke(Invoker.java:66)\r\n\tat io.cucumber.java.Invoker.invoke(Invoker.java:24)\r\n\tat io.cucumber.java.AbstractGlueDefinition.invokeMethod(AbstractGlueDefinition.java:47)\r\n\tat io.cucumber.java.JavaStepDefinition.execute(JavaStepDefinition.java:29)\r\n\tat io.cucumber.core.runner.CoreStepDefinition.execute(CoreStepDefinition.java:66)\r\n\tat io.cucumber.core.runner.PickleStepDefinitionMatch.runStep(PickleStepDefinitionMatch.java:63)\r\n\tat io.cucumber.core.runner.ExecutionMode$1.execute(ExecutionMode.java:10)\r\n\tat io.cucumber.core.runner.TestStep.executeStep(TestStep.java:84)\r\n\tat io.cucumber.core.runner.TestStep.run(TestStep.java:56)\r\n\tat io.cucumber.core.runner.PickleStepTestStep.run(PickleStepTestStep.java:51)\r\n\tat io.cucumber.core.runner.TestCase.run(TestCase.java:84)\r\n\tat io.cucumber.core.runner.Runner.runPickle(Runner.java:75)\r\n\tat io.cucumber.junit.PickleRunners$NoStepDescriptions.lambda$run$0(PickleRunners.java:151)\r\n\tat io.cucumber.core.runtime.CucumberExecutionContext.lambda$runTestCase$5(CucumberExecutionContext.java:137)\r\n\tat io.cucumber.core.runtime.RethrowingThrowableCollector.executeAndThrow(RethrowingThrowableCollector.java:23)\r\n\tat io.cucumber.core.runtime.CucumberExecutionContext.runTestCase(CucumberExecutionContext.java:137)\r\n\tat io.cucumber.junit.PickleRunners$NoStepDescriptions.run(PickleRunners.java:148)\r\n\tat io.cucumber.junit.FeatureRunner.runChild(FeatureRunner.java:144)\r\n\tat io.cucumber.junit.FeatureRunner.runChild(FeatureRunner.java:28)\r\n\tat org.junit.runners.ParentRunner$4.run(ParentRunner.java:331)\r\n\tat org.junit.runners.ParentRunner$1.schedule(ParentRunner.java:79)\r\n\tat org.junit.runners.ParentRunner.runChildren(ParentRunner.java:329)\r\n\tat org.junit.runners.ParentRunner.access$100(ParentRunner.java:66)\r\n\tat org.junit.runners.ParentRunner$2.evaluate(ParentRunner.java:293)\r\n\tat org.junit.runners.ParentRunner$3.evaluate(ParentRunner.java:306)\r\n\tat org.junit.runners.ParentRunner.run(ParentRunner.java:413)\r\n\tat io.cucumber.junit.FeatureRunner.run(FeatureRunner.java:137)\r\n\tat io.cucumber.junit.Cucumber.runChild(Cucumber.java:196)\r\n\tat io.cucumber.junit.Cucumber.runChild(Cucumber.java:89)\r\n\tat org.junit.runners.ParentRunner$4.run(ParentRunner.java:331)\r\n\tat org.junit.runners.ParentRunner$1.schedule(ParentRunner.java:79)\r\n\tat org.junit.runners.ParentRunner.runChildren(ParentRunner.java:329)\r\n\tat org.junit.runners.ParentRunner.access$100(ParentRunner.java:66)\r\n\tat org.junit.runners.ParentRunner$2.evaluate(ParentRunner.java:293)\r\n\tat io.cucumber.core.runtime.CucumberExecutionContext.lambda$runFeatures$6(CucumberExecutionContext.java:148)\r\n\tat io.cucumber.core.runtime.CucumberExecutionContext.execute(CucumberExecutionContext.java:163)\r\n\tat io.cucumber.core.runtime.CucumberExecutionContext.runFeatures(CucumberExecutionContext.java:146)\r\n\tat io.cucumber.junit.Cucumber$StartAndFinishTestRun.evaluate(Cucumber.java:226)\r\n\tat org.junit.runners.ParentRunner$3.evaluate(ParentRunner.java:306)\r\n\tat org.junit.runners.ParentRunner.run(ParentRunner.java:413)\r\n\tat org.junit.runner.JUnitCore.run(JUnitCore.java:137)\r\n\tat com.intellij.junit4.JUnit4IdeaTestRunner.startRunnerWithArgs(JUnit4IdeaTestRunner.java:69)\r\n\tat com.intellij.rt.junit.IdeaTestRunner$Repeater$1.execute(IdeaTestRunner.java:38)\r\n\tat com.intellij.rt.execution.junit.TestsRepeater.repeat(TestsRepeater.java:11)\r\n\tat com.intellij.rt.junit.IdeaTestRunner$Repeater.startRunnerWithArgs(IdeaTestRunner.java:35)\r\n\tat com.intellij.rt.junit.JUnitStarter.prepareStreamsAndStart(JUnitStarter.java:231)\r\n\tat com.intellij.rt.junit.JUnitStarter.main(JUnitStarter.java:55)\r\nCaused by: org.openqa.selenium.TimeoutException: Expected condition failed: waiting for alert to be present (tried for 4 second(s) with 200 milliseconds interval)\nBuild info: version: '4.35.0', revision: '1c58e5028b'\nSystem info: os.name: 'Windows 11', os.arch: 'amd64', os.version: '10.0', java.version: '21.0.6'\nDriver info: driver.version: unknown\r\n\tat org.openqa.selenium.support.ui.FluentWait.timeoutException(FluentWait.java:265)\r\n\tat org.openqa.selenium.support.ui.FluentWait.until(FluentWait.java:228)\r\n\tat com.codeborne.selenide.SelenideTargetLocator.alert(SelenideTargetLocator.java:179)\r\n\t... 51 more\r\n"},"stage":"finished","steps":[],"attachments":[],"parameters":[],"start":1759009866317,"stop":1759009870589}],"attachments":[],"parameters":[],"start":1759009866317,"stop":1759009870591},{"name":"And I should see order confirmation with details","status":"skipped","statusDetails":{"known":false,"muted":false,"flaky":false},"stage":"finished","steps":[],"attachments":[],"parameters":[],"start":1759009870592,"stop":1759009870592}],"attachments":[],"parameters":[],"start":1759009853958,"stop":1759009871009}