<?xml version="1.0" encoding="UTF-8"?>
<testsuite xmlns:xsi="http://www.w3.org/2001/XMLSchema-instance" xsi:noNamespaceSchemaLocation="https://maven.apache.org/surefire/maven-surefire-plugin/xsd/surefire-test-report-3.0.xsd" version="3.0" name="tests.ContactModalTest" time="38.196" tests="4" errors="0" skipped="0" failures="0">
  <properties>
[...]
</properties>
  <testcase name="testSendInvalidContactData" classname="tests.ContactModalTest" time="10.13">
    <system-out><![CDATA[02:43:48.210 [main] INFO  base.BaseTest - Setting up base test configuration
02:43:48.214 [main] INFO  base.BaseTest - Base test configuration completed
02:43:48.217 [main] INFO  tests.ContactModalTest - Setting up contact modal test instances
02:43:48.220 [main] INFO  tests.ContactModalTest - Contact modal test setup completed
02:43:48.222 [main] INFO  tests.ContactModalTest - Starting test: Send invalid contact data
02:43:48.222 [main] INFO  pages.HomePage - Opening DemoBlaze home page
02:43:48.223 [main] INFO  c.c.s.WebDriverThreadLocalContainer - No webdriver is bound to current thread: 1 - let's create a new webdriver
02:43:51.031 [main] INFO  c.c.s.webdriver.BrowserResizer - Set browser size to 1920x1080
02:43:51.057 [main] INFO  c.c.s.webdriver.WebDriverFactory - Selenide 7.10.0 / Selenium 4.35.0 / firefox 143.0.1 linux
02:43:53.223 [main] INFO  pages.HomePage - Home page opened successfully
02:43:53.499 [main] INFO  pages.ContactModal - Verifying contact modal is visible
02:43:53.918 [main] INFO  pages.ContactModal - Contact form fields verified successfully
02:43:53.920 [main] INFO  pages.ContactModal - Filling complete contact form for: 1234567890- (1234567890-)
02:43:53.921 [main] INFO  pages.ContactModal - Filling contact email field with: 1234567890-
02:43:54.043 [main] INFO  pages.ContactModal - Filling contact name field with: 1234567890-
02:43:54.103 [main] INFO  pages.ContactModal - Filling message field
02:43:54.195 [main] INFO  pages.ContactModal - Contact form filled successfully for: 1234567890-
02:43:54.197 [main] INFO  pages.ContactModal - Clicking 'Send message' button
02:43:54.396 [main] INFO  pages.ContactModal - Send message button clicked successfully
02:43:55.405 [main] INFO  tests.ContactModalTest - Alert message: Thanks for the message!!
02:43:55.440 [main] INFO  pages.HomePage - Verifying categories section
02:43:56.354 [main] INFO  pages.HomePage - Categories section verified successfully
02:43:56.354 [main] INFO  tests.ContactModalTest - Test completed successfully: Send invalid contact data
02:43:56.355 [main] INFO  base.BaseTest - Cleaning up test resources
02:43:58.332 [main] INFO  base.BaseTest - Test cleanup completed
02:43:58.335 [main] INFO  utils.TestListener - Test passed: Test sending invalid contact data
]]></system-out>
  </testcase>
  <testcase name="testSendEmptyContactData" classname="tests.ContactModalTest" time="8.146">
    <system-out><![CDATA[02:43:58.398 [main] INFO  base.BaseTest - Setting up base test configuration
02:43:58.403 [main] INFO  base.BaseTest - Base test configuration completed
02:43:58.405 [main] INFO  tests.ContactModalTest - Setting up contact modal test instances
02:43:58.407 [main] INFO  tests.ContactModalTest - Contact modal test setup completed
02:43:58.409 [main] INFO  tests.ContactModalTest - Starting test: Send empty contact data
02:43:58.409 [main] INFO  pages.HomePage - Opening DemoBlaze home page
02:43:58.410 [main] INFO  c.c.s.WebDriverThreadLocalContainer - No webdriver is bound to current thread: 1 - let's create a new webdriver
02:44:01.428 [main] INFO  c.c.s.webdriver.BrowserResizer - Set browser size to 1920x1080
02:44:01.449 [main] INFO  c.c.s.webdriver.WebDriverFactory - Selenide 7.10.0 / Selenium 4.35.0 / firefox 143.0.1 linux
02:44:03.749 [main] INFO  pages.HomePage - Home page opened successfully
02:44:04.015 [main] INFO  pages.ContactModal - Verifying contact modal is visible
02:44:04.376 [main] INFO  pages.ContactModal - Contact form fields verified successfully
02:44:04.376 [main] INFO  pages.ContactModal - Clicking 'Send message' button
02:44:04.512 [main] INFO  pages.ContactModal - Send message button clicked successfully
02:44:05.526 [main] INFO  tests.ContactModalTest - Alert message: Thanks for the message!!
02:44:05.553 [main] INFO  tests.ContactModalTest - Test completed successfully: Send empty contact data
02:44:05.554 [main] INFO  base.BaseTest - Cleaning up test resources
02:44:06.542 [main] INFO  base.BaseTest - Test cleanup completed
02:44:06.543 [main] INFO  utils.TestListener - Test passed: Test sending empty contact data
]]></system-out>
  </testcase>
  <testcase name="testSendValidContactData" classname="tests.ContactModalTest" time="8.472">
    <system-out><![CDATA[02:44:06.569 [main] INFO  base.BaseTest - Setting up base test configuration
02:44:06.569 [main] INFO  base.BaseTest - Base test configuration completed
02:44:06.570 [main] INFO  tests.ContactModalTest - Setting up contact modal test instances
02:44:06.571 [main] INFO  tests.ContactModalTest - Contact modal test setup completed
02:44:06.571 [main] INFO  tests.ContactModalTest - Starting test: Send valid contact data
02:44:06.571 [main] INFO  pages.HomePage - Opening DemoBlaze home page
02:44:06.572 [main] INFO  c.c.s.WebDriverThreadLocalContainer - No webdriver is bound to current thread: 1 - let's create a new webdriver
02:44:09.846 [main] INFO  c.c.s.webdriver.BrowserResizer - Set browser size to 1920x1080
02:44:09.871 [main] INFO  c.c.s.webdriver.WebDriverFactory - Selenide 7.10.0 / Selenium 4.35.0 / firefox 143.0.1 linux
02:44:12.037 [main] INFO  pages.HomePage - Home page opened successfully
02:44:12.240 [main] INFO  pages.ContactModal - Verifying contact modal is visible
02:44:12.650 [main] INFO  pages.ContactModal - Contact form fields verified successfully
02:44:12.651 [main] INFO  pages.ContactModal - Filling complete contact form for: Emmanuel Arhu (emmanuel@example.com)
02:44:12.652 [main] INFO  pages.ContactModal - Filling contact email field with: emmanuel@example.com
02:44:12.748 [main] INFO  pages.ContactModal - Filling contact name field with: Emmanuel Arhu
02:44:12.801 [main] INFO  pages.ContactModal - Filling message field
02:44:12.859 [main] INFO  pages.ContactModal - Contact form filled successfully for: Emmanuel Arhu
02:44:12.859 [main] INFO  pages.ContactModal - Clicking 'Send message' button
02:44:13.019 [main] INFO  pages.ContactModal - Send message button clicked successfully
02:44:14.031 [main] INFO  tests.ContactModalTest - Alert message: Thanks for the message!!
02:44:14.059 [main] INFO  tests.ContactModalTest - Test completed successfully: Send valid contact data
02:44:14.060 [main] INFO  base.BaseTest - Cleaning up test resources
02:44:15.038 [main] INFO  base.BaseTest - Test cleanup completed
02:44:15.039 [main] INFO  utils.TestListener - Test passed: Test sending valid contact data
]]></system-out>
  </testcase>
  <testcase name="testContactModalClose" classname="tests.ContactModalTest" time="10.437">
    <system-out><![CDATA[02:44:15.458 [main] INFO  base.BaseTest - Setting up base test configuration
02:44:15.533 [main] INFO  base.BaseTest - Base test configuration completed
02:44:15.536 [main] INFO  tests.ContactModalTest - Setting up contact modal test instances
02:44:15.545 [main] INFO  tests.ContactModalTest - Contact modal test setup completed
02:44:15.546 [main] INFO  tests.ContactModalTest - Starting test: Contact modal close functionality
02:44:15.547 [main] INFO  pages.HomePage - Opening DemoBlaze home page
02:44:15.550 [main] INFO  c.c.s.WebDriverThreadLocalContainer - No webdriver is bound to current thread: 1 - let's create a new webdriver
02:44:21.228 [main] INFO  c.c.s.webdriver.BrowserResizer - Set browser size to 1920x1080
02:44:21.254 [main] INFO  c.c.s.webdriver.WebDriverFactory - Selenide 7.10.0 / Selenium 4.35.0 / firefox 143.0.1 linux
02:44:23.327 [main] INFO  pages.HomePage - Home page opened successfully
02:44:23.327 [main] INFO  tests.ContactModalTest - Clicking Contact link to open modal
02:44:24.604 [main] INFO  pages.ContactModal - Verifying contact modal is visible
02:44:24.665 [main] INFO  pages.ContactModal - Contact form fields verified successfully
02:44:24.666 [main] INFO  pages.ContactModal - Filling contact email field with: test@example.com
02:44:24.767 [main] INFO  pages.ContactModal - Filling contact name field with: Test User
02:44:24.826 [main] INFO  pages.ContactModal - Clicking 'Close' button to close contact modal
02:44:24.908 [main] INFO  pages.ContactModal - Contact modal closed successfully
02:44:24.908 [main] INFO  tests.ContactModalTest - Test completed successfully: Contact modal close functionality
02:44:24.909 [main] INFO  base.BaseTest - Cleaning up test resources
02:44:25.892 [main] INFO  base.BaseTest - Test cleanup completed
02:44:25.893 [main] INFO  utils.TestListener - Test passed: Test contact modal close functionality
]]></system-out>
  </testcase>
</testsuite>