<?xml version="1.0" encoding="UTF-8"?>
<testsuite xmlns:xsi="http://www.w3.org/2001/XMLSchema-instance" xsi:noNamespaceSchemaLocation="https://maven.apache.org/surefire/maven-surefire-plugin/xsd/surefire-test-report-3.0.xsd" version="3.0" name="tests.HomePageTest" time="34.236" tests="7" errors="0" skipped="0" failures="0">
  <properties>
[...]
</properties>
  <testcase name="testNavigationBarElements" classname="tests.HomePageTest" time="3.19">
    <system-out><![CDATA[10:59:25.552 [main] INFO  base.BaseTest - Setting up base test configuration
10:59:25.553 [main] INFO  base.BaseTest - Base test configuration completed
10:59:25.555 [main] INFO  tests.HomePageTest - Setting up test instances
10:59:25.556 [main] INFO  tests.HomePageTest - Test setup completed
10:59:25.557 [main] INFO  tests.HomePageTest - Starting test: Verify navigation bar elements
10:59:25.557 [main] INFO  pages.HomePage - Opening DemoBlaze home page
10:59:25.557 [main] INFO  c.c.s.WebDriverThreadLocalContainer - No webdriver is bound to current thread: 1 - let's create a new webdriver
10:59:26.031 [main] INFO  c.c.s.webdriver.WebDriverFactory - Selenide 7.10.0 / Selenium 4.35.0 / chrome 140.0.7339.207 linux
10:59:28.140 [main] INFO  pages.HomePage - Home page opened successfully
10:59:28.140 [main] INFO  pages.HomePage - Verifying navigation elements are visible
10:59:28.616 [main] INFO  pages.HomePage - All navigation elements verified successfully
10:59:28.616 [main] INFO  tests.HomePageTest - Test completed successfully: Verify navigation bar elements
10:59:28.616 [main] INFO  base.BaseTest - Cleaning up test resources
10:59:28.742 [main] INFO  base.BaseTest - Test cleanup completed
10:59:28.742 [main] INFO  utils.TestListener - Test passed: Verify navigation bar elements are visible
]]></system-out>
    <system-err><![CDATA[Sep 29, 2025 10:59:26 AM org.openqa.selenium.devtools.CdpVersionFinder findNearestMatch
WARNING: Unable to find an exact match for CDP version 140, returning the closest version; found: 139; Please update to a Selenium version that supports CDP version 140
]]></system-err>
  </testcase>
  <testcase name="testCategoriesSection" classname="tests.HomePageTest" time="2.985">
    <system-out><![CDATA[10:59:28.746 [main] INFO  base.BaseTest - Setting up base test configuration
10:59:28.746 [main] INFO  base.BaseTest - Base test configuration completed
10:59:28.746 [main] INFO  tests.HomePageTest - Setting up test instances
10:59:28.747 [main] INFO  tests.HomePageTest - Test setup completed
10:59:28.747 [main] INFO  tests.HomePageTest - Starting test: Verify categories section
10:59:28.747 [main] INFO  pages.HomePage - Opening DemoBlaze home page
10:59:28.747 [main] INFO  c.c.s.WebDriverThreadLocalContainer - No webdriver is bound to current thread: 1 - let's create a new webdriver
10:59:29.237 [main] INFO  c.c.s.webdriver.WebDriverFactory - Selenide 7.10.0 / Selenium 4.35.0 / chrome 140.0.7339.207 linux
10:59:31.267 [main] INFO  pages.HomePage - Home page opened successfully
10:59:31.267 [main] INFO  pages.HomePage - Verifying categories section
10:59:31.586 [main] INFO  pages.HomePage - Categories section verified successfully
10:59:31.586 [main] INFO  tests.HomePageTest - Test completed successfully: Verify categories section
10:59:31.587 [main] INFO  base.BaseTest - Cleaning up test resources
10:59:31.730 [main] INFO  base.BaseTest - Test cleanup completed
10:59:31.731 [main] INFO  utils.TestListener - Test passed: Verify categories section is visible
]]></system-out>
    <system-err><![CDATA[Sep 29, 2025 10:59:29 AM org.openqa.selenium.devtools.CdpVersionFinder findNearestMatch
WARNING: Unable to find an exact match for CDP version 140, returning the closest version; found: 139; Please update to a Selenium version that supports CDP version 140
]]></system-err>
  </testcase>
  <testcase name="testNexusProductDetails" classname="tests.HomePageTest" time="5.971">
    <system-out><![CDATA[10:59:31.736 [main] INFO  base.BaseTest - Setting up base test configuration
10:59:31.736 [main] INFO  base.BaseTest - Base test configuration completed
10:59:31.736 [main] INFO  tests.HomePageTest - Setting up test instances
10:59:31.736 [main] INFO  tests.HomePageTest - Test setup completed
10:59:31.737 [main] INFO  tests.HomePageTest - Starting test: Verify Nexus product details
10:59:31.737 [main] INFO  pages.HomePage - Opening DemoBlaze home page
10:59:31.737 [main] INFO  c.c.s.WebDriverThreadLocalContainer - No webdriver is bound to current thread: 1 - let's create a new webdriver
10:59:32.221 [main] INFO  c.c.s.webdriver.WebDriverFactory - Selenide 7.10.0 / Selenium 4.35.0 / chrome 140.0.7339.207 linux
10:59:34.697 [main] INFO  pages.HomePage - Home page opened successfully
10:59:34.698 [main] INFO  pages.HomePage - Verifying product details for: Nexus 6 with price: $650
10:59:35.495 [main] INFO  pages.HomePage - Product details verified successfully for: Nexus 6
10:59:35.495 [main] INFO  pages.HomePage - Clicking on first product: Nexus 6
10:59:36.319 [main] INFO  pages.HomePage - Successfully clicked on first product: Nexus 6
10:59:36.319 [main] INFO  pages.ProductDetailsPage - Verifying product image is visible
10:59:37.056 [main] INFO  pages.ProductDetailsPage - Product image verified successfully
10:59:37.056 [main] INFO  pages.ProductDetailsPage - Verifying product details for: Nexus 6 with price: $650 *includes tax
10:59:37.149 [main] INFO  pages.ProductDetailsPage - Product details verified successfully for: Nexus 6
10:59:37.150 [main] INFO  pages.ProductDetailsPage - Navigating back to home page
10:59:37.594 [main] INFO  pages.ProductDetailsPage - Successfully navigated to home page
10:59:37.594 [main] INFO  tests.HomePageTest - Test completed successfully: Verify Nexus product details
10:59:37.595 [main] INFO  base.BaseTest - Cleaning up test resources
10:59:37.706 [main] INFO  base.BaseTest - Test cleanup completed
10:59:37.706 [main] INFO  utils.TestListener - Test passed: Verify Nexus product details
]]></system-out>
    <system-err><![CDATA[Sep 29, 2025 10:59:32 AM org.openqa.selenium.devtools.CdpVersionFinder findNearestMatch
WARNING: Unable to find an exact match for CDP version 140, returning the closest version; found: 139; Please update to a Selenium version that supports CDP version 140
]]></system-err>
  </testcase>
  <testcase name="testSamsungGalaxyS6ProductDetails" classname="tests.HomePageTest" time="5.888">
    <system-out><![CDATA[10:59:37.710 [main] INFO  base.BaseTest - Setting up base test configuration
10:59:37.710 [main] INFO  base.BaseTest - Base test configuration completed
10:59:37.710 [main] INFO  tests.HomePageTest - Setting up test instances
10:59:37.710 [main] INFO  tests.HomePageTest - Test setup completed
10:59:37.711 [main] INFO  tests.HomePageTest - Starting test: Verify Samsung Galaxy S6 product details
10:59:37.711 [main] INFO  pages.HomePage - Opening DemoBlaze home page
10:59:37.711 [main] INFO  c.c.s.WebDriverThreadLocalContainer - No webdriver is bound to current thread: 1 - let's create a new webdriver
10:59:38.432 [main] INFO  c.c.s.webdriver.WebDriverFactory - Selenide 7.10.0 / Selenium 4.35.0 / chrome 140.0.7339.207 linux
10:59:40.314 [main] INFO  pages.HomePage - Home page opened successfully
10:59:40.314 [main] INFO  pages.HomePage - Verifying product details for: Samsung galaxy s6 with price: $360
10:59:41.369 [main] INFO  pages.HomePage - Product details verified successfully for: Samsung galaxy s6
10:59:41.369 [main] INFO  pages.HomePage - Clicking on first product: Samsung galaxy s6
10:59:42.047 [main] INFO  pages.HomePage - Successfully clicked on first product: Samsung galaxy s6
10:59:42.048 [main] INFO  pages.ProductDetailsPage - Verifying product image is visible
10:59:42.788 [main] INFO  pages.ProductDetailsPage - Product image verified successfully
10:59:42.788 [main] INFO  pages.ProductDetailsPage - Verifying product details for: Samsung galaxy s6 with price: $360 *includes tax
10:59:42.893 [main] INFO  pages.ProductDetailsPage - Product details verified successfully for: Samsung galaxy s6
10:59:42.894 [main] INFO  pages.ProductDetailsPage - Navigating back to home page
10:59:43.431 [main] INFO  pages.ProductDetailsPage - Successfully navigated to home page
10:59:43.431 [main] INFO  tests.HomePageTest - Test completed successfully: Verify Samsung Galaxy S6 product details
10:59:43.432 [main] INFO  base.BaseTest - Cleaning up test resources
10:59:43.597 [main] INFO  base.BaseTest - Test cleanup completed
10:59:43.597 [main] INFO  utils.TestListener - Test passed: Verify Samsung Galaxy S6 product details
]]></system-out>
    <system-err><![CDATA[Sep 29, 2025 10:59:38 AM org.openqa.selenium.devtools.CdpVersionFinder findNearestMatch
WARNING: Unable to find an exact match for CDP version 140, returning the closest version; found: 139; Please update to a Selenium version that supports CDP version 140
]]></system-err>
  </testcase>
  <testcase name="testAllProductsAndFooterElements" classname="tests.HomePageTest" time="4.099">
    <system-out><![CDATA[10:59:43.603 [main] INFO  base.BaseTest - Setting up base test configuration
10:59:43.603 [main] INFO  base.BaseTest - Base test configuration completed
10:59:43.603 [main] INFO  tests.HomePageTest - Setting up test instances
10:59:43.603 [main] INFO  tests.HomePageTest - Test setup completed
10:59:43.604 [main] INFO  tests.HomePageTest - Starting test: Verify all products and footer elements
10:59:43.604 [main] INFO  pages.HomePage - Opening DemoBlaze home page
10:59:43.604 [main] INFO  c.c.s.WebDriverThreadLocalContainer - No webdriver is bound to current thread: 1 - let's create a new webdriver
10:59:44.207 [main] INFO  c.c.s.webdriver.WebDriverFactory - Selenide 7.10.0 / Selenium 4.35.0 / chrome 140.0.7339.207 linux
10:59:46.087 [main] INFO  pages.HomePage - Home page opened successfully
10:59:46.087 [main] INFO  pages.HomePage - Verifying product details for: Samsung galaxy s7 with price: $800
10:59:47.138 [main] INFO  pages.HomePage - Product details verified successfully for: Samsung galaxy s7
10:59:47.138 [main] INFO  pages.HomePage - Verifying product details for: Iphone 6 32gb with price: $790
10:59:47.237 [main] INFO  pages.HomePage - Product details verified successfully for: Iphone 6 32gb
10:59:47.237 [main] INFO  pages.HomePage - Verifying product details for: Sony xperia z5 with price: $320
10:59:47.324 [main] INFO  pages.HomePage - Product details verified successfully for: Sony xperia z5
10:59:47.324 [main] INFO  pages.HomePage - Verifying product navigation buttons
10:59:47.395 [main] INFO  pages.HomePage - Product navigation buttons verified successfully
10:59:47.395 [main] INFO  pages.HomePage - Verifying footer elements
10:59:47.573 [main] INFO  pages.HomePage - Footer elements verified successfully
10:59:47.573 [main] INFO  tests.HomePageTest - Test completed successfully: Verify all products and footer elements
10:59:47.573 [main] INFO  base.BaseTest - Cleaning up test resources
10:59:47.700 [main] INFO  base.BaseTest - Test cleanup completed
10:59:47.700 [main] INFO  utils.TestListener - Test passed: Verify all products and footer elements on home page
]]></system-out>
    <system-err><![CDATA[Sep 29, 2025 10:59:44 AM org.openqa.selenium.devtools.CdpVersionFinder findNearestMatch
WARNING: Unable to find an exact match for CDP version 140, returning the closest version; found: 139; Please update to a Selenium version that supports CDP version 140
]]></system-err>
  </testcase>
  <testcase name="testNokiaLumiaProductDetails" classname="tests.HomePageTest" time="8.663">
    <system-out><![CDATA[10:59:47.705 [main] INFO  base.BaseTest - Setting up base test configuration
10:59:47.705 [main] INFO  base.BaseTest - Base test configuration completed
10:59:47.706 [main] INFO  tests.HomePageTest - Setting up test instances
10:59:47.706 [main] INFO  tests.HomePageTest - Test setup completed
10:59:47.706 [main] INFO  tests.HomePageTest - Starting test: Verify Nokia Lumia product details
10:59:47.706 [main] INFO  pages.HomePage - Opening DemoBlaze home page
10:59:47.706 [main] INFO  c.c.s.WebDriverThreadLocalContainer - No webdriver is bound to current thread: 1 - let's create a new webdriver
10:59:48.329 [main] INFO  c.c.s.webdriver.WebDriverFactory - Selenide 7.10.0 / Selenium 4.35.0 / chrome 140.0.7339.207 linux
10:59:50.212 [main] INFO  pages.HomePage - Home page opened successfully
10:59:50.212 [main] INFO  pages.HomePage - Verifying product details for: Nokia lumia 1520 with price: $820
10:59:50.264 [main] INFO  pages.HomePage - Product details verified successfully for: Nokia lumia 1520
10:59:50.264 [main] INFO  pages.HomePage - Clicking on first product: Nokia lumia 1520
10:59:54.776 [main] INFO  pages.HomePage - Successfully clicked on first product: Nokia lumia 1520
10:59:54.776 [main] INFO  pages.ProductDetailsPage - Verifying product image is visible
10:59:55.515 [main] INFO  pages.ProductDetailsPage - Product image verified successfully
10:59:55.515 [main] INFO  pages.ProductDetailsPage - Verifying product details for: Nokia lumia 1520 with price: $820 *includes tax
10:59:55.615 [main] INFO  pages.ProductDetailsPage - Product details verified successfully for: Nokia lumia 1520
10:59:55.615 [main] INFO  pages.ProductDetailsPage - Navigating back to home page
10:59:56.083 [main] INFO  pages.ProductDetailsPage - Successfully navigated to home page
10:59:56.083 [main] INFO  tests.HomePageTest - Test completed successfully: Verify Nokia Lumia product details
10:59:56.083 [main] INFO  base.BaseTest - Cleaning up test resources
10:59:56.368 [main] INFO  base.BaseTest - Test cleanup completed
10:59:56.368 [main] INFO  utils.TestListener - Test passed: Verify Nokia Lumia product details
]]></system-out>
    <system-err><![CDATA[Sep 29, 2025 10:59:48 AM org.openqa.selenium.devtools.CdpVersionFinder findNearestMatch
WARNING: Unable to find an exact match for CDP version 140, returning the closest version; found: 139; Please update to a Selenium version that supports CDP version 140
]]></system-err>
  </testcase>
  <testcase name="testHomePageBasicElements" classname="tests.HomePageTest" time="3.406">
    <system-out><![CDATA[10:59:56.375 [main] INFO  base.BaseTest - Setting up base test configuration
10:59:56.375 [main] INFO  base.BaseTest - Base test configuration completed
10:59:56.375 [main] INFO  tests.HomePageTest - Setting up test instances
10:59:56.376 [main] INFO  tests.HomePageTest - Test setup completed
10:59:56.379 [main] INFO  tests.HomePageTest - Starting test: Verify home page basic elements
10:59:56.381 [main] INFO  pages.HomePage - Opening DemoBlaze home page
10:59:56.381 [main] INFO  c.c.s.WebDriverThreadLocalContainer - No webdriver is bound to current thread: 1 - let's create a new webdriver
10:59:56.969 [main] INFO  c.c.s.webdriver.WebDriverFactory - Selenide 7.10.0 / Selenium 4.35.0 / chrome 140.0.7339.207 linux
10:59:59.016 [main] INFO  pages.HomePage - Home page opened successfully
10:59:59.016 [main] INFO  pages.HomePage - Verifying navigation elements are visible
10:59:59.587 [main] INFO  pages.HomePage - All navigation elements verified successfully
10:59:59.587 [main] INFO  pages.HomePage - Verifying carousel elements are visible
10:59:59.653 [main] INFO  pages.HomePage - Carousel elements verified successfully
10:59:59.653 [main] INFO  tests.HomePageTest - Test completed successfully: Verify home page basic elements
10:59:59.654 [main] INFO  base.BaseTest - Cleaning up test resources
10:59:59.780 [main] INFO  base.BaseTest - Test cleanup completed
10:59:59.780 [main] INFO  utils.TestListener - Test passed: Verify home page basic elements are visible
]]></system-out>
    <system-err><![CDATA[Sep 29, 2025 10:59:56 AM org.openqa.selenium.devtools.CdpVersionFinder findNearestMatch
WARNING: Unable to find an exact match for CDP version 140, returning the closest version; found: 139; Please update to a Selenium version that supports CDP version 140
]]></system-err>
  </testcase>
</testsuite>