<?xml version="1.0" encoding="UTF-8"?>
<testsuite xmlns:xsi="http://www.w3.org/2001/XMLSchema-instance" xsi:noNamespaceSchemaLocation="https://maven.apache.org/surefire/maven-surefire-plugin/xsd/surefire-test-report-3.0.xsd" version="3.0" name="runners.CucumberTestRunner" time="353.655" tests="33" errors="0" skipped="0" failures="8">
  <properties>
[...]
</properties>
  <testcase name="Add product to cart successfully" classname="DemoBlaze Shopping Cart" time="16.83">
    <system-out><![CDATA[04:45:22,566 |-INFO in ch.qos.logback.classic.LoggerContext[default] - This is logback-classic version 1.4.14
04:45:22,572 |-INFO in ch.qos.logback.classic.util.ContextInitializer@41394595 - No custom configurators were discovered as a service.
04:45:22,572 |-INFO in ch.qos.logback.classic.util.ContextInitializer@41394595 - Trying to configure with ch.qos.logback.classic.joran.SerializedModelConfigurator
04:45:22,578 |-INFO in ch.qos.logback.classic.util.ContextInitializer@41394595 - Constructed configurator of type class ch.qos.logback.classic.joran.SerializedModelConfigurator
04:45:22,611 |-INFO in ch.qos.logback.classic.LoggerContext[default] - Could NOT find resource [logback-test.scmo]
04:45:22,611 |-INFO in ch.qos.logback.classic.LoggerContext[default] - Could NOT find resource [logback.scmo]
04:45:22,635 |-INFO in ch.qos.logback.classic.util.ContextInitializer@41394595 - ch.qos.logback.classic.joran.SerializedModelConfigurator.configure() call lasted 33 milliseconds. ExecutionStatus=INVOKE_NEXT_IF_ANY
04:45:22,635 |-INFO in ch.qos.logback.classic.util.ContextInitializer@41394595 - Trying to configure with ch.qos.logback.classic.util.DefaultJoranConfigurator
04:45:22,644 |-INFO in ch.qos.logback.classic.util.ContextInitializer@41394595 - Constructed configurator of type class ch.qos.logback.classic.util.DefaultJoranConfigurator
04:45:22,653 |-INFO in ch.qos.logback.classic.LoggerContext[default] - Found resource [logback-test.xml] at [file:/E:/Courses/Amalitech%20GTP/Projects/demoblazeProjectPlaywright/target/test-classes/logback-test.xml]
04:45:23,330 |-INFO in ch.qos.logback.core.model.processor.AppenderModelHandler - Processing appender named [CONSOLE]
04:45:23,330 |-INFO in ch.qos.logback.core.model.processor.AppenderModelHandler - About to instantiate appender of type [ch.qos.logback.core.ConsoleAppender]
04:45:23,378 |-INFO in ch.qos.logback.core.model.processor.ImplicitModelHandler - Assuming default type [ch.qos.logback.classic.encoder.PatternLayoutEncoder] for [encoder] property
04:45:23,647 |-INFO in ch.qos.logback.core.model.processor.AppenderModelHandler - Processing appender named [FILE]
04:45:23,647 |-INFO in ch.qos.logback.core.model.processor.AppenderModelHandler - About to instantiate appender of type [ch.qos.logback.core.rolling.RollingFileAppender]
04:45:23,702 |-INFO in c.q.l.core.rolling.TimeBasedRollingPolicy@973604791 - setting totalSizeCap to 100 MB
04:45:23,713 |-INFO in c.q.l.core.rolling.TimeBasedRollingPolicy@973604791 - No compression will be used
04:45:23,719 |-INFO in c.q.l.core.rolling.TimeBasedRollingPolicy@973604791 - Will use the pattern target/logs/test-execution.%d{yyyy-MM-dd}.%i.log for the active file
04:45:23,753 |-INFO in ch.qos.logback.core.rolling.SizeAndTimeBasedFNATP@21a5fd96 - The date pattern is 'yyyy-MM-dd' from file name pattern 'target/logs/test-execution.%d{yyyy-MM-dd}.%i.log'.
04:45:23,753 |-INFO in ch.qos.logback.core.rolling.SizeAndTimeBasedFNATP@21a5fd96 - Roll-over at midnight.
04:45:23,757 |-INFO in ch.qos.logback.core.rolling.SizeAndTimeBasedFNATP@21a5fd96 - Setting initial period to 2025-09-25T02:52:14.545Z
04:45:23,760 |-WARN in ch.qos.logback.core.rolling.SizeAndTimeBasedFNATP@21a5fd96 - SizeAndTimeBasedFNATP is deprecated. Use SizeAndTimeBasedRollingPolicy instead
04:45:23,760 |-WARN in ch.qos.logback.core.rolling.SizeAndTimeBasedFNATP@21a5fd96 - For more information see http://logback.qos.ch/manual/appenders.html#SizeAndTimeBasedRollingPolicy
04:45:23,773 |-INFO in ch.qos.logback.core.model.processor.ImplicitModelHandler - Assuming default type [ch.qos.logback.classic.encoder.PatternLayoutEncoder] for [encoder] property
04:45:23,787 |-INFO in ch.qos.logback.core.rolling.RollingFileAppender[FILE] - Active log file name: target/logs/test-execution.log
04:45:23,787 |-INFO in ch.qos.logback.core.rolling.RollingFileAppender[FILE] - File property is set to [target/logs/test-execution.log]
04:45:23,793 |-INFO in ch.qos.logback.core.model.processor.AppenderModelHandler - Processing appender named [PAGE_ACTIONS]
04:45:23,793 |-INFO in ch.qos.logback.core.model.processor.AppenderModelHandler - About to instantiate appender of type [ch.qos.logback.core.rolling.RollingFileAppender]
04:45:23,793 |-INFO in c.q.l.core.rolling.TimeBasedRollingPolicy@1466558382 - setting totalSizeCap to 100 MB
04:45:23,793 |-INFO in c.q.l.core.rolling.TimeBasedRollingPolicy@1466558382 - No compression will be used
04:45:23,793 |-INFO in c.q.l.core.rolling.TimeBasedRollingPolicy@1466558382 - Will use the pattern target/logs/page-actions.%d{yyyy-MM-dd}.%i.log for the active file
04:45:23,795 |-INFO in ch.qos.logback.core.rolling.SizeAndTimeBasedFNATP@5c77053b - The date pattern is 'yyyy-MM-dd' from file name pattern 'target/logs/page-actions.%d{yyyy-MM-dd}.%i.log'.
04:45:23,795 |-INFO in ch.qos.logback.core.rolling.SizeAndTimeBasedFNATP@5c77053b - Roll-over at midnight.
04:45:23,796 |-INFO in ch.qos.logback.core.rolling.SizeAndTimeBasedFNATP@5c77053b - Setting initial period to 2025-09-25T02:52:13.211Z
04:45:23,796 |-WARN in ch.qos.logback.core.rolling.SizeAndTimeBasedFNATP@5c77053b - SizeAndTimeBasedFNATP is deprecated. Use SizeAndTimeBasedRollingPolicy instead
04:45:23,796 |-WARN in ch.qos.logback.core.rolling.SizeAndTimeBasedFNATP@5c77053b - For more information see http://logback.qos.ch/manual/appenders.html#SizeAndTimeBasedRollingPolicy
04:45:23,796 |-INFO in ch.qos.logback.core.model.processor.ImplicitModelHandler - Assuming default type [ch.qos.logback.classic.encoder.PatternLayoutEncoder] for [encoder] property
04:45:23,800 |-INFO in ch.qos.logback.core.rolling.RollingFileAppender[PAGE_ACTIONS] - Active log file name: target/logs/page-actions.log
04:45:23,800 |-INFO in ch.qos.logback.core.rolling.RollingFileAppender[PAGE_ACTIONS] - File property is set to [target/logs/page-actions.log]
04:45:23,800 |-INFO in ch.qos.logback.classic.model.processor.LoggerModelHandler - Setting level of logger [pages] to INFO
04:45:23,807 |-INFO in ch.qos.logback.classic.model.processor.LoggerModelHandler - Setting additivity of logger [pages] to false
04:45:23,807 |-INFO in ch.qos.logback.core.model.processor.AppenderRefModelHandler - Attaching appender named [PAGE_ACTIONS] to Logger[pages]
04:45:23,810 |-INFO in ch.qos.logback.core.model.processor.AppenderRefModelHandler - Attaching appender named [CONSOLE] to Logger[pages]
04:45:23,810 |-INFO in ch.qos.logback.classic.model.processor.LoggerModelHandler - Setting level of logger [tests] to INFO
04:45:23,810 |-INFO in ch.qos.logback.classic.model.processor.LoggerModelHandler - Setting additivity of logger [tests] to false
04:45:23,810 |-INFO in ch.qos.logback.core.model.processor.AppenderRefModelHandler - Attaching appender named [FILE] to Logger[tests]
04:45:23,810 |-INFO in ch.qos.logback.core.model.processor.AppenderRefModelHandler - Attaching appender named [CONSOLE] to Logger[tests]
04:45:23,810 |-INFO in ch.qos.logback.classic.model.processor.LoggerModelHandler - Setting level of logger [com.codeborne.selenide] to INFO
04:45:23,810 |-INFO in ch.qos.logback.classic.model.processor.RootLoggerModelHandler - Setting level of ROOT logger to INFO
04:45:23,810 |-INFO in ch.qos.logback.core.model.processor.AppenderRefModelHandler - Attaching appender named [CONSOLE] to Logger[ROOT]
04:45:23,810 |-INFO in ch.qos.logback.core.model.processor.AppenderRefModelHandler - Attaching appender named [FILE] to Logger[ROOT]
04:45:23,810 |-INFO in ch.qos.logback.core.model.processor.DefaultProcessor@26b894bd - End of configuration.
04:45:23,813 |-INFO in ch.qos.logback.classic.joran.JoranConfigurator@287f94b1 - Registering current configuration as safe fallback point
04:45:23,813 |-INFO in ch.qos.logback.classic.util.ContextInitializer@41394595 - ch.qos.logback.classic.util.DefaultJoranConfigurator.configure() call lasted 1169 milliseconds. ExecutionStatus=DO_NOT_INVOKE_NEXT_IF_ANY


@Cart @UI @regression @AddToCart @Smoke
Scenario: Add product to cart successfully          # src/test/resources/features/Cart.feature:11
04:45:29.913 [main] INFO  hooks.Hooks - Starting BDD scenario: Add product to cart successfully
04:45:29.984 [main] INFO  hooks.Hooks - BDD test environment configured for scenario: Add product to cart successfully
04:45:30.934 [main] INFO  stepDefinitions.HomePageSteps - BDD Step: Navigating to DemoBlaze home page
04:45:30.935 [main] INFO  pages.HomePage - BDD: Opening home page
04:45:30.936 [main] INFO  pages.HomePage - Opening DemoBlaze home page
04:45:30.957 [main] INFO  c.c.s.WebDriverThreadLocalContainer - No webdriver is bound to current thread: 1 - let's create a new webdriver
04:45:37.392 [main] INFO  c.c.s.webdriver.WebDriverFactory - Selenide 7.10.0 / Selenium 4.35.0 / chrome 140.0.7339.185 windows
04:45:39.867 [main] INFO  pages.HomePage - Home page opened successfully
  Given I navigate to the DemoBlaze home page       # stepDefinitions.HomePageSteps.i_navigate_to_the_demoblaze_home_page()
04:45:39.900 [main] INFO  stepDefinitions.HomePageSteps - BDD Step: Clicking on product Samsung galaxy s6
04:45:39.901 [main] INFO  pages.HomePage - BDD: Clicking on first product: Samsung galaxy s6
04:45:39.901 [main] INFO  pages.HomePage - Clicking on first product: Samsung galaxy s6
04:45:41.558 [main] INFO  pages.HomePage - Successfully clicked on first product: Samsung galaxy s6
  When I click on "Samsung galaxy s6" product       # stepDefinitions.HomePageSteps.i_click_on_product(java.lang.String)
04:45:41.565 [main] INFO  stepDefinitions.CartSteps - BDD Step: Clicking Add to cart cart button
04:45:41.565 [main] INFO  pages.ProductDetailsPage - BDD: Adding product to cart
04:45:41.565 [main] INFO  pages.ProductDetailsPage - Clicking 'Add to cart' button
04:45:42.476 [main] INFO  pages.ProductDetailsPage - Successfully clicked 'Add to cart' button
  And I click "Add to cart" cart button             # stepDefinitions.CartSteps.i_click_cart_button(java.lang.String)
04:45:42.480 [main] INFO  stepDefinitions.CartSteps - BDD Step: Verifying success alert: Product added
  Then I should see success alert "Product added"   # stepDefinitions.CartSteps.i_should_see_success_alert(java.lang.String)
04:45:43.507 [main] INFO  stepDefinitions.CartSteps - BDD Step: Navigating to cart page
04:45:43.508 [main] INFO  pages.HomePage - BDD: Navigating to cart
04:45:43.509 [main] INFO  pages.HomePage - Navigating to cart page
04:45:44.604 [main] INFO  pages.HomePage - Successfully navigated to cart page
  When I navigate to cart page                      # stepDefinitions.CartSteps.i_navigate_to_cart_page()
04:45:44.608 [main] INFO  stepDefinitions.CartSteps - BDD Step: Verifying Samsung galaxy s6 is in cart
04:45:44.609 [main] INFO  pages.CartPage - Verifying product is in cart: Samsung galaxy s6
04:45:45.694 [main] INFO  pages.CartPage - Product verified in cart: Samsung galaxy s6
  Then I should see "Samsung galaxy s6" in the cart # stepDefinitions.CartSteps.i_should_see_in_the_cart(java.lang.String)
04:45:45.696 [main] INFO  stepDefinitions.CartSteps - BDD Step: Verifying cart total price
04:45:45.698 [main] INFO  pages.CartPage - BDD: Verifying cart total is visible
04:45:45.796 [main] INFO  pages.CartPage - BDD: Cart total verified
  And I should see cart total price                 # stepDefinitions.CartSteps.i_should_see_cart_total_price()
04:45:45.806 [main] INFO  hooks.Hooks - Finishing BDD scenario: Add product to cart successfully - Status: PASSED
04:45:46.174 [main] INFO  hooks.Hooks - BDD test cleanup completed for scenario: Add product to cart successfully
]]></system-out>
    <system-err><![CDATA[Sep 25, 2025 4:45:37 AM org.openqa.selenium.devtools.CdpVersionFinder findNearestMatch
WARNING: Unable to find an exact match for CDP version 140, returning the closest version; found: 139; Please update to a Selenium version that supports CDP version 140
]]></system-err>
  </testcase>
  <testcase name="Manage multiple products in cart" classname="DemoBlaze Shopping Cart" time="20.559">
    <failure message="Element not found {By.xpath: //td[normalize-space()=&apos;Nexus 6&apos;]}&#10;Expected: visible&#10;Screenshot: file:/E:/Courses/Amalitech%20GTP/Projects/demoblazeProjectPlaywright/target/screenshots/1758775562996.0.png&#10;Page source: file:/E:/Courses/Amalitech%20GTP/Projects/demoblazeProjectPlaywright/target/screenshots/1758775562996.0.html&#10;Timeout: 4 s.&#10;Caused by: NoSuchElementException: no such element: Unable to locate element: {&quot;method&quot;:&quot;xpath&quot;,&quot;selector&quot;:&quot;//td[normalize-space()=&apos;Nexus 6&apos;]&quot;}" type="Element not found {By.xpath"><![CDATA[Element not found {By.xpath: //td[normalize-space()='Nexus 6']}
Expected: visible
Screenshot: file:/E:/Courses/Amalitech%20GTP/Projects/demoblazeProjectPlaywright/target/screenshots/1758775562996.0.png
Page source: file:/E:/Courses/Amalitech%20GTP/Projects/demoblazeProjectPlaywright/target/screenshots/1758775562996.0.html
Timeout: 4 s.
Caused by: NoSuchElementException: no such element: Unable to locate element: {"method":"xpath","selector":"//td[normalize-space()='Nexus 6']"}
	at com.codeborne.selenide.impl.WebElementSource.createElementNotFoundError(WebElementSource.java:89)
	at com.codeborne.selenide.impl.ElementFinder.createElementNotFoundError(ElementFinder.java:129)
	at com.codeborne.selenide.impl.WebElementSource.handleError(WebElementSource.java:140)
	at com.codeborne.selenide.impl.WebElementSource.checkConditionAndReturnElement(WebElementSource.java:123)
	at com.codeborne.selenide.impl.WebElementSource.checkCondition(WebElementSource.java:99)
	at com.codeborne.selenide.commands.Should.execute(Should.java:24)
	at com.codeborne.selenide.FluentCommand.execute(FluentCommand.java:27)
	at com.codeborne.selenide.FluentCommand.execute(FluentCommand.java:19)
	at com.codeborne.selenide.commands.Commands.execute(Commands.java:160)
	at com.codeborne.selenide.impl.SelenideElementProxy.dispatchAndRetry(SelenideElementProxy.java:131)
	at com.codeborne.selenide.impl.SelenideElementProxy.invoke(SelenideElementProxy.java:83)
	at jdk.proxy2/jdk.proxy2.$Proxy25.shouldBe(Unknown Source)
	at pages.CartPage.verifyProductInCart(CartPage.java:74)
	at stepDefinitions.CartSteps.i_should_see_in_the_cart(CartSteps.java:66)
	at ✽.I should see "Nexus 6" in the cart(file:///E:/Courses/Amalitech%20GTP/Projects/demoblazeProjectPlaywright/src/test/resources/features/Cart.feature:25)
Caused by: org.openqa.selenium.NoSuchElementException: no such element: Unable to locate element: {"method":"xpath","selector":"//td[normalize-space()='Nexus 6']"}
  (Session info: chrome=140.0.7339.185)
For documentation on this error, please visit: https://www.selenium.dev/documentation/webdriver/troubleshooting/errors#no-such-element-exception
Build info: version: '4.35.0', revision: '1c58e5028b'
System info: os.name: 'Windows 11', os.arch: 'amd64', os.version: '10.0', java.version: '23.0.2'
Driver info: org.openqa.selenium.chrome.ChromeDriver
Command: [cbdb82dc00611dee916e4c280e8b32e9, findElement {value=//td[normalize-space()='Nexus 6'], using=xpath}]
Capabilities {acceptInsecureCerts: true, browserName: chrome, browserVersion: 140.0.7339.185, chrome: {chromedriverVersion: 140.0.7339.207 (17230b545fd..., userDataDir: C:\Users\EMMANU~1\AppData\L...}, fedcm:accounts: true, goog:chromeOptions: {debuggerAddress: localhost:3820}, networkConnectionEnabled: false, pageLoadStrategy: normal, platformName: windows, proxy: Proxy(), se:cdp: ws://localhost:3820/devtool..., se:cdpVersion: 140.0.7339.185, setWindowRect: true, strictFileInteractability: false, timeouts: {implicit: 0, pageLoad: 300000, script: 30000}, unhandledPromptBehavior: accept, webauthn:extension:credBlob: true, webauthn:extension:largeBlob: true, webauthn:extension:minPinLength: true, webauthn:extension:prf: true, webauthn:virtualAuthenticators: true}
Session ID: cbdb82dc00611dee916e4c280e8b32e9
	at java.base/java.lang.reflect.Constructor.newInstanceWithCaller(Constructor.java:501)
	at java.base/java.lang.reflect.Constructor.newInstance(Constructor.java:485)
	at org.openqa.selenium.remote.ErrorCodec.decode(ErrorCodec.java:167)
	at org.openqa.selenium.remote.codec.w3c.W3CHttpResponseCodec.decode(W3CHttpResponseCodec.java:138)
	at org.openqa.selenium.remote.codec.w3c.W3CHttpResponseCodec.decode(W3CHttpResponseCodec.java:50)
	at org.openqa.selenium.remote.HttpCommandExecutor.execute(HttpCommandExecutor.java:215)
	at org.openqa.selenium.remote.service.DriverCommandExecutor.invokeExecute(DriverCommandExecutor.java:216)
	at org.openqa.selenium.remote.service.DriverCommandExecutor.execute(DriverCommandExecutor.java:174)
	at org.openqa.selenium.remote.RemoteWebDriver.execute(RemoteWebDriver.java:557)
	at org.openqa.selenium.remote.ElementLocation$ElementFinder$2.findElement(ElementLocation.java:165)
	at org.openqa.selenium.remote.ElementLocation.findElement(ElementLocation.java:59)
	at org.openqa.selenium.remote.RemoteWebDriver.findElement(RemoteWebDriver.java:380)
	at org.openqa.selenium.remote.RemoteWebDriver.findElement(RemoteWebDriver.java:374)
	at com.codeborne.selenide.impl.WebElementSelector.findElement(WebElementSelector.java:67)
	at com.codeborne.selenide.impl.WebElementSelector.findElement(WebElementSelector.java:38)
	at com.codeborne.selenide.impl.WebElementSelector.findElement(WebElementSelector.java:29)
	at com.codeborne.selenide.impl.ElementFinder.getWebElement(ElementFinder.java:113)
	at com.codeborne.selenide.impl.WebElementSource.checkConditionAndReturnElement(WebElementSource.java:112)
	at com.codeborne.selenide.impl.WebElementSource.checkCondition(WebElementSource.java:99)
	at com.codeborne.selenide.commands.Should.execute(Should.java:24)
	at com.codeborne.selenide.FluentCommand.execute(FluentCommand.java:27)
	at com.codeborne.selenide.FluentCommand.execute(FluentCommand.java:19)
	at com.codeborne.selenide.commands.Commands.execute(Commands.java:160)
	at com.codeborne.selenide.impl.SelenideElementProxy.dispatchAndRetry(SelenideElementProxy.java:131)
	at com.codeborne.selenide.impl.SelenideElementProxy.invoke(SelenideElementProxy.java:83)
	at jdk.proxy2/jdk.proxy2.$Proxy25.shouldBe(Unknown Source)
	at pages.CartPage.verifyProductInCart(CartPage.java:74)
	at stepDefinitions.CartSteps.i_should_see_in_the_cart(CartSteps.java:66)
	at java.base/java.lang.reflect.Method.invoke(Method.java:580)
	at io.cucumber.java.Invoker.doInvoke(Invoker.java:66)
	at io.cucumber.java.Invoker.invoke(Invoker.java:24)
	at io.cucumber.java.AbstractGlueDefinition.invokeMethod(AbstractGlueDefinition.java:47)
	at io.cucumber.java.JavaStepDefinition.execute(JavaStepDefinition.java:29)
	at io.cucumber.core.runner.CoreStepDefinition.execute(CoreStepDefinition.java:66)
	at io.cucumber.core.runner.PickleStepDefinitionMatch.runStep(PickleStepDefinitionMatch.java:63)
	at io.cucumber.core.runner.ExecutionMode$1.execute(ExecutionMode.java:10)
	at io.cucumber.core.runner.TestStep.executeStep(TestStep.java:84)
	at io.cucumber.core.runner.TestStep.run(TestStep.java:56)
	at io.cucumber.core.runner.PickleStepTestStep.run(PickleStepTestStep.java:51)
	at io.cucumber.core.runner.TestCase.run(TestCase.java:84)
	at io.cucumber.core.runner.Runner.runPickle(Runner.java:75)
	at io.cucumber.junit.PickleRunners$NoStepDescriptions.lambda$run$0(PickleRunners.java:151)
	at io.cucumber.core.runtime.CucumberExecutionContext.lambda$runTestCase$5(CucumberExecutionContext.java:137)
	at io.cucumber.core.runtime.RethrowingThrowableCollector.executeAndThrow(RethrowingThrowableCollector.java:23)
	at io.cucumber.core.runtime.CucumberExecutionContext.runTestCase(CucumberExecutionContext.java:137)
	at io.cucumber.junit.PickleRunners$NoStepDescriptions.run(PickleRunners.java:148)
	at io.cucumber.junit.FeatureRunner.runChild(FeatureRunner.java:144)
	at io.cucumber.junit.FeatureRunner.runChild(FeatureRunner.java:28)
	at io.cucumber.junit.FeatureRunner.run(FeatureRunner.java:137)
	at io.cucumber.junit.Cucumber.runChild(Cucumber.java:196)
	at io.cucumber.junit.Cucumber.runChild(Cucumber.java:89)
	at io.cucumber.core.runtime.CucumberExecutionContext.lambda$runFeatures$6(CucumberExecutionContext.java:148)
	at io.cucumber.core.runtime.CucumberExecutionContext.execute(CucumberExecutionContext.java:163)
	at io.cucumber.core.runtime.CucumberExecutionContext.runFeatures(CucumberExecutionContext.java:146)
	at io.cucumber.junit.Cucumber$StartAndFinishTestRun.evaluate(Cucumber.java:226)
]]></failure>
    <system-out><![CDATA[
@Cart @UI @regression @CartManagement @regression
Scenario: Manage multiple products in cart          # src/test/resources/features/Cart.feature:20
04:45:46.316 [main] INFO  hooks.Hooks - Starting BDD scenario: Manage multiple products in cart
04:45:46.318 [main] INFO  hooks.Hooks - BDD test environment configured for scenario: Manage multiple products in cart
04:45:46.326 [main] INFO  stepDefinitions.HomePageSteps - BDD Step: Navigating to DemoBlaze home page
04:45:46.326 [main] INFO  pages.HomePage - BDD: Opening home page
04:45:46.326 [main] INFO  pages.HomePage - Opening DemoBlaze home page
04:45:46.328 [main] INFO  c.c.s.WebDriverThreadLocalContainer - No webdriver is bound to current thread: 1 - let's create a new webdriver
04:45:47.791 [main] INFO  c.c.s.webdriver.WebDriverFactory - Selenide 7.10.0 / Selenium 4.35.0 / chrome 140.0.7339.185 windows
04:45:50.208 [main] INFO  pages.HomePage - Home page opened successfully
  Given I navigate to the DemoBlaze home page       # stepDefinitions.HomePageSteps.i_navigate_to_the_demoblaze_home_page()
04:45:50.212 [main] INFO  stepDefinitions.CartSteps - BDD Step: Adding Samsung galaxy s6 to cart
04:45:50.212 [main] INFO  pages.HomePage - BDD: Clicking on first product: Samsung galaxy s6
04:45:50.212 [main] INFO  pages.HomePage - Clicking on first product: Samsung galaxy s6
04:45:52.062 [main] INFO  pages.HomePage - Successfully clicked on first product: Samsung galaxy s6
04:45:52.064 [main] INFO  pages.ProductDetailsPage - BDD: Adding product to cart
04:45:52.064 [main] INFO  pages.ProductDetailsPage - Clicking 'Add to cart' button
04:45:53.136 [main] INFO  pages.ProductDetailsPage - Successfully clicked 'Add to cart' button
04:45:53.793 [main] INFO  pages.HomePage - BDD: Opening home page
04:45:53.793 [main] INFO  pages.HomePage - Opening DemoBlaze home page
04:45:53.992 [main] INFO  pages.HomePage - Home page opened successfully
  When I add "Samsung galaxy s6" to cart            # stepDefinitions.CartSteps.i_add_to_cart(java.lang.String)
04:45:53.996 [main] INFO  stepDefinitions.CartSteps - BDD Step: Adding Nexus 6 to cart
04:45:53.996 [main] INFO  pages.HomePage - BDD: Clicking on first product: Nexus 6
04:45:53.996 [main] INFO  pages.HomePage - Clicking on first product: Nexus 6
04:45:54.971 [main] INFO  pages.HomePage - Successfully clicked on first product: Nexus 6
04:45:54.971 [main] INFO  pages.ProductDetailsPage - BDD: Adding product to cart
04:45:54.971 [main] INFO  pages.ProductDetailsPage - Clicking 'Add to cart' button
04:45:55.791 [main] INFO  pages.ProductDetailsPage - Successfully clicked 'Add to cart' button
04:45:56.233 [main] INFO  pages.HomePage - BDD: Opening home page
04:45:56.233 [main] INFO  pages.HomePage - Opening DemoBlaze home page
04:45:56.466 [main] INFO  pages.HomePage - Home page opened successfully
  And I add "Nexus 6" to cart                       # stepDefinitions.CartSteps.i_add_to_cart(java.lang.String)
04:45:56.470 [main] INFO  stepDefinitions.CartSteps - BDD Step: Navigating to cart page
04:45:56.470 [main] INFO  pages.HomePage - BDD: Navigating to cart
04:45:56.470 [main] INFO  pages.HomePage - Navigating to cart page
04:45:57.536 [main] INFO  pages.HomePage - Successfully navigated to cart page
  And I navigate to cart page                       # stepDefinitions.CartSteps.i_navigate_to_cart_page()
04:45:57.539 [main] INFO  stepDefinitions.CartSteps - BDD Step: Verifying Samsung galaxy s6 is in cart
04:45:57.539 [main] INFO  pages.CartPage - Verifying product is in cart: Samsung galaxy s6
04:45:58.864 [main] INFO  pages.CartPage - Product verified in cart: Samsung galaxy s6
  Then I should see "Samsung galaxy s6" in the cart # stepDefinitions.CartSteps.i_should_see_in_the_cart(java.lang.String)
04:45:58.867 [main] INFO  stepDefinitions.CartSteps - BDD Step: Verifying Nexus 6 is in cart
04:45:58.867 [main] INFO  pages.CartPage - Verifying product is in cart: Nexus 6
04:46:03.019 [main] INFO  c.c.selenide.impl.AttachmentPrinter - [[ATTACHMENT|E:\Courses\Amalitech GTP\Projects\demoblazeProjectPlaywright\target\screenshots\1758775562996.0.html]]
04:46:03.727 [main] INFO  c.c.selenide.impl.AttachmentPrinter - [[ATTACHMENT|E:\Courses\Amalitech GTP\Projects\demoblazeProjectPlaywright\target\screenshots\1758775562996.0.png]]
  And I should see "Nexus 6" in the cart            # stepDefinitions.CartSteps.i_should_see_in_the_cart(java.lang.String)
      Element not found {By.xpath: //td[normalize-space()='Nexus 6']}
Expected: visible
Screenshot: file:/E:/Courses/Amalitech%20GTP/Projects/demoblazeProjectPlaywright/target/screenshots/1758775562996.0.png
Page source: file:/E:/Courses/Amalitech%20GTP/Projects/demoblazeProjectPlaywright/target/screenshots/1758775562996.0.html
Timeout: 4 s.
Caused by: NoSuchElementException: no such element: Unable to locate element: {"method":"xpath","selector":"//td[normalize-space()='Nexus 6']"}
	at com.codeborne.selenide.impl.WebElementSource.createElementNotFoundError(WebElementSource.java:89)
	at com.codeborne.selenide.impl.ElementFinder.createElementNotFoundError(ElementFinder.java:129)
	at com.codeborne.selenide.impl.WebElementSource.handleError(WebElementSource.java:140)
	at com.codeborne.selenide.impl.WebElementSource.checkConditionAndReturnElement(WebElementSource.java:123)
	at com.codeborne.selenide.impl.WebElementSource.checkCondition(WebElementSource.java:99)
	at com.codeborne.selenide.commands.Should.execute(Should.java:24)
	at com.codeborne.selenide.FluentCommand.execute(FluentCommand.java:27)
	at com.codeborne.selenide.FluentCommand.execute(FluentCommand.java:19)
	at com.codeborne.selenide.commands.Commands.execute(Commands.java:160)
	at com.codeborne.selenide.impl.SelenideElementProxy.dispatchAndRetry(SelenideElementProxy.java:131)
	at com.codeborne.selenide.impl.SelenideElementProxy.invoke(SelenideElementProxy.java:83)
	at jdk.proxy2/jdk.proxy2.$Proxy25.shouldBe(Unknown Source)
	at pages.CartPage.verifyProductInCart(CartPage.java:74)
	at stepDefinitions.CartSteps.i_should_see_in_the_cart(CartSteps.java:66)
	at ✽.I should see "Nexus 6" in the cart(file:///E:/Courses/Amalitech%20GTP/Projects/demoblazeProjectPlaywright/src/test/resources/features/Cart.feature:25)
Caused by: org.openqa.selenium.NoSuchElementException: no such element: Unable to locate element: {"method":"xpath","selector":"//td[normalize-space()='Nexus 6']"}
  (Session info: chrome=140.0.7339.185)
For documentation on this error, please visit: https://www.selenium.dev/documentation/webdriver/troubleshooting/errors#no-such-element-exception
Build info: version: '4.35.0', revision: '1c58e5028b'
System info: os.name: 'Windows 11', os.arch: 'amd64', os.version: '10.0', java.version: '23.0.2'
Driver info: org.openqa.selenium.chrome.ChromeDriver
Command: [cbdb82dc00611dee916e4c280e8b32e9, findElement {value=//td[normalize-space()='Nexus 6'], using=xpath}]
Capabilities {acceptInsecureCerts: true, browserName: chrome, browserVersion: 140.0.7339.185, chrome: {chromedriverVersion: 140.0.7339.207 (17230b545fd..., userDataDir: C:\Users\EMMANU~1\AppData\L...}, fedcm:accounts: true, goog:chromeOptions: {debuggerAddress: localhost:3820}, networkConnectionEnabled: false, pageLoadStrategy: normal, platformName: windows, proxy: Proxy(), se:cdp: ws://localhost:3820/devtool..., se:cdpVersion: 140.0.7339.185, setWindowRect: true, strictFileInteractability: false, timeouts: {implicit: 0, pageLoad: 300000, script: 30000}, unhandledPromptBehavior: accept, webauthn:extension:credBlob: true, webauthn:extension:largeBlob: true, webauthn:extension:minPinLength: true, webauthn:extension:prf: true, webauthn:virtualAuthenticators: true}
Session ID: cbdb82dc00611dee916e4c280e8b32e9
	at java.base/jdk.internal.reflect.DirectConstructorHandleAccessor.newInstance(DirectConstructorHandleAccessor.java:62)
	at java.base/java.lang.reflect.Constructor.newInstanceWithCaller(Constructor.java:501)
	at java.base/java.lang.reflect.Constructor.newInstance(Constructor.java:485)
	at org.openqa.selenium.remote.ErrorCodec.decode(ErrorCodec.java:167)
	at org.openqa.selenium.remote.codec.w3c.W3CHttpResponseCodec.decode(W3CHttpResponseCodec.java:138)
	at org.openqa.selenium.remote.codec.w3c.W3CHttpResponseCodec.decode(W3CHttpResponseCodec.java:50)
	at org.openqa.selenium.remote.HttpCommandExecutor.execute(HttpCommandExecutor.java:215)
	at org.openqa.selenium.remote.service.DriverCommandExecutor.invokeExecute(DriverCommandExecutor.java:216)
	at org.openqa.selenium.remote.service.DriverCommandExecutor.execute(DriverCommandExecutor.java:174)
	at org.openqa.selenium.remote.RemoteWebDriver.execute(RemoteWebDriver.java:557)
	at org.openqa.selenium.remote.ElementLocation$ElementFinder$2.findElement(ElementLocation.java:165)
	at org.openqa.selenium.remote.ElementLocation.findElement(ElementLocation.java:59)
	at org.openqa.selenium.remote.RemoteWebDriver.findElement(RemoteWebDriver.java:380)
	at org.openqa.selenium.remote.RemoteWebDriver.findElement(RemoteWebDriver.java:374)
	at com.codeborne.selenide.impl.WebElementSelector.findElement(WebElementSelector.java:67)
	at com.codeborne.selenide.impl.WebElementSelector.findElement(WebElementSelector.java:38)
	at com.codeborne.selenide.impl.WebElementSelector.findElement(WebElementSelector.java:29)
	at com.codeborne.selenide.impl.ElementFinder.getWebElement(ElementFinder.java:113)
	at com.codeborne.selenide.impl.WebElementSource.checkConditionAndReturnElement(WebElementSource.java:112)
	at com.codeborne.selenide.impl.WebElementSource.checkCondition(WebElementSource.java:99)
	at com.codeborne.selenide.commands.Should.execute(Should.java:24)
	at com.codeborne.selenide.FluentCommand.execute(FluentCommand.java:27)
	at com.codeborne.selenide.FluentCommand.execute(FluentCommand.java:19)
	at com.codeborne.selenide.commands.Commands.execute(Commands.java:160)
	at com.codeborne.selenide.impl.SelenideElementProxy.dispatchAndRetry(SelenideElementProxy.java:131)
	at com.codeborne.selenide.impl.SelenideElementProxy.invoke(SelenideElementProxy.java:83)
	at jdk.proxy2/jdk.proxy2.$Proxy25.shouldBe(Unknown Source)
	at pages.CartPage.verifyProductInCart(CartPage.java:74)
	at stepDefinitions.CartSteps.i_should_see_in_the_cart(CartSteps.java:66)
	at java.base/jdk.internal.reflect.DirectMethodHandleAccessor.invoke(DirectMethodHandleAccessor.java:103)
	at java.base/java.lang.reflect.Method.invoke(Method.java:580)
	at io.cucumber.java.Invoker.doInvoke(Invoker.java:66)
	at io.cucumber.java.Invoker.invoke(Invoker.java:24)
	at io.cucumber.java.AbstractGlueDefinition.invokeMethod(AbstractGlueDefinition.java:47)
	at io.cucumber.java.JavaStepDefinition.execute(JavaStepDefinition.java:29)
	at io.cucumber.core.runner.CoreStepDefinition.execute(CoreStepDefinition.java:66)
	at io.cucumber.core.runner.PickleStepDefinitionMatch.runStep(PickleStepDefinitionMatch.java:63)
	at io.cucumber.core.runner.ExecutionMode$1.execute(ExecutionMode.java:10)
	at io.cucumber.core.runner.TestStep.executeStep(TestStep.java:84)
	at io.cucumber.core.runner.TestStep.run(TestStep.java:56)
	at io.cucumber.core.runner.PickleStepTestStep.run(PickleStepTestStep.java:51)
	at io.cucumber.core.runner.TestCase.run(TestCase.java:84)
	at io.cucumber.core.runner.Runner.runPickle(Runner.java:75)
	at io.cucumber.junit.PickleRunners$NoStepDescriptions.lambda$run$0(PickleRunners.java:151)
	at io.cucumber.core.runtime.CucumberExecutionContext.lambda$runTestCase$5(CucumberExecutionContext.java:137)
	at io.cucumber.core.runtime.RethrowingThrowableCollector.executeAndThrow(RethrowingThrowableCollector.java:23)
	at io.cucumber.core.runtime.CucumberExecutionContext.runTestCase(CucumberExecutionContext.java:137)
	at io.cucumber.junit.PickleRunners$NoStepDescriptions.run(PickleRunners.java:148)
	at io.cucumber.junit.FeatureRunner.runChild(FeatureRunner.java:144)
	at io.cucumber.junit.FeatureRunner.runChild(FeatureRunner.java:28)
	at org.junit.runners.ParentRunner$4.run(ParentRunner.java:331)
	at org.junit.runners.ParentRunner$1.schedule(ParentRunner.java:79)
	at org.junit.runners.ParentRunner.runChildren(ParentRunner.java:329)
	at org.junit.runners.ParentRunner.access$100(ParentRunner.java:66)
	at org.junit.runners.ParentRunner$2.evaluate(ParentRunner.java:293)
	at org.junit.runners.ParentRunner$3.evaluate(ParentRunner.java:306)
	at org.junit.runners.ParentRunner.run(ParentRunner.java:413)
	at io.cucumber.junit.FeatureRunner.run(FeatureRunner.java:137)
	at io.cucumber.junit.Cucumber.runChild(Cucumber.java:196)
	at io.cucumber.junit.Cucumber.runChild(Cucumber.java:89)
	at org.junit.runners.ParentRunner$4.run(ParentRunner.java:331)
	at org.junit.runners.ParentRunner$1.schedule(ParentRunner.java:79)
	at org.junit.runners.ParentRunner.runChildren(ParentRunner.java:329)
	at org.junit.runners.ParentRunner.access$100(ParentRunner.java:66)
	at org.junit.runners.ParentRunner$2.evaluate(ParentRunner.java:293)
	at io.cucumber.core.runtime.CucumberExecutionContext.lambda$runFeatures$6(CucumberExecutionContext.java:148)
	at io.cucumber.core.runtime.CucumberExecutionContext.execute(CucumberExecutionContext.java:163)
	at io.cucumber.core.runtime.CucumberExecutionContext.runFeatures(CucumberExecutionContext.java:146)
	at io.cucumber.junit.Cucumber$StartAndFinishTestRun.evaluate(Cucumber.java:226)
	at org.junit.runners.ParentRunner$3.evaluate(ParentRunner.java:306)
	at org.junit.runners.ParentRunner.run(ParentRunner.java:413)
	at org.junit.runner.JUnitCore.run(JUnitCore.java:137)
	at org.junit.runner.JUnitCore.run(JUnitCore.java:115)
	at org.junit.vintage.engine.execution.RunnerExecutor.execute(RunnerExecutor.java:42)
	at org.junit.vintage.engine.VintageTestEngine.executeAllChildren(VintageTestEngine.java:80)
	at org.junit.vintage.engine.VintageTestEngine.execute(VintageTestEngine.java:72)
	at org.junit.platform.launcher.core.EngineExecutionOrchestrator.execute(EngineExecutionOrchestrator.java:198)
	at org.junit.platform.launcher.core.EngineExecutionOrchestrator.execute(EngineExecutionOrchestrator.java:169)
	at org.junit.platform.launcher.core.EngineExecutionOrchestrator.execute(EngineExecutionOrchestrator.java:93)
	at org.junit.platform.launcher.core.EngineExecutionOrchestrator.lambda$execute$0(EngineExecutionOrchestrator.java:58)
	at org.junit.platform.launcher.core.EngineExecutionOrchestrator.withInterceptedStreams(EngineExecutionOrchestrator.java:141)
	at org.junit.platform.launcher.core.EngineExecutionOrchestrator.execute(EngineExecutionOrchestrator.java:57)
	at org.junit.platform.launcher.core.DefaultLauncher.execute(DefaultLauncher.java:103)
	at org.junit.platform.launcher.core.DefaultLauncher.execute(DefaultLauncher.java:85)
	at org.junit.platform.launcher.core.DelegatingLauncher.execute(DelegatingLauncher.java:47)
	at org.apache.maven.surefire.junitplatform.LazyLauncher.execute(LazyLauncher.java:55)
	at org.apache.maven.surefire.junitplatform.JUnitPlatformProvider.execute(JUnitPlatformProvider.java:223)
	at org.apache.maven.surefire.junitplatform.JUnitPlatformProvider.invokeAllTests(JUnitPlatformProvider.java:175)
	at org.apache.maven.surefire.junitplatform.JUnitPlatformProvider.invoke(JUnitPlatformProvider.java:139)
	at org.apache.maven.surefire.booter.ForkedBooter.runSuitesInProcess(ForkedBooter.java:456)
	at org.apache.maven.surefire.booter.ForkedBooter.execute(ForkedBooter.java:169)
	at org.apache.maven.surefire.booter.ForkedBooter.run(ForkedBooter.java:595)
	at org.apache.maven.surefire.booter.ForkedBooter.main(ForkedBooter.java:581)

  And the cart total should reflect both products   # stepDefinitions.CartSteps.the_cart_total_should_reflect_both_products()
04:46:04.447 [main] INFO  hooks.Hooks - Finishing BDD scenario: Manage multiple products in cart - Status: FAILED
04:46:04.448 [main] ERROR hooks.Hooks - Scenario failed: Manage multiple products in cart
04:46:04.487 [main] INFO  c.c.selenide.impl.AttachmentPrinter - [[ATTACHMENT|E:\Courses\Amalitech GTP\Projects\demoblazeProjectPlaywright\target\screenshots\failed_scenario_1758775564448.html]]
04:46:04.833 [main] INFO  c.c.selenide.impl.AttachmentPrinter - [[ATTACHMENT|E:\Courses\Amalitech GTP\Projects\demoblazeProjectPlaywright\target\screenshots\failed_scenario_1758775564448.png]]
04:46:04.835 [main] ERROR hooks.Hooks - Failed to capture screenshot: Illegal char <:> at index 4: file:/E:/Courses/Amalitech%20GTP/Projects/demoblazeProjectPlaywright/target/screenshots/failed_scenario_1758775564448.png
04:46:06.761 [main] INFO  hooks.Hooks - BDD test cleanup completed for scenario: Manage multiple products in cart
]]></system-out>
    <system-err><![CDATA[Sep 25, 2025 4:45:47 AM org.openqa.selenium.devtools.CdpVersionFinder findNearestMatch
WARNING: Unable to find an exact match for CDP version 140, returning the closest version; found: 139; Please update to a Selenium version that supports CDP version 140
]]></system-err>
  </testcase>
  <testcase name="Remove product from cart" classname="DemoBlaze Shopping Cart" time="11.014">
    <system-out><![CDATA[
@Cart @UI @regression @RemoveFromCart @Functional
Scenario: Remove product from cart                   # src/test/resources/features/Cart.feature:29
04:46:06.858 [main] INFO  hooks.Hooks - Starting BDD scenario: Remove product from cart
04:46:06.860 [main] INFO  hooks.Hooks - BDD test environment configured for scenario: Remove product from cart
04:46:06.865 [main] INFO  stepDefinitions.HomePageSteps - BDD Step: Navigating to DemoBlaze home page
04:46:06.865 [main] INFO  pages.HomePage - BDD: Opening home page
04:46:06.865 [main] INFO  pages.HomePage - Opening DemoBlaze home page
04:46:06.865 [main] INFO  c.c.s.WebDriverThreadLocalContainer - No webdriver is bound to current thread: 1 - let's create a new webdriver
04:46:08.697 [main] INFO  c.c.s.webdriver.WebDriverFactory - Selenide 7.10.0 / Selenium 4.35.0 / chrome 140.0.7339.185 windows
04:46:11.375 [main] INFO  pages.HomePage - Home page opened successfully
  Given I navigate to the DemoBlaze home page        # stepDefinitions.HomePageSteps.i_navigate_to_the_demoblaze_home_page()
04:46:11.385 [main] INFO  stepDefinitions.CartSteps - BDD Step: Adding Samsung galaxy s6 to cart as precondition
04:46:11.385 [main] INFO  stepDefinitions.CartSteps - BDD Step: Adding Samsung galaxy s6 to cart
04:46:11.388 [main] INFO  pages.HomePage - BDD: Clicking on first product: Samsung galaxy s6
04:46:11.388 [main] INFO  pages.HomePage - Clicking on first product: Samsung galaxy s6
04:46:12.804 [main] INFO  pages.HomePage - Successfully clicked on first product: Samsung galaxy s6
04:46:12.804 [main] INFO  pages.ProductDetailsPage - BDD: Adding product to cart
04:46:12.804 [main] INFO  pages.ProductDetailsPage - Clicking 'Add to cart' button
04:46:13.850 [main] INFO  pages.ProductDetailsPage - Successfully clicked 'Add to cart' button
04:46:14.724 [main] INFO  pages.HomePage - BDD: Opening home page
04:46:14.724 [main] INFO  pages.HomePage - Opening DemoBlaze home page
04:46:14.932 [main] INFO  pages.HomePage - Home page opened successfully
  Given I have "Samsung galaxy s6" in my cart        # stepDefinitions.CartSteps.i_have_in_my_cart(java.lang.String)
04:46:14.932 [main] INFO  stepDefinitions.CartSteps - BDD Step: Navigating to cart page
04:46:14.935 [main] INFO  pages.HomePage - BDD: Navigating to cart
04:46:14.935 [main] INFO  pages.HomePage - Navigating to cart page
04:46:15.950 [main] INFO  pages.HomePage - Successfully navigated to cart page
  When I navigate to cart page                       # stepDefinitions.CartSteps.i_navigate_to_cart_page()
04:46:15.958 [main] INFO  stepDefinitions.CartSteps - BDD Step: Removing Samsung galaxy s6 from cart
04:46:15.958 [main] INFO  pages.CartPage - BDD: Removing product from cart: Samsung galaxy s6
04:46:15.959 [main] INFO  pages.CartPage - Deleting product from cart: Samsung galaxy s6
04:46:17.527 [main] INFO  pages.CartPage - Successfully deleted product from cart: Samsung galaxy s6
  And I remove "Samsung galaxy s6" from cart         # stepDefinitions.CartSteps.i_remove_from_cart(java.lang.String)
04:46:17.533 [main] INFO  stepDefinitions.CartSteps - BDD Step: Verifying Samsung galaxy s6 is not in cart
  Then "Samsung galaxy s6" should not be in the cart # stepDefinitions.CartSteps.should_not_be_in_the_cart(java.lang.String)
04:46:17.538 [main] INFO  stepDefinitions.CartSteps - BDD Step: Verifying cart is empty or shows updated total
  And the cart should be empty or show updated total # stepDefinitions.CartSteps.the_cart_should_be_empty_or_show_updated_total()
04:46:17.542 [main] INFO  hooks.Hooks - Finishing BDD scenario: Remove product from cart - Status: PASSED
04:46:17.830 [main] INFO  hooks.Hooks - BDD test cleanup completed for scenario: Remove product from cart
]]></system-out>
    <system-err><![CDATA[Sep 25, 2025 4:46:08 AM org.openqa.selenium.devtools.CdpVersionFinder findNearestMatch
WARNING: Unable to find an exact match for CDP version 140, returning the closest version; found: 139; Please update to a Selenium version that supports CDP version 140
]]></system-err>
  </testcase>
  <testcase name="Verify empty cart behavior" classname="DemoBlaze Shopping Cart" time="5.378">
    <system-out><![CDATA[
@Cart @UI @regression @EmptyCart @Edge
Scenario: Verify empty cart behavior                    # src/test/resources/features/Cart.feature:37
04:46:17.882 [main] INFO  hooks.Hooks - Starting BDD scenario: Verify empty cart behavior
04:46:17.882 [main] INFO  hooks.Hooks - BDD test environment configured for scenario: Verify empty cart behavior
04:46:17.892 [main] INFO  stepDefinitions.HomePageSteps - BDD Step: Navigating to DemoBlaze home page
04:46:17.894 [main] INFO  pages.HomePage - BDD: Opening home page
04:46:17.894 [main] INFO  pages.HomePage - Opening DemoBlaze home page
04:46:17.896 [main] INFO  c.c.s.WebDriverThreadLocalContainer - No webdriver is bound to current thread: 1 - let's create a new webdriver
04:46:19.507 [main] INFO  c.c.s.webdriver.WebDriverFactory - Selenide 7.10.0 / Selenium 4.35.0 / chrome 140.0.7339.185 windows
04:46:21.935 [main] INFO  pages.HomePage - Home page opened successfully
  Given I navigate to the DemoBlaze home page           # stepDefinitions.HomePageSteps.i_navigate_to_the_demoblaze_home_page()
04:46:21.941 [main] INFO  stepDefinitions.CartSteps - BDD Step: Navigating to cart page without adding products
04:46:21.945 [main] INFO  pages.HomePage - BDD: Navigating to cart
04:46:21.945 [main] INFO  pages.HomePage - Navigating to cart page
04:46:23.010 [main] INFO  pages.HomePage - Successfully navigated to cart page
  When I navigate to cart page without adding products  # stepDefinitions.CartSteps.i_navigate_to_cart_page_without_adding_products()
04:46:23.012 [main] INFO  stepDefinitions.CartSteps - BDD Step: Verifying cart is empty
  Then I should see an empty cart                       # stepDefinitions.CartSteps.i_should_see_an_empty_cart()
04:46:23.013 [main] INFO  stepDefinitions.CartSteps - BDD Step: Verifying cart total for empty cart
  And the total should show appropriate message or zero # stepDefinitions.CartSteps.the_total_should_show_appropriate_message_or_zero()
04:46:23.014 [main] INFO  hooks.Hooks - Finishing BDD scenario: Verify empty cart behavior - Status: PASSED
04:46:23.229 [main] INFO  hooks.Hooks - BDD test cleanup completed for scenario: Verify empty cart behavior
]]></system-out>
    <system-err><![CDATA[Sep 25, 2025 4:46:19 AM org.openqa.selenium.devtools.CdpVersionFinder findNearestMatch
WARNING: Unable to find an exact match for CDP version 140, returning the closest version; found: 139; Please update to a Selenium version that supports CDP version 140
]]></system-err>
  </testcase>
  <testcase name="Verify cart maintains items across navigation" classname="DemoBlaze Shopping Cart" time="15.529">
    <failure message="Element not found {By.xpath: //td[normalize-space()=&apos;Nokia lumia 1520&apos;]}&#10;Expected: visible&#10;Screenshot: file:/E:/Courses/Amalitech%20GTP/Projects/demoblazeProjectPlaywright/target/screenshots/1758775596835.1.png&#10;Page source: file:/E:/Courses/Amalitech%20GTP/Projects/demoblazeProjectPlaywright/target/screenshots/1758775596835.1.html&#10;Timeout: 4 s.&#10;Caused by: NoSuchElementException: no such element: Unable to locate element: {&quot;method&quot;:&quot;xpath&quot;,&quot;selector&quot;:&quot;//td[normalize-space()=&apos;Nokia lumia 1520&apos;]&quot;}" type="Element not found {By.xpath"><![CDATA[Element not found {By.xpath: //td[normalize-space()='Nokia lumia 1520']}
Expected: visible
Screenshot: file:/E:/Courses/Amalitech%20GTP/Projects/demoblazeProjectPlaywright/target/screenshots/1758775596835.1.png
Page source: file:/E:/Courses/Amalitech%20GTP/Projects/demoblazeProjectPlaywright/target/screenshots/1758775596835.1.html
Timeout: 4 s.
Caused by: NoSuchElementException: no such element: Unable to locate element: {"method":"xpath","selector":"//td[normalize-space()='Nokia lumia 1520']"}
	at com.codeborne.selenide.impl.WebElementSource.createElementNotFoundError(WebElementSource.java:89)
	at com.codeborne.selenide.impl.ElementFinder.createElementNotFoundError(ElementFinder.java:129)
	at com.codeborne.selenide.impl.WebElementSource.handleError(WebElementSource.java:140)
	at com.codeborne.selenide.impl.WebElementSource.checkConditionAndReturnElement(WebElementSource.java:123)
	at com.codeborne.selenide.impl.WebElementSource.checkCondition(WebElementSource.java:99)
	at com.codeborne.selenide.commands.Should.execute(Should.java:24)
	at com.codeborne.selenide.FluentCommand.execute(FluentCommand.java:27)
	at com.codeborne.selenide.FluentCommand.execute(FluentCommand.java:19)
	at com.codeborne.selenide.commands.Commands.execute(Commands.java:160)
	at com.codeborne.selenide.impl.SelenideElementProxy.dispatchAndRetry(SelenideElementProxy.java:131)
	at com.codeborne.selenide.impl.SelenideElementProxy.invoke(SelenideElementProxy.java:83)
	at jdk.proxy2/jdk.proxy2.$Proxy25.shouldBe(Unknown Source)
	at pages.CartPage.verifyProductInCart(CartPage.java:74)
	at stepDefinitions.CartSteps.should_still_be_in_the_cart(CartSteps.java:172)
	at ✽."Nokia lumia 1520" should still be in the cart(file:///E:/Courses/Amalitech%20GTP/Projects/demoblazeProjectPlaywright/src/test/resources/features/Cart.feature:47)
Caused by: org.openqa.selenium.NoSuchElementException: no such element: Unable to locate element: {"method":"xpath","selector":"//td[normalize-space()='Nokia lumia 1520']"}
  (Session info: chrome=140.0.7339.185)
For documentation on this error, please visit: https://www.selenium.dev/documentation/webdriver/troubleshooting/errors#no-such-element-exception
Build info: version: '4.35.0', revision: '1c58e5028b'
System info: os.name: 'Windows 11', os.arch: 'amd64', os.version: '10.0', java.version: '23.0.2'
Driver info: org.openqa.selenium.chrome.ChromeDriver
Command: [fc6e0a0a1a210598774c5bb5de678998, findElement {value=//td[normalize-space()='Nokia lumia 1520'], using=xpath}]
Capabilities {acceptInsecureCerts: true, browserName: chrome, browserVersion: 140.0.7339.185, chrome: {chromedriverVersion: 140.0.7339.207 (17230b545fd..., userDataDir: C:\Users\EMMANU~1\AppData\L...}, fedcm:accounts: true, goog:chromeOptions: {debuggerAddress: localhost:3903}, networkConnectionEnabled: false, pageLoadStrategy: normal, platformName: windows, proxy: Proxy(), se:cdp: ws://localhost:3903/devtool..., se:cdpVersion: 140.0.7339.185, setWindowRect: true, strictFileInteractability: false, timeouts: {implicit: 0, pageLoad: 300000, script: 30000}, unhandledPromptBehavior: accept, webauthn:extension:credBlob: true, webauthn:extension:largeBlob: true, webauthn:extension:minPinLength: true, webauthn:extension:prf: true, webauthn:virtualAuthenticators: true}
Session ID: fc6e0a0a1a210598774c5bb5de678998
	at java.base/java.lang.reflect.Constructor.newInstanceWithCaller(Constructor.java:501)
	at java.base/java.lang.reflect.Constructor.newInstance(Constructor.java:485)
	at org.openqa.selenium.remote.ErrorCodec.decode(ErrorCodec.java:167)
	at org.openqa.selenium.remote.codec.w3c.W3CHttpResponseCodec.decode(W3CHttpResponseCodec.java:138)
	at org.openqa.selenium.remote.codec.w3c.W3CHttpResponseCodec.decode(W3CHttpResponseCodec.java:50)
	at org.openqa.selenium.remote.HttpCommandExecutor.execute(HttpCommandExecutor.java:215)
	at org.openqa.selenium.remote.service.DriverCommandExecutor.invokeExecute(DriverCommandExecutor.java:216)
	at org.openqa.selenium.remote.service.DriverCommandExecutor.execute(DriverCommandExecutor.java:174)
	at org.openqa.selenium.remote.RemoteWebDriver.execute(RemoteWebDriver.java:557)
	at org.openqa.selenium.remote.ElementLocation$ElementFinder$2.findElement(ElementLocation.java:165)
	at org.openqa.selenium.remote.ElementLocation.findElement(ElementLocation.java:59)
	at org.openqa.selenium.remote.RemoteWebDriver.findElement(RemoteWebDriver.java:380)
	at org.openqa.selenium.remote.RemoteWebDriver.findElement(RemoteWebDriver.java:374)
	at com.codeborne.selenide.impl.WebElementSelector.findElement(WebElementSelector.java:67)
	at com.codeborne.selenide.impl.WebElementSelector.findElement(WebElementSelector.java:38)
	at com.codeborne.selenide.impl.WebElementSelector.findElement(WebElementSelector.java:29)
	at com.codeborne.selenide.impl.ElementFinder.getWebElement(ElementFinder.java:113)
	at com.codeborne.selenide.impl.WebElementSource.checkConditionAndReturnElement(WebElementSource.java:112)
	at com.codeborne.selenide.impl.WebElementSource.checkCondition(WebElementSource.java:99)
	at com.codeborne.selenide.commands.Should.execute(Should.java:24)
	at com.codeborne.selenide.FluentCommand.execute(FluentCommand.java:27)
	at com.codeborne.selenide.FluentCommand.execute(FluentCommand.java:19)
	at com.codeborne.selenide.commands.Commands.execute(Commands.java:160)
	at com.codeborne.selenide.impl.SelenideElementProxy.dispatchAndRetry(SelenideElementProxy.java:131)
	at com.codeborne.selenide.impl.SelenideElementProxy.invoke(SelenideElementProxy.java:83)
	at jdk.proxy2/jdk.proxy2.$Proxy25.shouldBe(Unknown Source)
	at pages.CartPage.verifyProductInCart(CartPage.java:74)
	at stepDefinitions.CartSteps.should_still_be_in_the_cart(CartSteps.java:172)
	at java.base/java.lang.reflect.Method.invoke(Method.java:580)
	at io.cucumber.java.Invoker.doInvoke(Invoker.java:66)
	at io.cucumber.java.Invoker.invoke(Invoker.java:24)
	at io.cucumber.java.AbstractGlueDefinition.invokeMethod(AbstractGlueDefinition.java:47)
	at io.cucumber.java.JavaStepDefinition.execute(JavaStepDefinition.java:29)
	at io.cucumber.core.runner.CoreStepDefinition.execute(CoreStepDefinition.java:66)
	at io.cucumber.core.runner.PickleStepDefinitionMatch.runStep(PickleStepDefinitionMatch.java:63)
	at io.cucumber.core.runner.ExecutionMode$1.execute(ExecutionMode.java:10)
	at io.cucumber.core.runner.TestStep.executeStep(TestStep.java:84)
	at io.cucumber.core.runner.TestStep.run(TestStep.java:56)
	at io.cucumber.core.runner.PickleStepTestStep.run(PickleStepTestStep.java:51)
	at io.cucumber.core.runner.TestCase.run(TestCase.java:84)
	at io.cucumber.core.runner.Runner.runPickle(Runner.java:75)
	at io.cucumber.junit.PickleRunners$NoStepDescriptions.lambda$run$0(PickleRunners.java:151)
	at io.cucumber.core.runtime.CucumberExecutionContext.lambda$runTestCase$5(CucumberExecutionContext.java:137)
	at io.cucumber.core.runtime.RethrowingThrowableCollector.executeAndThrow(RethrowingThrowableCollector.java:23)
	at io.cucumber.core.runtime.CucumberExecutionContext.runTestCase(CucumberExecutionContext.java:137)
	at io.cucumber.junit.PickleRunners$NoStepDescriptions.run(PickleRunners.java:148)
	at io.cucumber.junit.FeatureRunner.runChild(FeatureRunner.java:144)
	at io.cucumber.junit.FeatureRunner.runChild(FeatureRunner.java:28)
	at io.cucumber.junit.FeatureRunner.run(FeatureRunner.java:137)
	at io.cucumber.junit.Cucumber.runChild(Cucumber.java:196)
	at io.cucumber.junit.Cucumber.runChild(Cucumber.java:89)
	at io.cucumber.core.runtime.CucumberExecutionContext.lambda$runFeatures$6(CucumberExecutionContext.java:148)
	at io.cucumber.core.runtime.CucumberExecutionContext.execute(CucumberExecutionContext.java:163)
	at io.cucumber.core.runtime.CucumberExecutionContext.runFeatures(CucumberExecutionContext.java:146)
	at io.cucumber.junit.Cucumber$StartAndFinishTestRun.evaluate(Cucumber.java:226)
]]></failure>
    <system-out><![CDATA[
@Cart @UI @regression @CartPersistence @Functional
Scenario: Verify cart maintains items across navigation # src/test/resources/features/Cart.feature:43
04:46:23.282 [main] INFO  hooks.Hooks - Starting BDD scenario: Verify cart maintains items across navigation
04:46:23.282 [main] INFO  hooks.Hooks - BDD test environment configured for scenario: Verify cart maintains items across navigation
04:46:23.287 [main] INFO  stepDefinitions.HomePageSteps - BDD Step: Navigating to DemoBlaze home page
04:46:23.287 [main] INFO  pages.HomePage - BDD: Opening home page
04:46:23.287 [main] INFO  pages.HomePage - Opening DemoBlaze home page
04:46:23.287 [main] INFO  c.c.s.WebDriverThreadLocalContainer - No webdriver is bound to current thread: 1 - let's create a new webdriver
04:46:25.182 [main] INFO  c.c.s.webdriver.WebDriverFactory - Selenide 7.10.0 / Selenium 4.35.0 / chrome 140.0.7339.185 windows
04:46:26.979 [main] INFO  pages.HomePage - Home page opened successfully
  Given I navigate to the DemoBlaze home page           # stepDefinitions.HomePageSteps.i_navigate_to_the_demoblaze_home_page()
04:46:26.980 [main] INFO  stepDefinitions.CartSteps - BDD Step: Adding Nokia lumia 1520 to cart
04:46:26.980 [main] INFO  pages.HomePage - BDD: Clicking on first product: Nokia lumia 1520
04:46:26.980 [main] INFO  pages.HomePage - Clicking on first product: Nokia lumia 1520
04:46:29.016 [main] INFO  pages.HomePage - Successfully clicked on first product: Nokia lumia 1520
04:46:29.018 [main] INFO  pages.ProductDetailsPage - BDD: Adding product to cart
04:46:29.018 [main] INFO  pages.ProductDetailsPage - Clicking 'Add to cart' button
04:46:30.378 [main] INFO  pages.ProductDetailsPage - Successfully clicked 'Add to cart' button
04:46:31.066 [main] INFO  pages.HomePage - BDD: Opening home page
04:46:31.066 [main] INFO  pages.HomePage - Opening DemoBlaze home page
04:46:31.712 [main] INFO  pages.HomePage - Home page opened successfully
  Given I add "Nokia lumia 1520" to cart                # stepDefinitions.CartSteps.i_add_to_cart(java.lang.String)
04:46:31.714 [main] INFO  stepDefinitions.CartSteps - BDD Step: Navigating to different pages
04:46:31.714 [main] INFO  pages.HomePage - BDD: Opening home page
04:46:31.714 [main] INFO  pages.HomePage - Opening DemoBlaze home page
04:46:31.845 [main] INFO  pages.HomePage - Home page opened successfully
  When I navigate to different pages                    # stepDefinitions.CartSteps.i_navigate_to_different_pages()
04:46:31.848 [main] INFO  stepDefinitions.CartSteps - BDD Step: Returning to cart page
04:46:31.848 [main] INFO  pages.HomePage - BDD: Navigating to cart
04:46:31.848 [main] INFO  pages.HomePage - Navigating to cart page
04:46:32.741 [main] INFO  pages.HomePage - Successfully navigated to cart page
  And I return to cart page                             # stepDefinitions.CartSteps.i_return_to_cart_page()
04:46:32.744 [main] INFO  stepDefinitions.CartSteps - BDD Step: Verifying Nokia lumia 1520 still in cart after navigation
04:46:32.745 [main] INFO  pages.CartPage - Verifying product is in cart: Nokia lumia 1520
04:46:36.866 [main] INFO  c.c.selenide.impl.AttachmentPrinter - [[ATTACHMENT|E:\Courses\Amalitech GTP\Projects\demoblazeProjectPlaywright\target\screenshots\1758775596835.1.html]]
04:46:37.356 [main] INFO  c.c.selenide.impl.AttachmentPrinter - [[ATTACHMENT|E:\Courses\Amalitech GTP\Projects\demoblazeProjectPlaywright\target\screenshots\1758775596835.1.png]]
  Then "Nokia lumia 1520" should still be in the cart   # stepDefinitions.CartSteps.should_still_be_in_the_cart(java.lang.String)
      Element not found {By.xpath: //td[normalize-space()='Nokia lumia 1520']}
Expected: visible
Screenshot: file:/E:/Courses/Amalitech%20GTP/Projects/demoblazeProjectPlaywright/target/screenshots/1758775596835.1.png
Page source: file:/E:/Courses/Amalitech%20GTP/Projects/demoblazeProjectPlaywright/target/screenshots/1758775596835.1.html
Timeout: 4 s.
Caused by: NoSuchElementException: no such element: Unable to locate element: {"method":"xpath","selector":"//td[normalize-space()='Nokia lumia 1520']"}
	at com.codeborne.selenide.impl.WebElementSource.createElementNotFoundError(WebElementSource.java:89)
	at com.codeborne.selenide.impl.ElementFinder.createElementNotFoundError(ElementFinder.java:129)
	at com.codeborne.selenide.impl.WebElementSource.handleError(WebElementSource.java:140)
	at com.codeborne.selenide.impl.WebElementSource.checkConditionAndReturnElement(WebElementSource.java:123)
	at com.codeborne.selenide.impl.WebElementSource.checkCondition(WebElementSource.java:99)
	at com.codeborne.selenide.commands.Should.execute(Should.java:24)
	at com.codeborne.selenide.FluentCommand.execute(FluentCommand.java:27)
	at com.codeborne.selenide.FluentCommand.execute(FluentCommand.java:19)
	at com.codeborne.selenide.commands.Commands.execute(Commands.java:160)
	at com.codeborne.selenide.impl.SelenideElementProxy.dispatchAndRetry(SelenideElementProxy.java:131)
	at com.codeborne.selenide.impl.SelenideElementProxy.invoke(SelenideElementProxy.java:83)
	at jdk.proxy2/jdk.proxy2.$Proxy25.shouldBe(Unknown Source)
	at pages.CartPage.verifyProductInCart(CartPage.java:74)
	at stepDefinitions.CartSteps.should_still_be_in_the_cart(CartSteps.java:172)
	at ✽."Nokia lumia 1520" should still be in the cart(file:///E:/Courses/Amalitech%20GTP/Projects/demoblazeProjectPlaywright/src/test/resources/features/Cart.feature:47)
Caused by: org.openqa.selenium.NoSuchElementException: no such element: Unable to locate element: {"method":"xpath","selector":"//td[normalize-space()='Nokia lumia 1520']"}
  (Session info: chrome=140.0.7339.185)
For documentation on this error, please visit: https://www.selenium.dev/documentation/webdriver/troubleshooting/errors#no-such-element-exception
Build info: version: '4.35.0', revision: '1c58e5028b'
System info: os.name: 'Windows 11', os.arch: 'amd64', os.version: '10.0', java.version: '23.0.2'
Driver info: org.openqa.selenium.chrome.ChromeDriver
Command: [fc6e0a0a1a210598774c5bb5de678998, findElement {value=//td[normalize-space()='Nokia lumia 1520'], using=xpath}]
Capabilities {acceptInsecureCerts: true, browserName: chrome, browserVersion: 140.0.7339.185, chrome: {chromedriverVersion: 140.0.7339.207 (17230b545fd..., userDataDir: C:\Users\EMMANU~1\AppData\L...}, fedcm:accounts: true, goog:chromeOptions: {debuggerAddress: localhost:3903}, networkConnectionEnabled: false, pageLoadStrategy: normal, platformName: windows, proxy: Proxy(), se:cdp: ws://localhost:3903/devtool..., se:cdpVersion: 140.0.7339.185, setWindowRect: true, strictFileInteractability: false, timeouts: {implicit: 0, pageLoad: 300000, script: 30000}, unhandledPromptBehavior: accept, webauthn:extension:credBlob: true, webauthn:extension:largeBlob: true, webauthn:extension:minPinLength: true, webauthn:extension:prf: true, webauthn:virtualAuthenticators: true}
Session ID: fc6e0a0a1a210598774c5bb5de678998
	at java.base/jdk.internal.reflect.DirectConstructorHandleAccessor.newInstance(DirectConstructorHandleAccessor.java:62)
	at java.base/java.lang.reflect.Constructor.newInstanceWithCaller(Constructor.java:501)
	at java.base/java.lang.reflect.Constructor.newInstance(Constructor.java:485)
	at org.openqa.selenium.remote.ErrorCodec.decode(ErrorCodec.java:167)
	at org.openqa.selenium.remote.codec.w3c.W3CHttpResponseCodec.decode(W3CHttpResponseCodec.java:138)
	at org.openqa.selenium.remote.codec.w3c.W3CHttpResponseCodec.decode(W3CHttpResponseCodec.java:50)
	at org.openqa.selenium.remote.HttpCommandExecutor.execute(HttpCommandExecutor.java:215)
	at org.openqa.selenium.remote.service.DriverCommandExecutor.invokeExecute(DriverCommandExecutor.java:216)
	at org.openqa.selenium.remote.service.DriverCommandExecutor.execute(DriverCommandExecutor.java:174)
	at org.openqa.selenium.remote.RemoteWebDriver.execute(RemoteWebDriver.java:557)
	at org.openqa.selenium.remote.ElementLocation$ElementFinder$2.findElement(ElementLocation.java:165)
	at org.openqa.selenium.remote.ElementLocation.findElement(ElementLocation.java:59)
	at org.openqa.selenium.remote.RemoteWebDriver.findElement(RemoteWebDriver.java:380)
	at org.openqa.selenium.remote.RemoteWebDriver.findElement(RemoteWebDriver.java:374)
	at com.codeborne.selenide.impl.WebElementSelector.findElement(WebElementSelector.java:67)
	at com.codeborne.selenide.impl.WebElementSelector.findElement(WebElementSelector.java:38)
	at com.codeborne.selenide.impl.WebElementSelector.findElement(WebElementSelector.java:29)
	at com.codeborne.selenide.impl.ElementFinder.getWebElement(ElementFinder.java:113)
	at com.codeborne.selenide.impl.WebElementSource.checkConditionAndReturnElement(WebElementSource.java:112)
	at com.codeborne.selenide.impl.WebElementSource.checkCondition(WebElementSource.java:99)
	at com.codeborne.selenide.commands.Should.execute(Should.java:24)
	at com.codeborne.selenide.FluentCommand.execute(FluentCommand.java:27)
	at com.codeborne.selenide.FluentCommand.execute(FluentCommand.java:19)
	at com.codeborne.selenide.commands.Commands.execute(Commands.java:160)
	at com.codeborne.selenide.impl.SelenideElementProxy.dispatchAndRetry(SelenideElementProxy.java:131)
	at com.codeborne.selenide.impl.SelenideElementProxy.invoke(SelenideElementProxy.java:83)
	at jdk.proxy2/jdk.proxy2.$Proxy25.shouldBe(Unknown Source)
	at pages.CartPage.verifyProductInCart(CartPage.java:74)
	at stepDefinitions.CartSteps.should_still_be_in_the_cart(CartSteps.java:172)
	at java.base/jdk.internal.reflect.DirectMethodHandleAccessor.invoke(DirectMethodHandleAccessor.java:103)
	at java.base/java.lang.reflect.Method.invoke(Method.java:580)
	at io.cucumber.java.Invoker.doInvoke(Invoker.java:66)
	at io.cucumber.java.Invoker.invoke(Invoker.java:24)
	at io.cucumber.java.AbstractGlueDefinition.invokeMethod(AbstractGlueDefinition.java:47)
	at io.cucumber.java.JavaStepDefinition.execute(JavaStepDefinition.java:29)
	at io.cucumber.core.runner.CoreStepDefinition.execute(CoreStepDefinition.java:66)
	at io.cucumber.core.runner.PickleStepDefinitionMatch.runStep(PickleStepDefinitionMatch.java:63)
	at io.cucumber.core.runner.ExecutionMode$1.execute(ExecutionMode.java:10)
	at io.cucumber.core.runner.TestStep.executeStep(TestStep.java:84)
	at io.cucumber.core.runner.TestStep.run(TestStep.java:56)
	at io.cucumber.core.runner.PickleStepTestStep.run(PickleStepTestStep.java:51)
	at io.cucumber.core.runner.TestCase.run(TestCase.java:84)
	at io.cucumber.core.runner.Runner.runPickle(Runner.java:75)
	at io.cucumber.junit.PickleRunners$NoStepDescriptions.lambda$run$0(PickleRunners.java:151)
	at io.cucumber.core.runtime.CucumberExecutionContext.lambda$runTestCase$5(CucumberExecutionContext.java:137)
	at io.cucumber.core.runtime.RethrowingThrowableCollector.executeAndThrow(RethrowingThrowableCollector.java:23)
	at io.cucumber.core.runtime.CucumberExecutionContext.runTestCase(CucumberExecutionContext.java:137)
	at io.cucumber.junit.PickleRunners$NoStepDescriptions.run(PickleRunners.java:148)
	at io.cucumber.junit.FeatureRunner.runChild(FeatureRunner.java:144)
	at io.cucumber.junit.FeatureRunner.runChild(FeatureRunner.java:28)
	at org.junit.runners.ParentRunner$4.run(ParentRunner.java:331)
	at org.junit.runners.ParentRunner$1.schedule(ParentRunner.java:79)
	at org.junit.runners.ParentRunner.runChildren(ParentRunner.java:329)
	at org.junit.runners.ParentRunner.access$100(ParentRunner.java:66)
	at org.junit.runners.ParentRunner$2.evaluate(ParentRunner.java:293)
	at org.junit.runners.ParentRunner$3.evaluate(ParentRunner.java:306)
	at org.junit.runners.ParentRunner.run(ParentRunner.java:413)
	at io.cucumber.junit.FeatureRunner.run(FeatureRunner.java:137)
	at io.cucumber.junit.Cucumber.runChild(Cucumber.java:196)
	at io.cucumber.junit.Cucumber.runChild(Cucumber.java:89)
	at org.junit.runners.ParentRunner$4.run(ParentRunner.java:331)
	at org.junit.runners.ParentRunner$1.schedule(ParentRunner.java:79)
	at org.junit.runners.ParentRunner.runChildren(ParentRunner.java:329)
	at org.junit.runners.ParentRunner.access$100(ParentRunner.java:66)
	at org.junit.runners.ParentRunner$2.evaluate(ParentRunner.java:293)
	at io.cucumber.core.runtime.CucumberExecutionContext.lambda$runFeatures$6(CucumberExecutionContext.java:148)
	at io.cucumber.core.runtime.CucumberExecutionContext.execute(CucumberExecutionContext.java:163)
	at io.cucumber.core.runtime.CucumberExecutionContext.runFeatures(CucumberExecutionContext.java:146)
	at io.cucumber.junit.Cucumber$StartAndFinishTestRun.evaluate(Cucumber.java:226)
	at org.junit.runners.ParentRunner$3.evaluate(ParentRunner.java:306)
	at org.junit.runners.ParentRunner.run(ParentRunner.java:413)
	at org.junit.runner.JUnitCore.run(JUnitCore.java:137)
	at org.junit.runner.JUnitCore.run(JUnitCore.java:115)
	at org.junit.vintage.engine.execution.RunnerExecutor.execute(RunnerExecutor.java:42)
	at org.junit.vintage.engine.VintageTestEngine.executeAllChildren(VintageTestEngine.java:80)
	at org.junit.vintage.engine.VintageTestEngine.execute(VintageTestEngine.java:72)
	at org.junit.platform.launcher.core.EngineExecutionOrchestrator.execute(EngineExecutionOrchestrator.java:198)
	at org.junit.platform.launcher.core.EngineExecutionOrchestrator.execute(EngineExecutionOrchestrator.java:169)
	at org.junit.platform.launcher.core.EngineExecutionOrchestrator.execute(EngineExecutionOrchestrator.java:93)
	at org.junit.platform.launcher.core.EngineExecutionOrchestrator.lambda$execute$0(EngineExecutionOrchestrator.java:58)
	at org.junit.platform.launcher.core.EngineExecutionOrchestrator.withInterceptedStreams(EngineExecutionOrchestrator.java:141)
	at org.junit.platform.launcher.core.EngineExecutionOrchestrator.execute(EngineExecutionOrchestrator.java:57)
	at org.junit.platform.launcher.core.DefaultLauncher.execute(DefaultLauncher.java:103)
	at org.junit.platform.launcher.core.DefaultLauncher.execute(DefaultLauncher.java:85)
	at org.junit.platform.launcher.core.DelegatingLauncher.execute(DelegatingLauncher.java:47)
	at org.apache.maven.surefire.junitplatform.LazyLauncher.execute(LazyLauncher.java:55)
	at org.apache.maven.surefire.junitplatform.JUnitPlatformProvider.execute(JUnitPlatformProvider.java:223)
	at org.apache.maven.surefire.junitplatform.JUnitPlatformProvider.invokeAllTests(JUnitPlatformProvider.java:175)
	at org.apache.maven.surefire.junitplatform.JUnitPlatformProvider.invoke(JUnitPlatformProvider.java:139)
	at org.apache.maven.surefire.booter.ForkedBooter.runSuitesInProcess(ForkedBooter.java:456)
	at org.apache.maven.surefire.booter.ForkedBooter.execute(ForkedBooter.java:169)
	at org.apache.maven.surefire.booter.ForkedBooter.run(ForkedBooter.java:595)
	at org.apache.maven.surefire.booter.ForkedBooter.main(ForkedBooter.java:581)

04:46:37.942 [main] INFO  hooks.Hooks - Finishing BDD scenario: Verify cart maintains items across navigation - Status: FAILED
04:46:37.943 [main] ERROR hooks.Hooks - Scenario failed: Verify cart maintains items across navigation
04:46:37.965 [main] INFO  c.c.selenide.impl.AttachmentPrinter - [[ATTACHMENT|E:\Courses\Amalitech GTP\Projects\demoblazeProjectPlaywright\target\screenshots\failed_scenario_1758775597943.html]]
04:46:38.425 [main] INFO  c.c.selenide.impl.AttachmentPrinter - [[ATTACHMENT|E:\Courses\Amalitech GTP\Projects\demoblazeProjectPlaywright\target\screenshots\failed_scenario_1758775597943.png]]
04:46:38.429 [main] ERROR hooks.Hooks - Failed to capture screenshot: Illegal char <:> at index 4: file:/E:/Courses/Amalitech%20GTP/Projects/demoblazeProjectPlaywright/target/screenshots/failed_scenario_1758775597943.png
04:46:38.770 [main] INFO  hooks.Hooks - BDD test cleanup completed for scenario: Verify cart maintains items across navigation
]]></system-out>
    <system-err><![CDATA[Sep 25, 2025 4:46:25 AM org.openqa.selenium.devtools.CdpVersionFinder findNearestMatch
WARNING: Unable to find an exact match for CDP version 140, returning the closest version; found: 139; Please update to a Selenium version that supports CDP version 140
]]></system-err>
  </testcase>
  <testcase name="Open and close contact modal" classname="DemoBlaze Contact Modal" time="5.606">
    <system-out><![CDATA[
@Contact @UI @Communication @ContactModal @Smoke
Scenario: Open and close contact modal        # src/test/resources/features/Contact.feature:11
04:46:38.834 [main] INFO  hooks.Hooks - Starting BDD scenario: Open and close contact modal
04:46:38.834 [main] INFO  hooks.Hooks - BDD test environment configured for scenario: Open and close contact modal
04:46:38.836 [main] INFO  stepDefinitions.HomePageSteps - BDD Step: Navigating to DemoBlaze home page
04:46:38.836 [main] INFO  pages.HomePage - BDD: Opening home page
04:46:38.838 [main] INFO  pages.HomePage - Opening DemoBlaze home page
04:46:38.838 [main] INFO  c.c.s.WebDriverThreadLocalContainer - No webdriver is bound to current thread: 1 - let's create a new webdriver
04:46:40.203 [main] INFO  c.c.s.webdriver.WebDriverFactory - Selenide 7.10.0 / Selenium 4.35.0 / chrome 140.0.7339.185 windows
04:46:40.993 [main] INFO  pages.HomePage - Home page opened successfully
  Given I navigate to the DemoBlaze home page # stepDefinitions.HomePageSteps.i_navigate_to_the_demoblaze_home_page()
04:46:41.003 [main] INFO  stepDefinitions.ContactSteps - BDD Step: Clicking on Contact link
04:46:41.003 [main] INFO  pages.HomePage - BDD: Clicking contact link
04:46:43.018 [main] INFO  pages.HomePage - BDD: Contact link clicked successfully
  When I click on "Contact" link              # stepDefinitions.ContactSteps.i_click_on_link(java.lang.String)
04:46:43.024 [main] INFO  stepDefinitions.ContactSteps - BDD Step: Verifying contact modal is displayed
04:46:43.024 [main] INFO  pages.ContactModal - BDD: Verifying contact modal visibility
04:46:43.024 [main] INFO  pages.ContactModal - Verifying contact modal is visible
04:46:43.637 [main] INFO  pages.ContactModal - Contact form fields verified successfully
  Then the contact modal should be displayed  # stepDefinitions.ContactSteps.the_contact_modal_should_be_displayed()
04:46:43.637 [main] INFO  stepDefinitions.ContactSteps - BDD Step: Verifying contact form fields
04:46:43.637 [main] INFO  pages.ContactModal - BDD: Verifying contact form fields
04:46:43.807 [main] INFO  pages.ContactModal - BDD: All contact form fields verified
  And I should see contact form fields        # stepDefinitions.ContactSteps.i_should_see_contact_form_fields()
04:46:43.807 [main] INFO  stepDefinitions.ContactSteps - BDD Step: Closing contact modal
04:46:43.811 [main] INFO  pages.ContactModal - BDD: Closing contact modal
04:46:43.811 [main] INFO  pages.ContactModal - Clicking 'Close' button to close contact modal
04:46:44.164 [main] INFO  pages.ContactModal - Contact modal closed successfully
  When I close the contact modal              # stepDefinitions.ContactSteps.i_close_the_contact_modal()
04:46:44.167 [main] INFO  stepDefinitions.ContactSteps - BDD Step: Verifying contact modal is hidden
  Then the contact modal should be hidden     # stepDefinitions.ContactSteps.the_contact_modal_should_be_hidden()
04:46:44.176 [main] INFO  hooks.Hooks - Finishing BDD scenario: Open and close contact modal - Status: PASSED
04:46:44.401 [main] INFO  hooks.Hooks - BDD test cleanup completed for scenario: Open and close contact modal
]]></system-out>
    <system-err><![CDATA[Sep 25, 2025 4:46:40 AM org.openqa.selenium.devtools.CdpVersionFinder findNearestMatch
WARNING: Unable to find an exact match for CDP version 140, returning the closest version; found: 139; Please update to a Selenium version that supports CDP version 140
]]></system-err>
  </testcase>
  <testcase name="Send valid contact message" classname="DemoBlaze Contact Modal" time="6.33">
    <system-out><![CDATA[
@Contact @UI @Communication @ContactForm @regression
Scenario: Send valid contact message                         # src/test/resources/features/Contact.feature:19
04:46:44.426 [main] INFO  hooks.Hooks - Starting BDD scenario: Send valid contact message
04:46:44.426 [main] INFO  hooks.Hooks - BDD test environment configured for scenario: Send valid contact message
04:46:44.428 [main] INFO  stepDefinitions.HomePageSteps - BDD Step: Navigating to DemoBlaze home page
04:46:44.428 [main] INFO  pages.HomePage - BDD: Opening home page
04:46:44.428 [main] INFO  pages.HomePage - Opening DemoBlaze home page
04:46:44.429 [main] INFO  c.c.s.WebDriverThreadLocalContainer - No webdriver is bound to current thread: 1 - let's create a new webdriver
04:46:46.252 [main] INFO  c.c.s.webdriver.WebDriverFactory - Selenide 7.10.0 / Selenium 4.35.0 / chrome 140.0.7339.185 windows
04:46:48.662 [main] INFO  pages.HomePage - Home page opened successfully
  Given I navigate to the DemoBlaze home page                # stepDefinitions.HomePageSteps.i_navigate_to_the_demoblaze_home_page()
04:46:48.665 [main] INFO  stepDefinitions.ContactSteps - BDD Step: Clicking on Contact link
04:46:48.665 [main] INFO  pages.HomePage - BDD: Clicking contact link
04:46:48.899 [main] INFO  pages.HomePage - BDD: Contact link clicked successfully
  When I click on "Contact" link                             # stepDefinitions.ContactSteps.i_click_on_link(java.lang.String)
04:46:48.913 [main] INFO  stepDefinitions.ContactSteps - BDD Step: Filling contact form with valid data
04:46:48.920 [main] INFO  pages.ContactModal - Filling complete contact form for: Emmanuel Arhu (emmanuel@example.com)
04:46:48.920 [main] INFO  pages.ContactModal - Filling contact email field with: emmanuel@example.com
04:46:49.752 [main] INFO  pages.ContactModal - Filling contact name field with: Emmanuel Arhu
04:46:49.997 [main] INFO  pages.ContactModal - Filling message field
04:46:50.211 [main] INFO  pages.ContactModal - Contact form filled successfully for: Emmanuel Arhu
  And I fill the contact form with valid data:               # stepDefinitions.ContactSteps.i_fill_the_contact_form_with_valid_data(io.cucumber.datatable.DataTable)
    | field   | value                |
    | email   | emmanuel@example.com |
    | name    | Emmanuel Arhu        |
    | message | Test inquiry message |
04:46:50.220 [main] INFO  stepDefinitions.ContactSteps - BDD Step: Clicking Send message contact button
04:46:50.220 [main] INFO  pages.ContactModal - Clicking 'Send message' button
04:46:50.413 [main] INFO  pages.ContactModal - Send message button clicked successfully
  And I click "Send message" contact button                  # stepDefinitions.ContactSteps.i_click_contact_button(java.lang.String)
04:46:50.414 [main] INFO  stepDefinitions.CartSteps - BDD Step: Verifying success alert: Thanks for the message!!
  Then I should see success alert "Thanks for the message!!" # stepDefinitions.CartSteps.i_should_see_success_alert(java.lang.String)
04:46:50.436 [main] INFO  hooks.Hooks - Finishing BDD scenario: Send valid contact message - Status: PASSED
04:46:50.723 [main] INFO  hooks.Hooks - BDD test cleanup completed for scenario: Send valid contact message
]]></system-out>
    <system-err><![CDATA[Sep 25, 2025 4:46:46 AM org.openqa.selenium.devtools.CdpVersionFinder findNearestMatch
WARNING: Unable to find an exact match for CDP version 140, returning the closest version; found: 139; Please update to a Selenium version that supports CDP version 140
]]></system-err>
  </testcase>
  <testcase name="Validate contact form fields #1" classname="DemoBlaze Contact Modal" time="6.643">
    <system-out><![CDATA[
@Contact @UI @Communication @ContactValidation @Functional
Scenario Outline: Validate contact form fields            # src/test/resources/features/Contact.feature:42
04:46:50.765 [main] INFO  hooks.Hooks - Starting BDD scenario: Validate contact form fields
04:46:50.766 [main] INFO  hooks.Hooks - BDD test environment configured for scenario: Validate contact form fields
04:46:50.768 [main] INFO  stepDefinitions.HomePageSteps - BDD Step: Navigating to DemoBlaze home page
04:46:50.768 [main] INFO  pages.HomePage - BDD: Opening home page
04:46:50.768 [main] INFO  pages.HomePage - Opening DemoBlaze home page
04:46:50.768 [main] INFO  c.c.s.WebDriverThreadLocalContainer - No webdriver is bound to current thread: 1 - let's create a new webdriver
04:46:52.813 [main] INFO  c.c.s.webdriver.WebDriverFactory - Selenide 7.10.0 / Selenium 4.35.0 / chrome 140.0.7339.185 windows
04:46:55.175 [main] INFO  pages.HomePage - Home page opened successfully
  Given I navigate to the DemoBlaze home page             # stepDefinitions.HomePageSteps.i_navigate_to_the_demoblaze_home_page()
04:46:55.179 [main] INFO  stepDefinitions.ContactSteps - BDD Step: Clicking on Contact link
04:46:55.179 [main] INFO  pages.HomePage - BDD: Clicking contact link
04:46:55.555 [main] INFO  pages.HomePage - BDD: Contact link clicked successfully
  When I click on "Contact" link                          # stepDefinitions.ContactSteps.i_click_on_link(java.lang.String)
04:46:55.566 [main] INFO  stepDefinitions.ContactSteps - BDD Step: Filling contact form with specified data
04:46:55.568 [main] INFO  pages.ContactModal - Filling complete contact form for: Valid Name (valid@email.com)
04:46:55.568 [main] INFO  pages.ContactModal - Filling contact email field with: valid@email.com
04:46:56.381 [main] INFO  pages.ContactModal - Filling contact name field with: Valid Name
04:46:56.619 [main] INFO  pages.ContactModal - Filling message field
04:46:56.855 [main] INFO  pages.ContactModal - Contact form filled successfully for: Valid Name
  And I fill the contact form with:                       # stepDefinitions.ContactSteps.i_fill_the_contact_form_with(io.cucumber.datatable.DataTable)
    | field   | value           |
    | email   | valid@email.com |
    | name    | Valid Name      |
    | message | Valid message   |
04:46:56.855 [main] INFO  stepDefinitions.ContactSteps - BDD Step: Clicking Send message contact button
04:46:56.855 [main] INFO  pages.ContactModal - Clicking 'Send message' button
04:46:57.101 [main] INFO  pages.ContactModal - Send message button clicked successfully
  And I click "Send message" contact button               # stepDefinitions.ContactSteps.i_click_contact_button(java.lang.String)
04:46:57.104 [main] INFO  stepDefinitions.ContactSteps - BDD Step: Verifying response for scenario: valid_data
  Then I should see appropriate response for "valid_data" # stepDefinitions.ContactSteps.i_should_see_appropriate_response_for(java.lang.String)
04:46:57.138 [main] INFO  hooks.Hooks - Finishing BDD scenario: Validate contact form fields - Status: PASSED
04:46:57.384 [main] INFO  hooks.Hooks - BDD test cleanup completed for scenario: Validate contact form fields
]]></system-out>
    <system-err><![CDATA[Sep 25, 2025 4:46:52 AM org.openqa.selenium.devtools.CdpVersionFinder findNearestMatch
WARNING: Unable to find an exact match for CDP version 140, returning the closest version; found: 139; Please update to a Selenium version that supports CDP version 140
]]></system-err>
  </testcase>
[...]
	at org.openqa.selenium.remote.service.DriverCommandExecutor.execute(DriverCommandExecutor.java:174)
	at org.openqa.selenium.remote.RemoteWebDriver.execute(RemoteWebDriver.java:557)
	at org.openqa.selenium.remote.ElementLocation$ElementFinder$2.findElement(ElementLocation.java:165)
	at org.openqa.selenium.remote.ElementLocation.findElement(ElementLocation.java:59)
	at org.openqa.selenium.remote.RemoteWebDriver.findElement(RemoteWebDriver.java:380)
	at org.openqa.selenium.remote.RemoteWebDriver.findElement(RemoteWebDriver.java:374)
	at com.codeborne.selenide.impl.WebElementSelector.findElement(WebElementSelector.java:67)
	at com.codeborne.selenide.impl.WebElementSelector.findElement(WebElementSelector.java:38)
	at com.codeborne.selenide.impl.WebElementSelector.findElement(WebElementSelector.java:29)
	at com.codeborne.selenide.impl.ElementFinder.getWebElement(ElementFinder.java:113)
	at com.codeborne.selenide.impl.WebElementSource.checkConditionAndReturnElement(WebElementSource.java:112)
	at com.codeborne.selenide.impl.WebElementSource.checkCondition(WebElementSource.java:99)
	at com.codeborne.selenide.commands.Should.execute(Should.java:24)
	at com.codeborne.selenide.FluentCommand.execute(FluentCommand.java:27)
	at com.codeborne.selenide.FluentCommand.execute(FluentCommand.java:19)
	at com.codeborne.selenide.commands.Commands.execute(Commands.java:160)
	at com.codeborne.selenide.impl.SelenideElementProxy.dispatchAndRetry(SelenideElementProxy.java:131)
	at com.codeborne.selenide.impl.SelenideElementProxy.invoke(SelenideElementProxy.java:83)
	at jdk.proxy2/jdk.proxy2.$Proxy25.shouldBe(Unknown Source)
	at pages.CartPage.verifyProductInCart(CartPage.java:74)
	at stepDefinitions.CartSteps.i_should_see_in_the_cart(CartSteps.java:66)
	at java.base/jdk.internal.reflect.DirectMethodHandleAccessor.invoke(DirectMethodHandleAccessor.java:103)
	at java.base/java.lang.reflect.Method.invoke(Method.java:580)
	at io.cucumber.java.Invoker.doInvoke(Invoker.java:66)
	at io.cucumber.java.Invoker.invoke(Invoker.java:24)
	at io.cucumber.java.AbstractGlueDefinition.invokeMethod(AbstractGlueDefinition.java:47)
	at io.cucumber.java.JavaStepDefinition.execute(JavaStepDefinition.java:29)
	at io.cucumber.core.runner.CoreStepDefinition.execute(CoreStepDefinition.java:66)
	at io.cucumber.core.runner.PickleStepDefinitionMatch.runStep(PickleStepDefinitionMatch.java:63)
	at io.cucumber.core.runner.ExecutionMode$1.execute(ExecutionMode.java:10)
	at io.cucumber.core.runner.TestStep.executeStep(TestStep.java:84)
	at io.cucumber.core.runner.TestStep.run(TestStep.java:56)
	at io.cucumber.core.runner.PickleStepTestStep.run(PickleStepTestStep.java:51)
	at io.cucumber.core.runner.TestCase.run(TestCase.java:84)
	at io.cucumber.core.runner.Runner.runPickle(Runner.java:75)
	at io.cucumber.junit.PickleRunners$NoStepDescriptions.lambda$run$0(PickleRunners.java:151)
	at io.cucumber.core.runtime.CucumberExecutionContext.lambda$runTestCase$5(CucumberExecutionContext.java:137)
	at io.cucumber.core.runtime.RethrowingThrowableCollector.executeAndThrow(RethrowingThrowableCollector.java:23)
	at io.cucumber.core.runtime.CucumberExecutionContext.runTestCase(CucumberExecutionContext.java:137)
	at io.cucumber.junit.PickleRunners$NoStepDescriptions.run(PickleRunners.java:148)
	at io.cucumber.junit.FeatureRunner.runChild(FeatureRunner.java:144)
	at io.cucumber.junit.FeatureRunner.runChild(FeatureRunner.java:28)
	at org.junit.runners.ParentRunner$4.run(ParentRunner.java:331)
	at org.junit.runners.ParentRunner$1.schedule(ParentRunner.java:79)
	at org.junit.runners.ParentRunner.runChildren(ParentRunner.java:329)
	at org.junit.runners.ParentRunner.access$100(ParentRunner.java:66)
	at org.junit.runners.ParentRunner$2.evaluate(ParentRunner.java:293)
	at org.junit.runners.ParentRunner$3.evaluate(ParentRunner.java:306)
	at org.junit.runners.ParentRunner.run(ParentRunner.java:413)
	at io.cucumber.junit.FeatureRunner.run(FeatureRunner.java:137)
	at io.cucumber.junit.Cucumber.runChild(Cucumber.java:196)
	at io.cucumber.junit.Cucumber.runChild(Cucumber.java:89)
	at org.junit.runners.ParentRunner$4.run(ParentRunner.java:331)
	at org.junit.runners.ParentRunner$1.schedule(ParentRunner.java:79)
	at org.junit.runners.ParentRunner.runChildren(ParentRunner.java:329)
	at org.junit.runners.ParentRunner.access$100(ParentRunner.java:66)
	at org.junit.runners.ParentRunner$2.evaluate(ParentRunner.java:293)
	at io.cucumber.core.runtime.CucumberExecutionContext.lambda$runFeatures$6(CucumberExecutionContext.java:148)
	at io.cucumber.core.runtime.CucumberExecutionContext.execute(CucumberExecutionContext.java:163)
	at io.cucumber.core.runtime.CucumberExecutionContext.runFeatures(CucumberExecutionContext.java:146)
	at io.cucumber.junit.Cucumber$StartAndFinishTestRun.evaluate(Cucumber.java:226)
	at org.junit.runners.ParentRunner$3.evaluate(ParentRunner.java:306)
	at org.junit.runners.ParentRunner.run(ParentRunner.java:413)
	at org.junit.runner.JUnitCore.run(JUnitCore.java:137)
	at org.junit.runner.JUnitCore.run(JUnitCore.java:115)
	at org.junit.vintage.engine.execution.RunnerExecutor.execute(RunnerExecutor.java:42)
	at org.junit.vintage.engine.VintageTestEngine.executeAllChildren(VintageTestEngine.java:80)
	at org.junit.vintage.engine.VintageTestEngine.execute(VintageTestEngine.java:72)
	at org.junit.platform.launcher.core.EngineExecutionOrchestrator.execute(EngineExecutionOrchestrator.java:198)
	at org.junit.platform.launcher.core.EngineExecutionOrchestrator.execute(EngineExecutionOrchestrator.java:169)
	at org.junit.platform.launcher.core.EngineExecutionOrchestrator.execute(EngineExecutionOrchestrator.java:93)
	at org.junit.platform.launcher.core.EngineExecutionOrchestrator.lambda$execute$0(EngineExecutionOrchestrator.java:58)
	at org.junit.platform.launcher.core.EngineExecutionOrchestrator.withInterceptedStreams(EngineExecutionOrchestrator.java:141)
	at org.junit.platform.launcher.core.EngineExecutionOrchestrator.execute(EngineExecutionOrchestrator.java:57)
	at org.junit.platform.launcher.core.DefaultLauncher.execute(DefaultLauncher.java:103)
	at org.junit.platform.launcher.core.DefaultLauncher.execute(DefaultLauncher.java:85)
	at org.junit.platform.launcher.core.DelegatingLauncher.execute(DelegatingLauncher.java:47)
	at org.apache.maven.surefire.junitplatform.LazyLauncher.execute(LazyLauncher.java:55)
	at org.apache.maven.surefire.junitplatform.JUnitPlatformProvider.execute(JUnitPlatformProvider.java:223)
	at org.apache.maven.surefire.junitplatform.JUnitPlatformProvider.invokeAllTests(JUnitPlatformProvider.java:175)
	at org.apache.maven.surefire.junitplatform.JUnitPlatformProvider.invoke(JUnitPlatformProvider.java:139)
	at org.apache.maven.surefire.booter.ForkedBooter.runSuitesInProcess(ForkedBooter.java:456)
	at org.apache.maven.surefire.booter.ForkedBooter.execute(ForkedBooter.java:169)
	at org.apache.maven.surefire.booter.ForkedBooter.run(ForkedBooter.java:595)
	at org.apache.maven.surefire.booter.ForkedBooter.main(ForkedBooter.java:581)

  When I click place order button                   # stepDefinitions.OrderPlacementSteps.i_click_place_order_button()
  And I fill order details with valid information:  # stepDefinitions.OrderPlacementSteps.i_fill_order_details_with_valid_information(io.cucumber.datatable.DataTable)
    | field      | value            |
    | name       | Jane Smith       |
    | country    | Canada           |
    | city       | Toronto          |
    | creditCard | 9876543210987654 |
    | month      | 06               |
    | year       | 2026             |
  And I click purchase button                       # stepDefinitions.OrderPlacementSteps.i_click_purchase_button()
  Then I should see order success message           # stepDefinitions.OrderPlacementSteps.i_should_see_order_success_message()
  And the order should include all products         # stepDefinitions.OrderPlacementSteps.the_order_should_include_all_products()
04:50:55.192 [main] INFO  hooks.Hooks - Finishing BDD scenario: Place order with multiple products - Status: FAILED
04:50:55.192 [main] ERROR hooks.Hooks - Scenario failed: Place order with multiple products
04:50:55.208 [main] INFO  c.c.selenide.impl.AttachmentPrinter - [[ATTACHMENT|E:\Courses\Amalitech GTP\Projects\demoblazeProjectPlaywright\target\screenshots\failed_scenario_1758775855192.html]]
04:50:55.476 [main] INFO  c.c.selenide.impl.AttachmentPrinter - [[ATTACHMENT|E:\Courses\Amalitech GTP\Projects\demoblazeProjectPlaywright\target\screenshots\failed_scenario_1758775855192.png]]
04:50:55.477 [main] ERROR hooks.Hooks - Failed to capture screenshot: Illegal char <:> at index 4: file:/E:/Courses/Amalitech%20GTP/Projects/demoblazeProjectPlaywright/target/screenshots/failed_scenario_1758775855192.png
04:50:57.443 [main] INFO  hooks.Hooks - BDD test cleanup completed for scenario: Place order with multiple products
]]></system-out>
    <system-err><![CDATA[Sep 25, 2025 4:50:37 AM org.openqa.selenium.devtools.CdpVersionFinder findNearestMatch
WARNING: Unable to find an exact match for CDP version 140, returning the closest version; found: 139; Please update to a Selenium version that supports CDP version 140
]]></system-err>
  </testcase>
  <testcase name="Verify order form data persistence during session" classname="DemoBlaze Order Placement" time="12.761">
    <system-out><![CDATA[
@OrderPlacement @E2E @regression @OrderPersistence @Functional
Scenario: Verify order form data persistence during session # src/test/resources/features/OrderPlacement.feature:101
04:50:57.476 [main] INFO  hooks.Hooks - Starting BDD scenario: Verify order form data persistence during session
04:50:57.476 [main] INFO  hooks.Hooks - BDD test environment configured for scenario: Verify order form data persistence during session
04:50:57.482 [main] INFO  stepDefinitions.HomePageSteps - BDD Step: Navigating to DemoBlaze home page
04:50:57.482 [main] INFO  pages.HomePage - BDD: Opening home page
04:50:57.482 [main] INFO  pages.HomePage - Opening DemoBlaze home page
04:50:57.482 [main] INFO  c.c.s.WebDriverThreadLocalContainer - No webdriver is bound to current thread: 1 - let's create a new webdriver
04:50:59.133 [main] INFO  c.c.s.webdriver.WebDriverFactory - Selenide 7.10.0 / Selenium 4.35.0 / chrome 140.0.7339.185 windows
04:51:01.716 [main] INFO  pages.HomePage - Home page opened successfully
  Given I navigate to the DemoBlaze home page               # stepDefinitions.HomePageSteps.i_navigate_to_the_demoblaze_home_page()
04:51:01.717 [main] INFO  stepDefinitions.CartSteps - BDD Step: Adding MacBook air to cart
04:51:01.717 [main] INFO  pages.HomePage - BDD: Clicking on first product: MacBook air
04:51:01.717 [main] INFO  pages.HomePage - Clicking on first product: MacBook air
04:51:03.494 [main] INFO  pages.HomePage - Successfully clicked on first product: MacBook air
04:51:03.494 [main] INFO  pages.ProductDetailsPage - BDD: Adding product to cart
04:51:03.494 [main] INFO  pages.ProductDetailsPage - Clicking 'Add to cart' button
04:51:04.525 [main] INFO  pages.ProductDetailsPage - Successfully clicked 'Add to cart' button
04:51:05.183 [main] INFO  pages.HomePage - BDD: Opening home page
04:51:05.183 [main] INFO  pages.HomePage - Opening DemoBlaze home page
04:51:05.304 [main] INFO  pages.HomePage - Home page opened successfully
  Given I add "MacBook air" to cart                         # stepDefinitions.CartSteps.i_add_to_cart(java.lang.String)
04:51:05.304 [main] INFO  stepDefinitions.CartSteps - BDD Step: Navigating to cart page
04:51:05.305 [main] INFO  pages.HomePage - BDD: Navigating to cart
04:51:05.305 [main] INFO  pages.HomePage - Navigating to cart page
04:51:06.240 [main] INFO  pages.HomePage - Successfully navigated to cart page
  When I navigate to cart page                              # stepDefinitions.CartSteps.i_navigate_to_cart_page()
04:51:06.243 [main] INFO  stepDefinitions.OrderPlacementSteps - BDD Step: Clicking place order button
04:51:06.243 [main] INFO  pages.CartPage - Clicking 'Place Order' button
04:51:06.681 [main] INFO  pages.CartPage - Successfully clicked 'Place Order' button
  And I click place order button                            # stepDefinitions.OrderPlacementSteps.i_click_place_order_button()
04:51:06.687 [main] INFO  stepDefinitions.OrderPlacementSteps - BDD Step: Filling order details partially
04:51:06.688 [main] INFO  pages.OrderPlacementPage - Filling name field with: Test User
04:51:07.851 [main] INFO  pages.OrderPlacementPage - Filling country field with: Test Country
04:51:08.184 [main] INFO  pages.OrderPlacementPage - Filling city field with: Test City
04:51:08.542 [main] INFO  stepDefinitions.OrderPlacementSteps - BDD Step: Order details filled partially
  And I fill order details partially:                       # stepDefinitions.OrderPlacementSteps.i_fill_order_details_partially(io.cucumber.datatable.DataTable)
    | field   | value        |
    | name    | Test User    |
    | country | Test Country |
    | city    | Test City    |
04:51:08.543 [main] INFO  stepDefinitions.OrderPlacementSteps - BDD Step: Clicking close button
04:51:08.543 [main] INFO  pages.OrderPlacementPage - Clicking 'Close' button to cancel order
04:51:08.768 [main] INFO  pages.OrderPlacementPage - Close button clicked successfully
  And I click close button                                  # stepDefinitions.OrderPlacementSteps.i_click_close_button()
04:51:08.769 [main] INFO  stepDefinitions.OrderPlacementSteps - BDD Step: Clicking place order button again
04:51:08.769 [main] INFO  stepDefinitions.OrderPlacementSteps - BDD Step: Clicking place order button
04:51:08.769 [main] INFO  pages.CartPage - Clicking 'Place Order' button
04:51:09.208 [main] INFO  pages.CartPage - Successfully clicked 'Place Order' button
  And I click place order button again                      # stepDefinitions.OrderPlacementSteps.i_click_place_order_button_again()
04:51:09.209 [main] INFO  stepDefinitions.OrderPlacementSteps - BDD Step: Verifying order form is empty
04:51:09.210 [main] INFO  pages.OrderPlacementPage - Verifying order placement form is visible
04:51:09.894 [main] INFO  pages.OrderPlacementPage - Order placement form verified successfully
  Then the order form should be empty                       # stepDefinitions.OrderPlacementSteps.the_order_form_should_be_empty()
04:51:09.895 [main] INFO  hooks.Hooks - Finishing BDD scenario: Verify order form data persistence during session - Status: PASSED
04:51:10.217 [main] INFO  hooks.Hooks - BDD test cleanup completed for scenario: Verify order form data persistence during session
]]></system-out>
    <system-err><![CDATA[Sep 25, 2025 4:50:59 AM org.openqa.selenium.devtools.CdpVersionFinder findNearestMatch
WARNING: Unable to find an exact match for CDP version 140, returning the closest version; found: 139; Please update to a Selenium version that supports CDP version 140
]]></system-err>
  </testcase>
  <testcase name="Attempt to place order with empty cart" classname="DemoBlaze Order Placement" time="6.012">
    <system-out><![CDATA[
@OrderPlacement @E2E @regression @EmptyCartOrder @Edge
Scenario: Attempt to place order with empty cart               # src/test/resources/features/OrderPlacement.feature:115
04:51:10.239 [main] INFO  hooks.Hooks - Starting BDD scenario: Attempt to place order with empty cart
04:51:10.239 [main] INFO  hooks.Hooks - BDD test environment configured for scenario: Attempt to place order with empty cart
04:51:10.239 [main] INFO  stepDefinitions.HomePageSteps - BDD Step: Navigating to DemoBlaze home page
04:51:10.239 [main] INFO  pages.HomePage - BDD: Opening home page
04:51:10.239 [main] INFO  pages.HomePage - Opening DemoBlaze home page
04:51:10.242 [main] INFO  c.c.s.WebDriverThreadLocalContainer - No webdriver is bound to current thread: 1 - let's create a new webdriver
04:51:11.643 [main] INFO  c.c.s.webdriver.WebDriverFactory - Selenide 7.10.0 / Selenium 4.35.0 / chrome 140.0.7339.185 windows
04:51:14.273 [main] INFO  pages.HomePage - Home page opened successfully
  Given I navigate to the DemoBlaze home page                  # stepDefinitions.HomePageSteps.i_navigate_to_the_demoblaze_home_page()
04:51:14.274 [main] INFO  stepDefinitions.CartSteps - BDD Step: Navigating to cart page without adding products
04:51:14.274 [main] INFO  pages.HomePage - BDD: Navigating to cart
04:51:14.274 [main] INFO  pages.HomePage - Navigating to cart page
04:51:15.968 [main] INFO  pages.HomePage - Successfully navigated to cart page
  When I navigate to cart page without adding products         # stepDefinitions.CartSteps.i_navigate_to_cart_page_without_adding_products()
04:51:15.970 [main] INFO  stepDefinitions.CartSteps - BDD Step: Verifying cart is empty
  Then I should see an empty cart                              # stepDefinitions.CartSteps.i_should_see_an_empty_cart()
04:51:15.973 [main] INFO  stepDefinitions.OrderPlacementSteps - BDD Step: Verifying place order button state for empty cart
  And the place order button should be disabled or not visible # stepDefinitions.OrderPlacementSteps.the_place_order_button_should_be_disabled_or_not_visible()
04:51:15.973 [main] INFO  hooks.Hooks - Finishing BDD scenario: Attempt to place order with empty cart - Status: PASSED
04:51:16.239 [main] INFO  hooks.Hooks - BDD test cleanup completed for scenario: Attempt to place order with empty cart
]]></system-out>
    <system-err><![CDATA[Sep 25, 2025 4:51:11 AM org.openqa.selenium.devtools.CdpVersionFinder findNearestMatch
WARNING: Unable to find an exact match for CDP version 140, returning the closest version; found: 139; Please update to a Selenium version that supports CDP version 140
]]></system-err>
  </testcase>
  <testcase name="Verify home page loads" classname="Simple DemoBlaze Test" time="4.802">
    <system-out><![CDATA[
@Simple @Smoke @Navigation
Scenario: Verify home page loads                         # src/test/resources/features/SimpleTest.feature:6
04:51:16.253 [main] INFO  hooks.Hooks - Starting BDD scenario: Verify home page loads
04:51:16.253 [main] INFO  hooks.Hooks - BDD test environment configured for scenario: Verify home page loads
04:51:16.256 [main] INFO  stepDefinitions.HomePageSteps - BDD Step: Navigating to DemoBlaze home page
04:51:16.256 [main] INFO  pages.HomePage - BDD: Opening home page
04:51:16.256 [main] INFO  pages.HomePage - Opening DemoBlaze home page
04:51:16.256 [main] INFO  c.c.s.WebDriverThreadLocalContainer - No webdriver is bound to current thread: 1 - let's create a new webdriver
04:51:17.881 [main] INFO  c.c.s.webdriver.WebDriverFactory - Selenide 7.10.0 / Selenium 4.35.0 / chrome 140.0.7339.185 windows
04:51:20.227 [main] INFO  pages.HomePage - Home page opened successfully
  Given I navigate to the DemoBlaze home page            # stepDefinitions.HomePageSteps.i_navigate_to_the_demoblaze_home_page()
04:51:20.228 [main] INFO  stepDefinitions.HomePageSteps - BDD Step: Viewing home page content
  When I view the home page                              # stepDefinitions.HomePageSteps.i_view_the_home_page()
04:51:20.230 [main] INFO  stepDefinitions.HomePageSteps - BDD Step: Verifying navigation bar elements
04:51:20.230 [main] INFO  pages.HomePage - Verifying navigation elements are visible
04:51:20.785 [main] INFO  pages.HomePage - All navigation elements verified successfully
  Then I should see the navigation bar with all elements # stepDefinitions.HomePageSteps.i_should_see_the_navigation_bar_with_all_elements()
04:51:20.785 [main] INFO  hooks.Hooks - Finishing BDD scenario: Verify home page loads - Status: PASSED
04:51:21.046 [main] INFO  hooks.Hooks - BDD test cleanup completed for scenario: Verify home page loads
]]></system-out>
    <system-err><![CDATA[Sep 25, 2025 4:51:17 AM org.openqa.selenium.devtools.CdpVersionFinder findNearestMatch
WARNING: Unable to find an exact match for CDP version 140, returning the closest version; found: 139; Please update to a Selenium version that supports CDP version 140
]]></system-err>
  </testcase>
</testsuite>