<?xml version="1.0" encoding="UTF-8"?>
<testsuite xmlns:xsi="http://www.w3.org/2001/XMLSchema-instance" xsi:noNamespaceSchemaLocation="https://maven.apache.org/surefire/maven-surefire-plugin/xsd/surefire-test-report-3.0.xsd" version="3.0" name="tests.OrderPlacementTest" time="52.174" tests="3" errors="0" skipped="0" failures="0">
  <properties>
[...]
</properties>
  <testcase name="testOrderPlacementWithValidData" classname="tests.OrderPlacementTest" time="19.656">
    <system-out><![CDATA[13:51:07.888 [main] INFO  base.BaseTest - Setting up base test configuration
13:51:07.888 [main] INFO  base.BaseTest - Base test configuration completed
13:51:07.889 [main] INFO  tests.OrderPlacementTest - Setting up order placement test instances
13:51:07.889 [main] INFO  tests.OrderPlacementTest - Order placement test setup completed
13:51:07.890 [main] INFO  tests.OrderPlacementTest - Starting test: Order placement with valid data
13:51:07.890 [main] INFO  tests.OrderPlacementTest - Adding product to cart for order test
13:51:07.890 [main] INFO  pages.HomePage - Opening DemoBlaze home page
13:51:07.890 [main] INFO  c.c.s.WebDriverThreadLocalContainer - No webdriver is bound to current thread: 1 - let's create a new webdriver
13:51:10.850 [main] INFO  c.c.s.webdriver.BrowserResizer - Set browser size to 1920x1080
13:51:11.146 [main] INFO  c.c.s.webdriver.WebDriverFactory - Selenide 7.10.0 / Selenium 4.35.0 / firefox 140.3.0 linux
13:51:15.045 [main] INFO  pages.HomePage - Home page opened successfully
13:51:15.045 [main] INFO  pages.HomePage - Clicking on first product: Samsung galaxy s6
13:51:17.755 [main] INFO  pages.HomePage - Successfully clicked on first product: Samsung galaxy s6
13:51:17.755 [main] INFO  pages.ProductDetailsPage - Clicking 'Add to cart' button
13:51:19.001 [main] INFO  pages.ProductDetailsPage - Successfully clicked 'Add to cart' button
13:51:20.010 [main] INFO  tests.OrderPlacementTest - Alert message: Product added
13:51:20.044 [main] INFO  pages.ProductDetailsPage - Navigating back to home page
13:51:20.243 [main] INFO  pages.ProductDetailsPage - Successfully navigated to home page
13:51:20.243 [main] INFO  tests.OrderPlacementTest - Product added to cart successfully
13:51:20.243 [main] INFO  pages.HomePage - Navigating to cart page
13:51:21.103 [main] INFO  pages.HomePage - Successfully navigated to cart page
13:51:22.217 [main] INFO  pages.CartPage - Verifying cart page headers and elements
13:51:22.348 [main] INFO  pages.CartPage - Cart headers and elements verified successfully
13:51:22.349 [main] INFO  pages.CartPage - Clicking 'Place Order' button
13:51:22.603 [main] INFO  pages.CartPage - Successfully clicked 'Place Order' button
13:51:22.603 [main] INFO  pages.OrderPlacementPage - Verifying order placement form is visible
13:51:23.042 [main] INFO  pages.OrderPlacementPage - Order placement form verified successfully
13:51:23.042 [main] INFO  pages.OrderPlacementPage - Filling complete order details for customer: Emmanuel Arhu
13:51:23.042 [main] INFO  pages.OrderPlacementPage - Filling name field with: Emmanuel Arhu
13:51:23.152 [main] INFO  pages.OrderPlacementPage - Filling country field with: Ghana
13:51:23.206 [main] INFO  pages.OrderPlacementPage - Filling city field with: Takoradi
13:51:23.257 [main] INFO  pages.OrderPlacementPage - Filling credit card field
13:51:23.310 [main] INFO  pages.OrderPlacementPage - Filling month field with: 12
13:51:23.365 [main] INFO  pages.OrderPlacementPage - Filling year field with: 2030
13:51:23.462 [main] INFO  pages.OrderPlacementPage - Order details filled successfully for customer: Emmanuel Arhu
13:51:23.463 [main] INFO  pages.OrderPlacementPage - Clicking 'Purchase' button to complete order
13:51:23.784 [main] INFO  pages.OrderPlacementPage - Purchase button clicked successfully
13:51:24.074 [main] INFO  pages.OrderPlacementPage - Verifying order placement form is visible
13:51:24.213 [main] INFO  pages.OrderPlacementPage - Order placement form verified successfully
13:51:24.214 [main] INFO  pages.OrderPlacementPage - Clicking 'Close' button to cancel order
13:51:24.450 [main] INFO  pages.OrderPlacementPage - Close button clicked successfully
13:51:24.450 [main] INFO  pages.CartPage - Navigating back to home page from cart
13:51:25.559 [main] INFO  pages.CartPage - Successfully navigated to home page from cart
13:51:25.559 [main] INFO  pages.HomePage - Verifying categories section
13:51:26.284 [main] INFO  pages.HomePage - Categories section verified successfully
13:51:26.284 [main] INFO  tests.OrderPlacementTest - Test completed successfully: Order placement with valid data
13:51:26.284 [main] INFO  base.BaseTest - Cleaning up test resources
13:51:27.543 [main] INFO  base.BaseTest - Test cleanup completed
13:51:27.543 [main] INFO  utils.TestListener - Test passed: Test order placement with valid data
]]></system-out>
  </testcase>
  <testcase name="testOrderPlacementFormClose" classname="tests.OrderPlacementTest" time="14.535">
    <system-out><![CDATA[13:51:27.550 [main] INFO  base.BaseTest - Setting up base test configuration
13:51:27.550 [main] INFO  base.BaseTest - Base test configuration completed
13:51:27.550 [main] INFO  tests.OrderPlacementTest - Setting up order placement test instances
13:51:27.551 [main] INFO  tests.OrderPlacementTest - Order placement test setup completed
13:51:27.551 [main] INFO  tests.OrderPlacementTest - Starting test: Order placement form close
13:51:27.551 [main] INFO  tests.OrderPlacementTest - Adding product to cart for order test
13:51:27.551 [main] INFO  pages.HomePage - Opening DemoBlaze home page
13:51:27.551 [main] INFO  c.c.s.WebDriverThreadLocalContainer - No webdriver is bound to current thread: 1 - let's create a new webdriver
13:51:30.983 [main] INFO  c.c.s.webdriver.BrowserResizer - Set browser size to 1920x1080
13:51:31.295 [main] INFO  c.c.s.webdriver.WebDriverFactory - Selenide 7.10.0 / Selenium 4.35.0 / firefox 140.3.0 linux
13:51:33.846 [main] INFO  pages.HomePage - Home page opened successfully
13:51:33.846 [main] INFO  pages.HomePage - Clicking on first product: Samsung galaxy s6
13:51:35.837 [main] INFO  pages.HomePage - Successfully clicked on first product: Samsung galaxy s6
13:51:35.838 [main] INFO  pages.ProductDetailsPage - Clicking 'Add to cart' button
13:51:37.341 [main] INFO  pages.ProductDetailsPage - Successfully clicked 'Add to cart' button
13:51:38.351 [main] INFO  tests.OrderPlacementTest - Alert message: Product added
13:51:38.380 [main] INFO  pages.ProductDetailsPage - Navigating back to home page
13:51:38.863 [main] INFO  pages.ProductDetailsPage - Successfully navigated to home page
13:51:38.863 [main] INFO  tests.OrderPlacementTest - Product added to cart successfully
13:51:38.863 [main] INFO  pages.HomePage - Navigating to cart page
13:51:39.679 [main] INFO  pages.HomePage - Successfully navigated to cart page
13:51:39.679 [main] INFO  pages.CartPage - Clicking 'Place Order' button
13:51:40.030 [main] INFO  pages.CartPage - Successfully clicked 'Place Order' button
13:51:40.031 [main] INFO  pages.OrderPlacementPage - Verifying order placement form is visible
13:51:40.212 [main] INFO  pages.OrderPlacementPage - Order placement form verified successfully
13:51:40.212 [main] INFO  pages.OrderPlacementPage - Filling name field with: Test User
13:51:40.415 [main] INFO  pages.OrderPlacementPage - Filling country field with: Test Country
13:51:40.498 [main] INFO  pages.OrderPlacementPage - Clicking 'Close' button to cancel order
13:51:40.747 [main] INFO  pages.OrderPlacementPage - Close button clicked successfully
13:51:40.748 [main] INFO  tests.OrderPlacementTest - Test completed successfully: Order placement form close
13:51:40.748 [main] INFO  base.BaseTest - Cleaning up test resources
13:51:42.085 [main] INFO  base.BaseTest - Test cleanup completed
13:51:42.085 [main] INFO  utils.TestListener - Test passed: Test order placement form close
]]></system-out>
  </testcase>
  <testcase name="testOrderPlacementWithInvalidData" classname="tests.OrderPlacementTest" time="17.964">
    <system-out><![CDATA[13:51:42.091 [main] INFO  base.BaseTest - Setting up base test configuration
13:51:42.092 [main] INFO  base.BaseTest - Base test configuration completed
13:51:42.092 [main] INFO  tests.OrderPlacementTest - Setting up order placement test instances
13:51:42.092 [main] INFO  tests.OrderPlacementTest - Order placement test setup completed
13:51:42.092 [main] INFO  tests.OrderPlacementTest - Starting test: Order placement with invalid data
13:51:42.092 [main] INFO  tests.OrderPlacementTest - Adding product to cart for order test
13:51:42.092 [main] INFO  pages.HomePage - Opening DemoBlaze home page
13:51:42.092 [main] INFO  c.c.s.WebDriverThreadLocalContainer - No webdriver is bound to current thread: 1 - let's create a new webdriver
13:51:45.811 [main] INFO  c.c.s.webdriver.BrowserResizer - Set browser size to 1920x1080
13:51:46.145 [main] INFO  c.c.s.webdriver.WebDriverFactory - Selenide 7.10.0 / Selenium 4.35.0 / firefox 140.3.0 linux
13:51:48.940 [main] INFO  pages.HomePage - Home page opened successfully
13:51:48.940 [main] INFO  pages.HomePage - Clicking on first product: Samsung galaxy s6
13:51:51.391 [main] INFO  pages.HomePage - Successfully clicked on first product: Samsung galaxy s6
13:51:51.392 [main] INFO  pages.ProductDetailsPage - Clicking 'Add to cart' button
13:51:52.407 [main] INFO  pages.ProductDetailsPage - Successfully clicked 'Add to cart' button
13:51:53.417 [main] INFO  tests.OrderPlacementTest - Alert message: Product added
13:51:53.451 [main] INFO  pages.ProductDetailsPage - Navigating back to home page
13:51:53.978 [main] INFO  pages.ProductDetailsPage - Successfully navigated to home page
13:51:53.978 [main] INFO  tests.OrderPlacementTest - Product added to cart successfully
13:51:53.978 [main] INFO  pages.HomePage - Navigating to cart page
13:51:54.758 [main] INFO  pages.HomePage - Successfully navigated to cart page
13:51:54.758 [main] INFO  pages.CartPage - Verifying cart page headers and elements
13:51:54.990 [main] INFO  pages.CartPage - Cart headers and elements verified successfully
13:51:54.990 [main] INFO  pages.CartPage - Clicking 'Place Order' button
13:51:55.292 [main] INFO  pages.CartPage - Successfully clicked 'Place Order' button
13:51:55.293 [main] INFO  pages.OrderPlacementPage - Verifying order placement form is visible
13:51:55.497 [main] INFO  pages.OrderPlacementPage - Order placement form verified successfully
13:51:55.497 [main] INFO  pages.OrderPlacementPage - Filling complete order details for customer: 1234567890-
13:51:55.497 [main] INFO  pages.OrderPlacementPage - Filling name field with: 1234567890-
13:51:55.664 [main] INFO  pages.OrderPlacementPage - Filling country field with: 1234567890-
13:51:55.735 [main] INFO  pages.OrderPlacementPage - Filling city field with: 1234567890-
13:51:55.877 [main] INFO  pages.OrderPlacementPage - Filling credit card field
13:51:56.002 [main] INFO  pages.OrderPlacementPage - Filling month field with: 1234567890-
13:51:56.088 [main] INFO  pages.OrderPlacementPage - Filling year field with: 1234567890-
13:51:56.147 [main] INFO  pages.OrderPlacementPage - Order details filled successfully for customer: 1234567890-
13:51:56.148 [main] INFO  pages.OrderPlacementPage - Clicking 'Purchase' button to complete order
13:51:56.401 [main] INFO  pages.OrderPlacementPage - Purchase button clicked successfully
13:51:56.661 [main] INFO  pages.OrderPlacementPage - Verifying order placement form is visible
13:51:56.802 [main] INFO  pages.OrderPlacementPage - Order placement form verified successfully
13:51:56.802 [main] INFO  pages.OrderPlacementPage - Clicking 'Close' button to cancel order
13:51:57.043 [main] INFO  pages.OrderPlacementPage - Close button clicked successfully
13:51:57.043 [main] INFO  pages.CartPage - Navigating back to home page from cart
13:51:58.140 [main] INFO  pages.CartPage - Successfully navigated to home page from cart
13:51:58.140 [main] INFO  pages.HomePage - Verifying categories section
13:51:58.868 [main] INFO  pages.HomePage - Categories section verified successfully
13:51:58.868 [main] INFO  tests.OrderPlacementTest - Test completed successfully: Order placement with invalid data
13:51:58.869 [main] INFO  base.BaseTest - Cleaning up test resources
13:52:00.054 [main] INFO  base.BaseTest - Test cleanup completed
13:52:00.054 [main] INFO  utils.TestListener - Test passed: Test order placement with invalid data
]]></system-out>
  </testcase>
</testsuite>