<?xml version="1.0" encoding="UTF-8"?>
<testsuite xmlns:xsi="http://www.w3.org/2001/XMLSchema-instance" xsi:noNamespaceSchemaLocation="https://maven.apache.org/surefire/maven-surefire-plugin/xsd/surefire-test-report-3.0.xsd" version="3.0" name="runners.CucumberTestRunner" time="213.234" tests="38" errors="0" skipped="0" failures="7">
  <properties>
[...]
</properties>
  <testcase name="Add product to cart successfully" classname="DemoBlaze Shopping Cart" time="12.478">
    <system-out><![CDATA[
@Cart @UI @regression @AddToCart @Smoke
Scenario: Add product to cart successfully          # src/test/resources/features/Cart.feature:11
11:00:32.280 [main] INFO  hooks.Hooks - Starting BDD scenario: Add product to cart successfully
11:00:32.280 [main] INFO  hooks.Hooks - BDD test environment configured for scenario: Add product to cart successfully
11:00:32.329 [main] INFO  stepDefinitions.HomePageSteps - BDD Step: Navigating to DemoBlaze home page
11:00:32.329 [main] INFO  pages.HomePage - BDD: Opening home page
11:00:32.330 [main] INFO  pages.HomePage - Opening DemoBlaze home page
11:00:32.330 [main] INFO  c.c.s.WebDriverThreadLocalContainer - No webdriver is bound to current thread: 1 - let's create a new webdriver
11:00:33.059 [main] INFO  c.c.s.webdriver.WebDriverFactory - Selenide 7.10.0 / Selenium 4.35.0 / chrome 140.0.7339.207 linux
11:00:34.576 [main] INFO  pages.HomePage - Home page opened successfully
  Given I navigate to the DemoBlaze home page       # stepDefinitions.HomePageSteps.i_navigate_to_the_demoblaze_home_page()
11:00:34.582 [main] INFO  stepDefinitions.HomePageSteps - BDD Step: Clicking on product Samsung galaxy s6
11:00:34.582 [main] INFO  pages.HomePage - BDD: Clicking on first product: Samsung galaxy s6
11:00:34.582 [main] INFO  pages.HomePage - Clicking on first product: Samsung galaxy s6
11:00:36.022 [main] INFO  pages.HomePage - Successfully clicked on first product: Samsung galaxy s6
  When I click on "Samsung galaxy s6" product       # stepDefinitions.HomePageSteps.i_click_on_product(java.lang.String)
11:00:36.024 [main] INFO  stepDefinitions.CartSteps - BDD Step: Clicking Add to cart cart button
11:00:36.024 [main] INFO  pages.ProductDetailsPage - BDD: Adding product to cart
11:00:36.024 [main] INFO  pages.ProductDetailsPage - Clicking 'Add to cart' button
11:00:36.887 [main] INFO  pages.ProductDetailsPage - Successfully clicked 'Add to cart' button
  And I click "Add to cart" cart button             # stepDefinitions.CartSteps.i_click_cart_button(java.lang.String)
11:00:36.888 [main] INFO  stepDefinitions.CartSteps - BDD Step: Verifying success alert: Product added
  Then I should see success alert "Product added"   # stepDefinitions.CartSteps.i_should_see_success_alert(java.lang.String)
11:00:37.590 [main] INFO  stepDefinitions.CartSteps - BDD Step: Navigating to cart page
11:00:37.590 [main] INFO  pages.HomePage - BDD: Navigating to cart
11:00:37.590 [main] INFO  pages.HomePage - Navigating to cart page
11:00:43.459 [main] INFO  pages.HomePage - Successfully navigated to cart page
  When I navigate to cart page                      # stepDefinitions.CartSteps.i_navigate_to_cart_page()
11:00:43.460 [main] INFO  stepDefinitions.CartSteps - BDD Step: Verifying Samsung galaxy s6 is in cart
11:00:43.461 [main] INFO  pages.CartPage - Verifying product is in cart: Samsung galaxy s6
11:00:44.392 [main] INFO  pages.CartPage - Product verified in cart: Samsung galaxy s6
  Then I should see "Samsung galaxy s6" in the cart # stepDefinitions.CartSteps.i_should_see_in_the_cart(java.lang.String)
11:00:44.393 [main] INFO  stepDefinitions.CartSteps - BDD Step: Verifying cart total price
11:00:44.393 [main] INFO  pages.CartPage - BDD: Verifying cart total is visible
11:00:44.420 [main] INFO  pages.CartPage - BDD: Cart total verified
  And I should see cart total price                 # stepDefinitions.CartSteps.i_should_see_cart_total_price()
11:00:44.423 [main] INFO  hooks.Hooks - Finishing BDD scenario: Add product to cart successfully - Status: PASSED
11:00:44.548 [main] INFO  hooks.Hooks - BDD test cleanup completed for scenario: Add product to cart successfully
]]></system-out>
    <system-err><![CDATA[Sep 29, 2025 11:00:33 AM org.openqa.selenium.devtools.CdpVersionFinder findNearestMatch
WARNING: Unable to find an exact match for CDP version 140, returning the closest version; found: 139; Please update to a Selenium version that supports CDP version 140
]]></system-err>
  </testcase>
  <testcase name="Manage multiple products in cart" classname="DemoBlaze Shopping Cart" time="15.416">
    <failure message="Element not found {By.xpath: //td[normalize-space()=&apos;Nexus 6&apos;]}&#10;Expected: visible&#10;Screenshot: file:/app/target/screenshots/1759143657370.0.png&#10;Page source: file:/app/target/screenshots/1759143657370.0.html&#10;Timeout: 4 s.&#10;Caused by: NoSuchElementException: no such element: Unable to locate element: {&quot;method&quot;:&quot;xpath&quot;,&quot;selector&quot;:&quot;//td[normalize-space()=&apos;Nexus 6&apos;]&quot;}" type="Element not found {By.xpath"><![CDATA[Element not found {By.xpath: //td[normalize-space()='Nexus 6']}
Expected: visible
Screenshot: file:/app/target/screenshots/1759143657370.0.png
Page source: file:/app/target/screenshots/1759143657370.0.html
Timeout: 4 s.
Caused by: NoSuchElementException: no such element: Unable to locate element: {"method":"xpath","selector":"//td[normalize-space()='Nexus 6']"}
	at com.codeborne.selenide.impl.WebElementSource.createElementNotFoundError(WebElementSource.java:89)
	at com.codeborne.selenide.impl.ElementFinder.createElementNotFoundError(ElementFinder.java:129)
	at com.codeborne.selenide.impl.WebElementSource.handleError(WebElementSource.java:140)
	at com.codeborne.selenide.impl.WebElementSource.checkConditionAndReturnElement(WebElementSource.java:123)
	at com.codeborne.selenide.impl.WebElementSource.checkCondition(WebElementSource.java:99)
	at com.codeborne.selenide.commands.Should.execute(Should.java:24)
	at com.codeborne.selenide.FluentCommand.execute(FluentCommand.java:27)
	at com.codeborne.selenide.FluentCommand.execute(FluentCommand.java:19)
	at com.codeborne.selenide.commands.Commands.execute(Commands.java:160)
	at com.codeborne.selenide.impl.SelenideElementProxy.dispatchAndRetry(SelenideElementProxy.java:131)
	at com.codeborne.selenide.impl.SelenideElementProxy.invoke(SelenideElementProxy.java:83)
	at jdk.proxy2/jdk.proxy2.$Proxy23.shouldBe(Unknown Source)
	at pages.CartPage.verifyProductInCart(CartPage.java:74)
	at stepDefinitions.CartSteps.i_should_see_in_the_cart(CartSteps.java:66)
	at ✽.I should see "Nexus 6" in the cart(file:///app/src/test/resources/features/Cart.feature:25)
Caused by: org.openqa.selenium.NoSuchElementException: no such element: Unable to locate element: {"method":"xpath","selector":"//td[normalize-space()='Nexus 6']"}
  (Session info: chrome=140.0.7339.207)
For documentation on this error, please visit: https://www.selenium.dev/documentation/webdriver/troubleshooting/errors#no-such-element-exception
Build info: version: '4.35.0', revision: '1c58e5028b'
System info: os.name: 'Linux', os.arch: 'amd64', os.version: '6.6.87.2-microsoft-standard-WSL2', java.version: '21'
Driver info: org.openqa.selenium.chrome.ChromeDriver
Command: [68f0cb790a34ec6822ada27d476ef91f, findElement {using=xpath, value=//td[normalize-space()='Nexus 6']}]
Capabilities {acceptInsecureCerts: true, browserName: chrome, browserVersion: 140.0.7339.207, chrome: {chromedriverVersion: 140.0.7339.207 (17230b545fd..., userDataDir: /tmp/chrome-user-data-17591...}, fedcm:accounts: true, goog:chromeOptions: {debuggerAddress: localhost:9222}, networkConnectionEnabled: false, pageLoadStrategy: normal, platformName: linux, proxy: Proxy(), se:cdp: ws://localhost:9222/devtool..., se:cdpVersion: 140.0.7339.207, setWindowRect: true, strictFileInteractability: false, timeouts: {implicit: 0, pageLoad: 300000, script: 30000}, unhandledPromptBehavior: accept, webauthn:extension:credBlob: true, webauthn:extension:largeBlob: true, webauthn:extension:minPinLength: true, webauthn:extension:prf: true, webauthn:virtualAuthenticators: true}
Session ID: 68f0cb790a34ec6822ada27d476ef91f
	at java.base/java.lang.reflect.Constructor.newInstanceWithCaller(Constructor.java:502)
	at java.base/java.lang.reflect.Constructor.newInstance(Constructor.java:486)
	at org.openqa.selenium.remote.ErrorCodec.decode(ErrorCodec.java:167)
	at org.openqa.selenium.remote.codec.w3c.W3CHttpResponseCodec.decode(W3CHttpResponseCodec.java:138)
	at org.openqa.selenium.remote.codec.w3c.W3CHttpResponseCodec.decode(W3CHttpResponseCodec.java:50)
	at org.openqa.selenium.remote.HttpCommandExecutor.execute(HttpCommandExecutor.java:215)
	at org.openqa.selenium.remote.service.DriverCommandExecutor.invokeExecute(DriverCommandExecutor.java:216)
	at org.openqa.selenium.remote.service.DriverCommandExecutor.execute(DriverCommandExecutor.java:174)
	at org.openqa.selenium.remote.RemoteWebDriver.execute(RemoteWebDriver.java:557)
	at org.openqa.selenium.remote.ElementLocation$ElementFinder$2.findElement(ElementLocation.java:165)
	at org.openqa.selenium.remote.ElementLocation.findElement(ElementLocation.java:59)
	at org.openqa.selenium.remote.RemoteWebDriver.findElement(RemoteWebDriver.java:380)
	at org.openqa.selenium.remote.RemoteWebDriver.findElement(RemoteWebDriver.java:374)
	at com.codeborne.selenide.impl.WebElementSelector.findElement(WebElementSelector.java:67)
	at com.codeborne.selenide.impl.WebElementSelector.findElement(WebElementSelector.java:38)
	at com.codeborne.selenide.impl.WebElementSelector.findElement(WebElementSelector.java:29)
	at com.codeborne.selenide.impl.ElementFinder.getWebElement(ElementFinder.java:113)
	at com.codeborne.selenide.impl.WebElementSource.checkConditionAndReturnElement(WebElementSource.java:112)
	at com.codeborne.selenide.impl.WebElementSource.checkCondition(WebElementSource.java:99)
	at com.codeborne.selenide.commands.Should.execute(Should.java:24)
	at com.codeborne.selenide.FluentCommand.execute(FluentCommand.java:27)
	at com.codeborne.selenide.FluentCommand.execute(FluentCommand.java:19)
	at com.codeborne.selenide.commands.Commands.execute(Commands.java:160)
	at com.codeborne.selenide.impl.SelenideElementProxy.dispatchAndRetry(SelenideElementProxy.java:131)
	at com.codeborne.selenide.impl.SelenideElementProxy.invoke(SelenideElementProxy.java:83)
	at jdk.proxy2/jdk.proxy2.$Proxy23.shouldBe(Unknown Source)
	at pages.CartPage.verifyProductInCart(CartPage.java:74)
	at stepDefinitions.CartSteps.i_should_see_in_the_cart(CartSteps.java:66)
	at java.base/java.lang.reflect.Method.invoke(Method.java:580)
	at io.cucumber.java.Invoker.doInvoke(Invoker.java:66)
	at io.cucumber.java.Invoker.invoke(Invoker.java:24)
	at io.cucumber.java.AbstractGlueDefinition.invokeMethod(AbstractGlueDefinition.java:47)
	at io.cucumber.java.JavaStepDefinition.execute(JavaStepDefinition.java:29)
	at io.cucumber.core.runner.CoreStepDefinition.execute(CoreStepDefinition.java:66)
	at io.cucumber.core.runner.PickleStepDefinitionMatch.runStep(PickleStepDefinitionMatch.java:63)
	at io.cucumber.core.runner.ExecutionMode$1.execute(ExecutionMode.java:10)
	at io.cucumber.core.runner.TestStep.executeStep(TestStep.java:84)
	at io.cucumber.core.runner.TestStep.run(TestStep.java:56)
	at io.cucumber.core.runner.PickleStepTestStep.run(PickleStepTestStep.java:51)
	at io.cucumber.core.runner.TestCase.run(TestCase.java:84)
	at io.cucumber.core.runner.Runner.runPickle(Runner.java:75)
	at io.cucumber.junit.PickleRunners$NoStepDescriptions.lambda$run$0(PickleRunners.java:151)
	at io.cucumber.core.runtime.CucumberExecutionContext.lambda$runTestCase$5(CucumberExecutionContext.java:137)
	at io.cucumber.core.runtime.RethrowingThrowableCollector.executeAndThrow(RethrowingThrowableCollector.java:23)
	at io.cucumber.core.runtime.CucumberExecutionContext.runTestCase(CucumberExecutionContext.java:137)
	at io.cucumber.junit.PickleRunners$NoStepDescriptions.run(PickleRunners.java:148)
	at io.cucumber.junit.FeatureRunner.runChild(FeatureRunner.java:144)
	at io.cucumber.junit.FeatureRunner.runChild(FeatureRunner.java:28)
	at io.cucumber.junit.FeatureRunner.run(FeatureRunner.java:137)
	at io.cucumber.junit.Cucumber.runChild(Cucumber.java:196)
	at io.cucumber.junit.Cucumber.runChild(Cucumber.java:89)
	at io.cucumber.core.runtime.CucumberExecutionContext.lambda$runFeatures$6(CucumberExecutionContext.java:148)
	at io.cucumber.core.runtime.CucumberExecutionContext.execute(CucumberExecutionContext.java:163)
	at io.cucumber.core.runtime.CucumberExecutionContext.runFeatures(CucumberExecutionContext.java:146)
	at io.cucumber.junit.Cucumber$StartAndFinishTestRun.evaluate(Cucumber.java:226)
]]></failure>
    <system-out><![CDATA[
@Cart @UI @regression @CartManagement @regression
Scenario: Manage multiple products in cart          # src/test/resources/features/Cart.feature:20
11:00:44.562 [main] INFO  hooks.Hooks - Starting BDD scenario: Manage multiple products in cart
11:00:44.562 [main] INFO  hooks.Hooks - BDD test environment configured for scenario: Manage multiple products in cart
11:00:44.563 [main] INFO  stepDefinitions.HomePageSteps - BDD Step: Navigating to DemoBlaze home page
11:00:44.563 [main] INFO  pages.HomePage - BDD: Opening home page
11:00:44.563 [main] INFO  pages.HomePage - Opening DemoBlaze home page
11:00:44.563 [main] INFO  c.c.s.WebDriverThreadLocalContainer - No webdriver is bound to current thread: 1 - let's create a new webdriver
11:00:45.023 [main] INFO  c.c.s.webdriver.WebDriverFactory - Selenide 7.10.0 / Selenium 4.35.0 / chrome 140.0.7339.207 linux
11:00:46.401 [main] INFO  pages.HomePage - Home page opened successfully
  Given I navigate to the DemoBlaze home page       # stepDefinitions.HomePageSteps.i_navigate_to_the_demoblaze_home_page()
11:00:46.403 [main] INFO  stepDefinitions.CartSteps - BDD Step: Adding Samsung galaxy s6 to cart
11:00:46.403 [main] INFO  pages.HomePage - BDD: Clicking on first product: Samsung galaxy s6
11:00:46.403 [main] INFO  pages.HomePage - Clicking on first product: Samsung galaxy s6
11:00:47.883 [main] INFO  pages.HomePage - Successfully clicked on first product: Samsung galaxy s6
11:00:47.883 [main] INFO  pages.ProductDetailsPage - BDD: Adding product to cart
11:00:47.883 [main] INFO  pages.ProductDetailsPage - Clicking 'Add to cart' button
11:00:48.727 [main] INFO  pages.ProductDetailsPage - Successfully clicked 'Add to cart' button
11:00:49.371 [main] INFO  pages.HomePage - BDD: Opening home page
11:00:49.371 [main] INFO  pages.HomePage - Opening DemoBlaze home page
11:00:49.717 [main] INFO  pages.HomePage - Home page opened successfully
  When I add "Samsung galaxy s6" to cart            # stepDefinitions.CartSteps.i_add_to_cart(java.lang.String)
11:00:49.719 [main] INFO  stepDefinitions.CartSteps - BDD Step: Adding Nexus 6 to cart
11:00:49.719 [main] INFO  pages.HomePage - BDD: Clicking on first product: Nexus 6
11:00:49.719 [main] INFO  pages.HomePage - Clicking on first product: Nexus 6
11:00:50.416 [main] INFO  pages.HomePage - Successfully clicked on first product: Nexus 6
11:00:50.416 [main] INFO  pages.ProductDetailsPage - BDD: Adding product to cart
11:00:50.417 [main] INFO  pages.ProductDetailsPage - Clicking 'Add to cart' button
11:00:51.062 [main] INFO  pages.ProductDetailsPage - Successfully clicked 'Add to cart' button
11:00:51.498 [main] INFO  pages.HomePage - BDD: Opening home page
11:00:51.498 [main] INFO  pages.HomePage - Opening DemoBlaze home page
11:00:51.581 [main] INFO  pages.HomePage - Home page opened successfully
  And I add "Nexus 6" to cart                       # stepDefinitions.CartSteps.i_add_to_cart(java.lang.String)
11:00:51.582 [main] INFO  stepDefinitions.CartSteps - BDD Step: Navigating to cart page
11:00:51.582 [main] INFO  pages.HomePage - BDD: Navigating to cart
11:00:51.582 [main] INFO  pages.HomePage - Navigating to cart page
11:00:52.333 [main] INFO  pages.HomePage - Successfully navigated to cart page
  And I navigate to cart page                       # stepDefinitions.CartSteps.i_navigate_to_cart_page()
11:00:52.334 [main] INFO  stepDefinitions.CartSteps - BDD Step: Verifying Samsung galaxy s6 is in cart
11:00:52.334 [main] INFO  pages.CartPage - Verifying product is in cart: Samsung galaxy s6
11:00:53.249 [main] INFO  pages.CartPage - Product verified in cart: Samsung galaxy s6
  Then I should see "Samsung galaxy s6" in the cart # stepDefinitions.CartSteps.i_should_see_in_the_cart(java.lang.String)
11:00:53.250 [main] INFO  stepDefinitions.CartSteps - BDD Step: Verifying Nexus 6 is in cart
11:00:53.250 [main] INFO  pages.CartPage - Verifying product is in cart: Nexus 6
11:00:57.391 [main] INFO  c.c.selenide.impl.AttachmentPrinter - [[ATTACHMENT|/app/target/screenshots/1759143657370.0.html]]
11:00:57.683 [main] INFO  c.c.selenide.impl.AttachmentPrinter - [[ATTACHMENT|/app/target/screenshots/1759143657370.0.png]]
  And I should see "Nexus 6" in the cart            # stepDefinitions.CartSteps.i_should_see_in_the_cart(java.lang.String)
      Element not found {By.xpath: //td[normalize-space()='Nexus 6']}
Expected: visible
Screenshot: file:/app/target/screenshots/1759143657370.0.png
Page source: file:/app/target/screenshots/1759143657370.0.html
Timeout: 4 s.
Caused by: NoSuchElementException: no such element: Unable to locate element: {"method":"xpath","selector":"//td[normalize-space()='Nexus 6']"}
	at com.codeborne.selenide.impl.WebElementSource.createElementNotFoundError(WebElementSource.java:89)
	at com.codeborne.selenide.impl.ElementFinder.createElementNotFoundError(ElementFinder.java:129)
	at com.codeborne.selenide.impl.WebElementSource.handleError(WebElementSource.java:140)
	at com.codeborne.selenide.impl.WebElementSource.checkConditionAndReturnElement(WebElementSource.java:123)
	at com.codeborne.selenide.impl.WebElementSource.checkCondition(WebElementSource.java:99)
	at com.codeborne.selenide.commands.Should.execute(Should.java:24)
	at com.codeborne.selenide.FluentCommand.execute(FluentCommand.java:27)
	at com.codeborne.selenide.FluentCommand.execute(FluentCommand.java:19)
	at com.codeborne.selenide.commands.Commands.execute(Commands.java:160)
	at com.codeborne.selenide.impl.SelenideElementProxy.dispatchAndRetry(SelenideElementProxy.java:131)
	at com.codeborne.selenide.impl.SelenideElementProxy.invoke(SelenideElementProxy.java:83)
	at jdk.proxy2/jdk.proxy2.$Proxy23.shouldBe(Unknown Source)
	at pages.CartPage.verifyProductInCart(CartPage.java:74)
	at stepDefinitions.CartSteps.i_should_see_in_the_cart(CartSteps.java:66)
	at ✽.I should see "Nexus 6" in the cart(file:///app/src/test/resources/features/Cart.feature:25)
Caused by: org.openqa.selenium.NoSuchElementException: no such element: Unable to locate element: {"method":"xpath","selector":"//td[normalize-space()='Nexus 6']"}
  (Session info: chrome=140.0.7339.207)
For documentation on this error, please visit: https://www.selenium.dev/documentation/webdriver/troubleshooting/errors#no-such-element-exception
Build info: version: '4.35.0', revision: '1c58e5028b'
System info: os.name: 'Linux', os.arch: 'amd64', os.version: '6.6.87.2-microsoft-standard-WSL2', java.version: '21'
Driver info: org.openqa.selenium.chrome.ChromeDriver
Command: [68f0cb790a34ec6822ada27d476ef91f, findElement {using=xpath, value=//td[normalize-space()='Nexus 6']}]
Capabilities {acceptInsecureCerts: true, browserName: chrome, browserVersion: 140.0.7339.207, chrome: {chromedriverVersion: 140.0.7339.207 (17230b545fd..., userDataDir: /tmp/chrome-user-data-17591...}, fedcm:accounts: true, goog:chromeOptions: {debuggerAddress: localhost:9222}, networkConnectionEnabled: false, pageLoadStrategy: normal, platformName: linux, proxy: Proxy(), se:cdp: ws://localhost:9222/devtool..., se:cdpVersion: 140.0.7339.207, setWindowRect: true, strictFileInteractability: false, timeouts: {implicit: 0, pageLoad: 300000, script: 30000}, unhandledPromptBehavior: accept, webauthn:extension:credBlob: true, webauthn:extension:largeBlob: true, webauthn:extension:minPinLength: true, webauthn:extension:prf: true, webauthn:virtualAuthenticators: true}
Session ID: 68f0cb790a34ec6822ada27d476ef91f
	at java.base/jdk.internal.reflect.DirectConstructorHandleAccessor.newInstance(DirectConstructorHandleAccessor.java:62)
	at java.base/java.lang.reflect.Constructor.newInstanceWithCaller(Constructor.java:502)
	at java.base/java.lang.reflect.Constructor.newInstance(Constructor.java:486)
	at org.openqa.selenium.remote.ErrorCodec.decode(ErrorCodec.java:167)
	at org.openqa.selenium.remote.codec.w3c.W3CHttpResponseCodec.decode(W3CHttpResponseCodec.java:138)
	at org.openqa.selenium.remote.codec.w3c.W3CHttpResponseCodec.decode(W3CHttpResponseCodec.java:50)
	at org.openqa.selenium.remote.HttpCommandExecutor.execute(HttpCommandExecutor.java:215)
	at org.openqa.selenium.remote.service.DriverCommandExecutor.invokeExecute(DriverCommandExecutor.java:216)
	at org.openqa.selenium.remote.service.DriverCommandExecutor.execute(DriverCommandExecutor.java:174)
	at org.openqa.selenium.remote.RemoteWebDriver.execute(RemoteWebDriver.java:557)
	at org.openqa.selenium.remote.ElementLocation$ElementFinder$2.findElement(ElementLocation.java:165)
	at org.openqa.selenium.remote.ElementLocation.findElement(ElementLocation.java:59)
	at org.openqa.selenium.remote.RemoteWebDriver.findElement(RemoteWebDriver.java:380)
	at org.openqa.selenium.remote.RemoteWebDriver.findElement(RemoteWebDriver.java:374)
	at com.codeborne.selenide.impl.WebElementSelector.findElement(WebElementSelector.java:67)
	at com.codeborne.selenide.impl.WebElementSelector.findElement(WebElementSelector.java:38)
	at com.codeborne.selenide.impl.WebElementSelector.findElement(WebElementSelector.java:29)
	at com.codeborne.selenide.impl.ElementFinder.getWebElement(ElementFinder.java:113)
	at com.codeborne.selenide.impl.WebElementSource.checkConditionAndReturnElement(WebElementSource.java:112)
	at com.codeborne.selenide.impl.WebElementSource.checkCondition(WebElementSource.java:99)
	at com.codeborne.selenide.commands.Should.execute(Should.java:24)
	at com.codeborne.selenide.FluentCommand.execute(FluentCommand.java:27)
	at com.codeborne.selenide.FluentCommand.execute(FluentCommand.java:19)
	at com.codeborne.selenide.commands.Commands.execute(Commands.java:160)
	at com.codeborne.selenide.impl.SelenideElementProxy.dispatchAndRetry(SelenideElementProxy.java:131)
	at com.codeborne.selenide.impl.SelenideElementProxy.invoke(SelenideElementProxy.java:83)
	at jdk.proxy2/jdk.proxy2.$Proxy23.shouldBe(Unknown Source)
	at pages.CartPage.verifyProductInCart(CartPage.java:74)
	at stepDefinitions.CartSteps.i_should_see_in_the_cart(CartSteps.java:66)
	at java.base/jdk.internal.reflect.DirectMethodHandleAccessor.invoke(DirectMethodHandleAccessor.java:103)
	at java.base/java.lang.reflect.Method.invoke(Method.java:580)
	at io.cucumber.java.Invoker.doInvoke(Invoker.java:66)
	at io.cucumber.java.Invoker.invoke(Invoker.java:24)
	at io.cucumber.java.AbstractGlueDefinition.invokeMethod(AbstractGlueDefinition.java:47)
	at io.cucumber.java.JavaStepDefinition.execute(JavaStepDefinition.java:29)
	at io.cucumber.core.runner.CoreStepDefinition.execute(CoreStepDefinition.java:66)
	at io.cucumber.core.runner.PickleStepDefinitionMatch.runStep(PickleStepDefinitionMatch.java:63)
	at io.cucumber.core.runner.ExecutionMode$1.execute(ExecutionMode.java:10)
	at io.cucumber.core.runner.TestStep.executeStep(TestStep.java:84)
	at io.cucumber.core.runner.TestStep.run(TestStep.java:56)
	at io.cucumber.core.runner.PickleStepTestStep.run(PickleStepTestStep.java:51)
	at io.cucumber.core.runner.TestCase.run(TestCase.java:84)
	at io.cucumber.core.runner.Runner.runPickle(Runner.java:75)
	at io.cucumber.junit.PickleRunners$NoStepDescriptions.lambda$run$0(PickleRunners.java:151)
	at io.cucumber.core.runtime.CucumberExecutionContext.lambda$runTestCase$5(CucumberExecutionContext.java:137)
	at io.cucumber.core.runtime.RethrowingThrowableCollector.executeAndThrow(RethrowingThrowableCollector.java:23)
	at io.cucumber.core.runtime.CucumberExecutionContext.runTestCase(CucumberExecutionContext.java:137)
	at io.cucumber.junit.PickleRunners$NoStepDescriptions.run(PickleRunners.java:148)
	at io.cucumber.junit.FeatureRunner.runChild(FeatureRunner.java:144)
	at io.cucumber.junit.FeatureRunner.runChild(FeatureRunner.java:28)
	at org.junit.runners.ParentRunner$4.run(ParentRunner.java:331)
	at org.junit.runners.ParentRunner$1.schedule(ParentRunner.java:79)
	at org.junit.runners.ParentRunner.runChildren(ParentRunner.java:329)
	at org.junit.runners.ParentRunner.access$100(ParentRunner.java:66)
	at org.junit.runners.ParentRunner$2.evaluate(ParentRunner.java:293)
	at org.junit.runners.ParentRunner$3.evaluate(ParentRunner.java:306)
	at org.junit.runners.ParentRunner.run(ParentRunner.java:413)
	at io.cucumber.junit.FeatureRunner.run(FeatureRunner.java:137)
	at io.cucumber.junit.Cucumber.runChild(Cucumber.java:196)
	at io.cucumber.junit.Cucumber.runChild(Cucumber.java:89)
	at org.junit.runners.ParentRunner$4.run(ParentRunner.java:331)
	at org.junit.runners.ParentRunner$1.schedule(ParentRunner.java:79)
	at org.junit.runners.ParentRunner.runChildren(ParentRunner.java:329)
	at org.junit.runners.ParentRunner.access$100(ParentRunner.java:66)
	at org.junit.runners.ParentRunner$2.evaluate(ParentRunner.java:293)
	at io.cucumber.core.runtime.CucumberExecutionContext.lambda$runFeatures$6(CucumberExecutionContext.java:148)
	at io.cucumber.core.runtime.CucumberExecutionContext.execute(CucumberExecutionContext.java:163)
	at io.cucumber.core.runtime.CucumberExecutionContext.runFeatures(CucumberExecutionContext.java:146)
	at io.cucumber.junit.Cucumber$StartAndFinishTestRun.evaluate(Cucumber.java:226)
	at org.junit.runners.ParentRunner$3.evaluate(ParentRunner.java:306)
	at org.junit.runners.ParentRunner.run(ParentRunner.java:413)
	at org.junit.runner.JUnitCore.run(JUnitCore.java:137)
	at org.junit.runner.JUnitCore.run(JUnitCore.java:115)
	at org.junit.vintage.engine.execution.RunnerExecutor.execute(RunnerExecutor.java:42)
	at org.junit.vintage.engine.VintageTestEngine.executeAllChildren(VintageTestEngine.java:80)
	at org.junit.vintage.engine.VintageTestEngine.execute(VintageTestEngine.java:72)
	at org.junit.platform.launcher.core.EngineExecutionOrchestrator.execute(EngineExecutionOrchestrator.java:198)
	at org.junit.platform.launcher.core.EngineExecutionOrchestrator.execute(EngineExecutionOrchestrator.java:169)
	at org.junit.platform.launcher.core.EngineExecutionOrchestrator.execute(EngineExecutionOrchestrator.java:93)
	at org.junit.platform.launcher.core.EngineExecutionOrchestrator.lambda$execute$0(EngineExecutionOrchestrator.java:58)
	at org.junit.platform.launcher.core.EngineExecutionOrchestrator.withInterceptedStreams(EngineExecutionOrchestrator.java:141)
	at org.junit.platform.launcher.core.EngineExecutionOrchestrator.execute(EngineExecutionOrchestrator.java:57)
	at org.junit.platform.launcher.core.DefaultLauncher.execute(DefaultLauncher.java:103)
	at org.junit.platform.launcher.core.DefaultLauncher.execute(DefaultLauncher.java:85)
	at org.junit.platform.launcher.core.DelegatingLauncher.execute(DelegatingLauncher.java:47)
	at org.apache.maven.surefire.junitplatform.LazyLauncher.execute(LazyLauncher.java:55)
	at org.apache.maven.surefire.junitplatform.JUnitPlatformProvider.execute(JUnitPlatformProvider.java:223)
	at org.apache.maven.surefire.junitplatform.JUnitPlatformProvider.invokeAllTests(JUnitPlatformProvider.java:175)
	at org.apache.maven.surefire.junitplatform.JUnitPlatformProvider.invoke(JUnitPlatformProvider.java:139)
	at org.apache.maven.surefire.booter.ForkedBooter.runSuitesInProcess(ForkedBooter.java:456)
	at org.apache.maven.surefire.booter.ForkedBooter.execute(ForkedBooter.java:169)
	at org.apache.maven.surefire.booter.ForkedBooter.run(ForkedBooter.java:595)
	at org.apache.maven.surefire.booter.ForkedBooter.main(ForkedBooter.java:581)

  And the cart total should reflect both products   # stepDefinitions.CartSteps.the_cart_total_should_reflect_both_products()
11:00:55.742 [main] INFO  hooks.Hooks - Finishing BDD scenario: Manage multiple products in cart - Status: FAILED
11:00:55.743 [main] ERROR hooks.Hooks - Scenario failed: Manage multiple products in cart
11:00:55.758 [main] INFO  c.c.selenide.impl.AttachmentPrinter - [[ATTACHMENT|/app/target/screenshots/failed_scenario_1759143655743.html]]
11:00:59.770 [main] INFO  c.c.selenide.impl.AttachmentPrinter - [[ATTACHMENT|/app/target/screenshots/failed_scenario_1759143655743.png]]
11:00:59.771 [main] ERROR hooks.Hooks - Failed to capture screenshot: file:/app/target/screenshots/failed_scenario_1759143655743.png
11:00:59.957 [main] INFO  hooks.Hooks - BDD test cleanup completed for scenario: Manage multiple products in cart
]]></system-out>
    <system-err><![CDATA[Sep 29, 2025 11:00:45 AM org.openqa.selenium.devtools.CdpVersionFinder findNearestMatch
WARNING: Unable to find an exact match for CDP version 140, returning the closest version; found: 139; Please update to a Selenium version that supports CDP version 140
]]></system-err>
  </testcase>
  <testcase name="Remove product from cart" classname="DemoBlaze Shopping Cart" time="6.679">
    <system-out><![CDATA[
@Cart @UI @regression @RemoveFromCart @Functional @Smoke
Scenario: Remove product from cart                   # src/test/resources/features/Cart.feature:29
11:00:59.986 [main] INFO  hooks.Hooks - Starting BDD scenario: Remove product from cart
11:00:59.986 [main] INFO  hooks.Hooks - BDD test environment configured for scenario: Remove product from cart
11:00:59.987 [main] INFO  stepDefinitions.HomePageSteps - BDD Step: Navigating to DemoBlaze home page
11:00:59.988 [main] INFO  pages.HomePage - BDD: Opening home page
11:00:59.988 [main] INFO  pages.HomePage - Opening DemoBlaze home page
11:00:59.988 [main] INFO  c.c.s.WebDriverThreadLocalContainer - No webdriver is bound to current thread: 1 - let's create a new webdriver
11:01:00.456 [main] INFO  c.c.s.webdriver.WebDriverFactory - Selenide 7.10.0 / Selenium 4.35.0 / chrome 140.0.7339.207 linux
11:01:01.799 [main] INFO  pages.HomePage - Home page opened successfully
  Given I navigate to the DemoBlaze home page        # stepDefinitions.HomePageSteps.i_navigate_to_the_demoblaze_home_page()
11:01:01.801 [main] INFO  stepDefinitions.CartSteps - BDD Step: Adding Samsung galaxy s6 to cart as precondition
11:01:01.801 [main] INFO  stepDefinitions.CartSteps - BDD Step: Adding Samsung galaxy s6 to cart
11:01:01.801 [main] INFO  pages.HomePage - BDD: Clicking on first product: Samsung galaxy s6
11:01:01.801 [main] INFO  pages.HomePage - Clicking on first product: Samsung galaxy s6
11:01:03.262 [main] INFO  pages.HomePage - Successfully clicked on first product: Samsung galaxy s6
11:01:03.262 [main] INFO  pages.ProductDetailsPage - BDD: Adding product to cart
11:01:03.262 [main] INFO  pages.ProductDetailsPage - Clicking 'Add to cart' button
11:01:03.954 [main] INFO  pages.ProductDetailsPage - Successfully clicked 'Add to cart' button
11:01:04.595 [main] INFO  pages.HomePage - BDD: Opening home page
11:01:04.595 [main] INFO  pages.HomePage - Opening DemoBlaze home page
11:01:04.652 [main] INFO  pages.HomePage - Home page opened successfully
  Given I have "Samsung galaxy s6" in my cart        # stepDefinitions.CartSteps.i_have_in_my_cart(java.lang.String)
11:01:04.653 [main] INFO  stepDefinitions.CartSteps - BDD Step: Navigating to cart page
11:01:04.653 [main] INFO  pages.HomePage - BDD: Navigating to cart
11:01:04.653 [main] INFO  pages.HomePage - Navigating to cart page
11:01:05.471 [main] INFO  pages.HomePage - Successfully navigated to cart page
  When I navigate to cart page                       # stepDefinitions.CartSteps.i_navigate_to_cart_page()
11:01:05.473 [main] INFO  stepDefinitions.CartSteps - BDD Step: Removing Samsung galaxy s6 from cart
11:01:05.473 [main] INFO  pages.CartPage - BDD: Removing product from cart: Samsung galaxy s6
11:01:05.473 [main] INFO  pages.CartPage - Deleting product from cart: Samsung galaxy s6
11:01:06.528 [main] INFO  pages.CartPage - Successfully deleted product from cart: Samsung galaxy s6
  And I remove "Samsung galaxy s6" from cart         # stepDefinitions.CartSteps.i_remove_from_cart(java.lang.String)
11:01:06.528 [main] INFO  stepDefinitions.CartSteps - BDD Step: Verifying Samsung galaxy s6 is not in cart
  Then "Samsung galaxy s6" should not be in the cart # stepDefinitions.CartSteps.should_not_be_in_the_cart(java.lang.String)
11:01:06.530 [main] INFO  stepDefinitions.CartSteps - BDD Step: Verifying cart is empty or shows updated total
  And the cart should be empty or show updated total # stepDefinitions.CartSteps.the_cart_should_be_empty_or_show_updated_total()
11:01:06.531 [main] INFO  hooks.Hooks - Finishing BDD scenario: Remove product from cart - Status: PASSED
11:01:06.657 [main] INFO  hooks.Hooks - BDD test cleanup completed for scenario: Remove product from cart
]]></system-out>
    <system-err><![CDATA[Sep 29, 2025 11:01:00 AM org.openqa.selenium.devtools.CdpVersionFinder findNearestMatch
WARNING: Unable to find an exact match for CDP version 140, returning the closest version; found: 139; Please update to a Selenium version that supports CDP version 140
]]></system-err>
  </testcase>
  <testcase name="Verify empty cart behavior" classname="DemoBlaze Shopping Cart" time="0.963">
    <system-out><![CDATA[
@Cart @UI @regression @EmptyCart @Edge @Smoke
Scenario: Verify empty cart behavior                    # src/test/resources/features/Cart.feature:37
11:01:06.670 [main] INFO  hooks.Hooks - Starting BDD scenario: Verify empty cart behavior
11:01:06.671 [main] INFO  hooks.Hooks - BDD test environment configured for scenario: Verify empty cart behavior
11:01:06.673 [main] INFO  stepDefinitions.HomePageSteps - BDD Step: Navigating to DemoBlaze home page
11:01:06.673 [main] INFO  pages.HomePage - BDD: Opening home page
11:01:06.673 [main] INFO  pages.HomePage - Opening DemoBlaze home page
11:01:06.673 [main] INFO  c.c.s.WebDriverThreadLocalContainer - No webdriver is bound to current thread: 1 - let's create a new webdriver
11:01:07.082 [main] INFO  c.c.s.webdriver.WebDriverFactory - Selenide 7.10.0 / Selenium 4.35.0 / chrome 140.0.7339.207 linux
11:01:07.308 [main] INFO  pages.HomePage - Home page opened successfully
  Given I navigate to the DemoBlaze home page           # stepDefinitions.HomePageSteps.i_navigate_to_the_demoblaze_home_page()
11:01:07.309 [main] INFO  stepDefinitions.CartSteps - BDD Step: Navigating to cart page without adding products
11:01:07.309 [main] INFO  pages.HomePage - BDD: Navigating to cart
11:01:07.309 [main] INFO  pages.HomePage - Navigating to cart page
11:01:07.510 [main] INFO  pages.HomePage - Successfully navigated to cart page
  When I navigate to cart page without adding products  # stepDefinitions.CartSteps.i_navigate_to_cart_page_without_adding_products()
11:01:07.511 [main] INFO  stepDefinitions.CartSteps - BDD Step: Verifying cart is empty
  Then I should see an empty cart                       # stepDefinitions.CartSteps.i_should_see_an_empty_cart()
11:01:07.512 [main] INFO  stepDefinitions.CartSteps - BDD Step: Verifying cart total for empty cart
  And the total should show appropriate message or zero # stepDefinitions.CartSteps.the_total_should_show_appropriate_message_or_zero()
11:01:07.513 [main] INFO  hooks.Hooks - Finishing BDD scenario: Verify empty cart behavior - Status: PASSED
11:01:07.622 [main] INFO  hooks.Hooks - BDD test cleanup completed for scenario: Verify empty cart behavior
]]></system-out>
    <system-err><![CDATA[Sep 29, 2025 11:01:07 AM org.openqa.selenium.devtools.CdpVersionFinder findNearestMatch
WARNING: Unable to find an exact match for CDP version 140, returning the closest version; found: 139; Please update to a Selenium version that supports CDP version 140
]]></system-err>
  </testcase>
  <testcase name="Verify cart maintains items across navigation" classname="DemoBlaze Shopping Cart" time="9.04">
    <failure message="Element not found {By.xpath: //td[normalize-space()=&apos;Nokia lumia 1520&apos;]}&#10;Expected: visible&#10;Screenshot: file:/app/target/screenshots/1759143675749.1.png&#10;Page source: file:/app/target/screenshots/1759143675749.1.html&#10;Timeout: 4 s.&#10;Caused by: NoSuchElementException: no such element: Unable to locate element: {&quot;method&quot;:&quot;xpath&quot;,&quot;selector&quot;:&quot;//td[normalize-space()=&apos;Nokia lumia 1520&apos;]&quot;}" type="Element not found {By.xpath"><![CDATA[Element not found {By.xpath: //td[normalize-space()='Nokia lumia 1520']}
Expected: visible
Screenshot: file:/app/target/screenshots/1759143675749.1.png
Page source: file:/app/target/screenshots/1759143675749.1.html
Timeout: 4 s.
Caused by: NoSuchElementException: no such element: Unable to locate element: {"method":"xpath","selector":"//td[normalize-space()='Nokia lumia 1520']"}
	at com.codeborne.selenide.impl.WebElementSource.createElementNotFoundError(WebElementSource.java:89)
	at com.codeborne.selenide.impl.ElementFinder.createElementNotFoundError(ElementFinder.java:129)
	at com.codeborne.selenide.impl.WebElementSource.handleError(WebElementSource.java:140)
	at com.codeborne.selenide.impl.WebElementSource.checkConditionAndReturnElement(WebElementSource.java:123)
	at com.codeborne.selenide.impl.WebElementSource.checkCondition(WebElementSource.java:99)
	at com.codeborne.selenide.commands.Should.execute(Should.java:24)
	at com.codeborne.selenide.FluentCommand.execute(FluentCommand.java:27)
	at com.codeborne.selenide.FluentCommand.execute(FluentCommand.java:19)
	at com.codeborne.selenide.commands.Commands.execute(Commands.java:160)
	at com.codeborne.selenide.impl.SelenideElementProxy.dispatchAndRetry(SelenideElementProxy.java:131)
	at com.codeborne.selenide.impl.SelenideElementProxy.invoke(SelenideElementProxy.java:83)
	at jdk.proxy2/jdk.proxy2.$Proxy23.shouldBe(Unknown Source)
	at pages.CartPage.verifyProductInCart(CartPage.java:74)
	at stepDefinitions.CartSteps.should_still_be_in_the_cart(CartSteps.java:172)
	at ✽."Nokia lumia 1520" should still be in the cart(file:///app/src/test/resources/features/Cart.feature:47)
Caused by: org.openqa.selenium.NoSuchElementException: no such element: Unable to locate element: {"method":"xpath","selector":"//td[normalize-space()='Nokia lumia 1520']"}
  (Session info: chrome=140.0.7339.207)
For documentation on this error, please visit: https://www.selenium.dev/documentation/webdriver/troubleshooting/errors#no-such-element-exception
Build info: version: '4.35.0', revision: '1c58e5028b'
System info: os.name: 'Linux', os.arch: 'amd64', os.version: '6.6.87.2-microsoft-standard-WSL2', java.version: '21'
Driver info: org.openqa.selenium.chrome.ChromeDriver
Command: [fc791c114d050eea76c8dbf2af236120, findElement {using=xpath, value=//td[normalize-space()='Nokia lumia 1520']}]
Capabilities {acceptInsecureCerts: true, browserName: chrome, browserVersion: 140.0.7339.207, chrome: {chromedriverVersion: 140.0.7339.207 (17230b545fd..., userDataDir: /tmp/chrome-user-data-17591...}, fedcm:accounts: true, goog:chromeOptions: {debuggerAddress: localhost:9222}, networkConnectionEnabled: false, pageLoadStrategy: normal, platformName: linux, proxy: Proxy(), se:cdp: ws://localhost:9222/devtool..., se:cdpVersion: 140.0.7339.207, setWindowRect: true, strictFileInteractability: false, timeouts: {implicit: 0, pageLoad: 300000, script: 30000}, unhandledPromptBehavior: accept, webauthn:extension:credBlob: true, webauthn:extension:largeBlob: true, webauthn:extension:minPinLength: true, webauthn:extension:prf: true, webauthn:virtualAuthenticators: true}
Session ID: fc791c114d050eea76c8dbf2af236120
	at java.base/java.lang.reflect.Constructor.newInstanceWithCaller(Constructor.java:502)
	at java.base/java.lang.reflect.Constructor.newInstance(Constructor.java:486)
	at org.openqa.selenium.remote.ErrorCodec.decode(ErrorCodec.java:167)
	at org.openqa.selenium.remote.codec.w3c.W3CHttpResponseCodec.decode(W3CHttpResponseCodec.java:138)
	at org.openqa.selenium.remote.codec.w3c.W3CHttpResponseCodec.decode(W3CHttpResponseCodec.java:50)
	at org.openqa.selenium.remote.HttpCommandExecutor.execute(HttpCommandExecutor.java:215)
	at org.openqa.selenium.remote.service.DriverCommandExecutor.invokeExecute(DriverCommandExecutor.java:216)
	at org.openqa.selenium.remote.service.DriverCommandExecutor.execute(DriverCommandExecutor.java:174)
	at org.openqa.selenium.remote.RemoteWebDriver.execute(RemoteWebDriver.java:557)
	at org.openqa.selenium.remote.ElementLocation$ElementFinder$2.findElement(ElementLocation.java:165)
	at org.openqa.selenium.remote.ElementLocation.findElement(ElementLocation.java:59)
	at org.openqa.selenium.remote.RemoteWebDriver.findElement(RemoteWebDriver.java:380)
	at org.openqa.selenium.remote.RemoteWebDriver.findElement(RemoteWebDriver.java:374)
	at com.codeborne.selenide.impl.WebElementSelector.findElement(WebElementSelector.java:67)
	at com.codeborne.selenide.impl.WebElementSelector.findElement(WebElementSelector.java:38)
	at com.codeborne.selenide.impl.WebElementSelector.findElement(WebElementSelector.java:29)
	at com.codeborne.selenide.impl.ElementFinder.getWebElement(ElementFinder.java:113)
	at com.codeborne.selenide.impl.WebElementSource.checkConditionAndReturnElement(WebElementSource.java:112)
	at com.codeborne.selenide.impl.WebElementSource.checkCondition(WebElementSource.java:99)
	at com.codeborne.selenide.commands.Should.execute(Should.java:24)
	at com.codeborne.selenide.FluentCommand.execute(FluentCommand.java:27)
	at com.codeborne.selenide.FluentCommand.execute(FluentCommand.java:19)
	at com.codeborne.selenide.commands.Commands.execute(Commands.java:160)
	at com.codeborne.selenide.impl.SelenideElementProxy.dispatchAndRetry(SelenideElementProxy.java:131)
	at com.codeborne.selenide.impl.SelenideElementProxy.invoke(SelenideElementProxy.java:83)
	at jdk.proxy2/jdk.proxy2.$Proxy23.shouldBe(Unknown Source)
	at pages.CartPage.verifyProductInCart(CartPage.java:74)
	at stepDefinitions.CartSteps.should_still_be_in_the_cart(CartSteps.java:172)
	at java.base/java.lang.reflect.Method.invoke(Method.java:580)
	at io.cucumber.java.Invoker.doInvoke(Invoker.java:66)
	at io.cucumber.java.Invoker.invoke(Invoker.java:24)
	at io.cucumber.java.AbstractGlueDefinition.invokeMethod(AbstractGlueDefinition.java:47)
	at io.cucumber.java.JavaStepDefinition.execute(JavaStepDefinition.java:29)
	at io.cucumber.core.runner.CoreStepDefinition.execute(CoreStepDefinition.java:66)
	at io.cucumber.core.runner.PickleStepDefinitionMatch.runStep(PickleStepDefinitionMatch.java:63)
	at io.cucumber.core.runner.ExecutionMode$1.execute(ExecutionMode.java:10)
	at io.cucumber.core.runner.TestStep.executeStep(TestStep.java:84)
	at io.cucumber.core.runner.TestStep.run(TestStep.java:56)
	at io.cucumber.core.runner.PickleStepTestStep.run(PickleStepTestStep.java:51)
	at io.cucumber.core.runner.TestCase.run(TestCase.java:84)
	at io.cucumber.core.runner.Runner.runPickle(Runner.java:75)
	at io.cucumber.junit.PickleRunners$NoStepDescriptions.lambda$run$0(PickleRunners.java:151)
	at io.cucumber.core.runtime.CucumberExecutionContext.lambda$runTestCase$5(CucumberExecutionContext.java:137)
	at io.cucumber.core.runtime.RethrowingThrowableCollector.executeAndThrow(RethrowingThrowableCollector.java:23)
	at io.cucumber.core.runtime.CucumberExecutionContext.runTestCase(CucumberExecutionContext.java:137)
	at io.cucumber.junit.PickleRunners$NoStepDescriptions.run(PickleRunners.java:148)
	at io.cucumber.junit.FeatureRunner.runChild(FeatureRunner.java:144)
	at io.cucumber.junit.FeatureRunner.runChild(FeatureRunner.java:28)
	at io.cucumber.junit.FeatureRunner.run(FeatureRunner.java:137)
	at io.cucumber.junit.Cucumber.runChild(Cucumber.java:196)
	at io.cucumber.junit.Cucumber.runChild(Cucumber.java:89)
	at io.cucumber.core.runtime.CucumberExecutionContext.lambda$runFeatures$6(CucumberExecutionContext.java:148)
	at io.cucumber.core.runtime.CucumberExecutionContext.execute(CucumberExecutionContext.java:163)
	at io.cucumber.core.runtime.CucumberExecutionContext.runFeatures(CucumberExecutionContext.java:146)
	at io.cucumber.junit.Cucumber$StartAndFinishTestRun.evaluate(Cucumber.java:226)
]]></failure>
    <system-out><![CDATA[
@Cart @UI @regression @CartPersistence @Functional @regression
Scenario: Verify cart maintains items across navigation # src/test/resources/features/Cart.feature:43
11:01:07.631 [main] INFO  hooks.Hooks - Starting BDD scenario: Verify cart maintains items across navigation
11:01:07.631 [main] INFO  hooks.Hooks - BDD test environment configured for scenario: Verify cart maintains items across navigation
11:01:07.632 [main] INFO  stepDefinitions.HomePageSteps - BDD Step: Navigating to DemoBlaze home page
11:01:07.632 [main] INFO  pages.HomePage - BDD: Opening home page
11:01:07.632 [main] INFO  pages.HomePage - Opening DemoBlaze home page
11:01:07.632 [main] INFO  c.c.s.WebDriverThreadLocalContainer - No webdriver is bound to current thread: 1 - let's create a new webdriver
11:01:08.018 [main] INFO  c.c.s.webdriver.WebDriverFactory - Selenide 7.10.0 / Selenium 4.35.0 / chrome 140.0.7339.207 linux
11:01:08.235 [main] INFO  pages.HomePage - Home page opened successfully
  Given I navigate to the DemoBlaze home page           # stepDefinitions.HomePageSteps.i_navigate_to_the_demoblaze_home_page()
11:01:08.236 [main] INFO  stepDefinitions.CartSteps - BDD Step: Adding Nokia lumia 1520 to cart
11:01:08.236 [main] INFO  pages.HomePage - BDD: Clicking on first product: Nokia lumia 1520
11:01:08.237 [main] INFO  pages.HomePage - Clicking on first product: Nokia lumia 1520
11:01:09.159 [main] INFO  pages.HomePage - Successfully clicked on first product: Nokia lumia 1520
11:01:09.159 [main] INFO  pages.ProductDetailsPage - BDD: Adding product to cart
11:01:09.159 [main] INFO  pages.ProductDetailsPage - Clicking 'Add to cart' button
11:01:09.997 [main] INFO  pages.ProductDetailsPage - Successfully clicked 'Add to cart' button
11:01:10.642 [main] INFO  pages.HomePage - BDD: Opening home page
11:01:10.642 [main] INFO  pages.HomePage - Opening DemoBlaze home page
11:01:10.740 [main] INFO  pages.HomePage - Home page opened successfully
  Given I add "Nokia lumia 1520" to cart                # stepDefinitions.CartSteps.i_add_to_cart(java.lang.String)
11:01:10.741 [main] INFO  stepDefinitions.CartSteps - BDD Step: Navigating to different pages
11:01:10.741 [main] INFO  pages.HomePage - BDD: Opening home page
11:01:10.741 [main] INFO  pages.HomePage - Opening DemoBlaze home page
11:01:10.808 [main] INFO  pages.HomePage - Home page opened successfully
  When I navigate to different pages                    # stepDefinitions.CartSteps.i_navigate_to_different_pages()
11:01:10.809 [main] INFO  stepDefinitions.CartSteps - BDD Step: Returning to cart page
11:01:10.810 [main] INFO  pages.HomePage - BDD: Navigating to cart
11:01:10.810 [main] INFO  pages.HomePage - Navigating to cart page
11:01:11.595 [main] INFO  pages.HomePage - Successfully navigated to cart page
  And I return to cart page                             # stepDefinitions.CartSteps.i_return_to_cart_page()
11:01:11.597 [main] INFO  stepDefinitions.CartSteps - BDD Step: Verifying Nokia lumia 1520 still in cart after navigation
11:01:11.597 [main] INFO  pages.CartPage - Verifying product is in cart: Nokia lumia 1520
11:01:15.767 [main] INFO  c.c.selenide.impl.AttachmentPrinter - [[ATTACHMENT|/app/target/screenshots/1759143675749.1.html]]
11:01:15.999 [main] INFO  c.c.selenide.impl.AttachmentPrinter - [[ATTACHMENT|/app/target/screenshots/1759143675749.1.png]]
  Then "Nokia lumia 1520" should still be in the cart   # stepDefinitions.CartSteps.should_still_be_in_the_cart(java.lang.String)
      Element not found {By.xpath: //td[normalize-space()='Nokia lumia 1520']}
Expected: visible
Screenshot: file:/app/target/screenshots/1759143675749.1.png
Page source: file:/app/target/screenshots/1759143675749.1.html
Timeout: 4 s.
Caused by: NoSuchElementException: no such element: Unable to locate element: {"method":"xpath","selector":"//td[normalize-space()='Nokia lumia 1520']"}
	at com.codeborne.selenide.impl.WebElementSource.createElementNotFoundError(WebElementSource.java:89)
	at com.codeborne.selenide.impl.ElementFinder.createElementNotFoundError(ElementFinder.java:129)
	at com.codeborne.selenide.impl.WebElementSource.handleError(WebElementSource.java:140)
	at com.codeborne.selenide.impl.WebElementSource.checkConditionAndReturnElement(WebElementSource.java:123)
	at com.codeborne.selenide.impl.WebElementSource.checkCondition(WebElementSource.java:99)
	at com.codeborne.selenide.commands.Should.execute(Should.java:24)
	at com.codeborne.selenide.FluentCommand.execute(FluentCommand.java:27)
	at com.codeborne.selenide.FluentCommand.execute(FluentCommand.java:19)
	at com.codeborne.selenide.commands.Commands.execute(Commands.java:160)
	at com.codeborne.selenide.impl.SelenideElementProxy.dispatchAndRetry(SelenideElementProxy.java:131)
	at com.codeborne.selenide.impl.SelenideElementProxy.invoke(SelenideElementProxy.java:83)
	at jdk.proxy2/jdk.proxy2.$Proxy23.shouldBe(Unknown Source)
	at pages.CartPage.verifyProductInCart(CartPage.java:74)
	at stepDefinitions.CartSteps.should_still_be_in_the_cart(CartSteps.java:172)
	at ✽."Nokia lumia 1520" should still be in the cart(file:///app/src/test/resources/features/Cart.feature:47)
Caused by: org.openqa.selenium.NoSuchElementException: no such element: Unable to locate element: {"method":"xpath","selector":"//td[normalize-space()='Nokia lumia 1520']"}
  (Session info: chrome=140.0.7339.207)
For documentation on this error, please visit: https://www.selenium.dev/documentation/webdriver/troubleshooting/errors#no-such-element-exception
Build info: version: '4.35.0', revision: '1c58e5028b'
System info: os.name: 'Linux', os.arch: 'amd64', os.version: '6.6.87.2-microsoft-standard-WSL2', java.version: '21'
Driver info: org.openqa.selenium.chrome.ChromeDriver
Command: [fc791c114d050eea76c8dbf2af236120, findElement {using=xpath, value=//td[normalize-space()='Nokia lumia 1520']}]
Capabilities {acceptInsecureCerts: true, browserName: chrome, browserVersion: 140.0.7339.207, chrome: {chromedriverVersion: 140.0.7339.207 (17230b545fd..., userDataDir: /tmp/chrome-user-data-17591...}, fedcm:accounts: true, goog:chromeOptions: {debuggerAddress: localhost:9222}, networkConnectionEnabled: false, pageLoadStrategy: normal, platformName: linux, proxy: Proxy(), se:cdp: ws://localhost:9222/devtool..., se:cdpVersion: 140.0.7339.207, setWindowRect: true, strictFileInteractability: false, timeouts: {implicit: 0, pageLoad: 300000, script: 30000}, unhandledPromptBehavior: accept, webauthn:extension:credBlob: true, webauthn:extension:largeBlob: true, webauthn:extension:minPinLength: true, webauthn:extension:prf: true, webauthn:virtualAuthenticators: true}
Session ID: fc791c114d050eea76c8dbf2af236120
	at java.base/jdk.internal.reflect.DirectConstructorHandleAccessor.newInstance(DirectConstructorHandleAccessor.java:62)
	at java.base/java.lang.reflect.Constructor.newInstanceWithCaller(Constructor.java:502)
	at java.base/java.lang.reflect.Constructor.newInstance(Constructor.java:486)
	at org.openqa.selenium.remote.ErrorCodec.decode(ErrorCodec.java:167)
	at org.openqa.selenium.remote.codec.w3c.W3CHttpResponseCodec.decode(W3CHttpResponseCodec.java:138)
	at org.openqa.selenium.remote.codec.w3c.W3CHttpResponseCodec.decode(W3CHttpResponseCodec.java:50)
	at org.openqa.selenium.remote.HttpCommandExecutor.execute(HttpCommandExecutor.java:215)
	at org.openqa.selenium.remote.service.DriverCommandExecutor.invokeExecute(DriverCommandExecutor.java:216)
	at org.openqa.selenium.remote.service.DriverCommandExecutor.execute(DriverCommandExecutor.java:174)
	at org.openqa.selenium.remote.RemoteWebDriver.execute(RemoteWebDriver.java:557)
	at org.openqa.selenium.remote.ElementLocation$ElementFinder$2.findElement(ElementLocation.java:165)
	at org.openqa.selenium.remote.ElementLocation.findElement(ElementLocation.java:59)
	at org.openqa.selenium.remote.RemoteWebDriver.findElement(RemoteWebDriver.java:380)
	at org.openqa.selenium.remote.RemoteWebDriver.findElement(RemoteWebDriver.java:374)
	at com.codeborne.selenide.impl.WebElementSelector.findElement(WebElementSelector.java:67)
	at com.codeborne.selenide.impl.WebElementSelector.findElement(WebElementSelector.java:38)
	at com.codeborne.selenide.impl.WebElementSelector.findElement(WebElementSelector.java:29)
	at com.codeborne.selenide.impl.ElementFinder.getWebElement(ElementFinder.java:113)
	at com.codeborne.selenide.impl.WebElementSource.checkConditionAndReturnElement(WebElementSource.java:112)
	at com.codeborne.selenide.impl.WebElementSource.checkCondition(WebElementSource.java:99)
	at com.codeborne.selenide.commands.Should.execute(Should.java:24)
	at com.codeborne.selenide.FluentCommand.execute(FluentCommand.java:27)
	at com.codeborne.selenide.FluentCommand.execute(FluentCommand.java:19)
	at com.codeborne.selenide.commands.Commands.execute(Commands.java:160)
	at com.codeborne.selenide.impl.SelenideElementProxy.dispatchAndRetry(SelenideElementProxy.java:131)
	at com.codeborne.selenide.impl.SelenideElementProxy.invoke(SelenideElementProxy.java:83)
	at jdk.proxy2/jdk.proxy2.$Proxy23.shouldBe(Unknown Source)
	at pages.CartPage.verifyProductInCart(CartPage.java:74)
	at stepDefinitions.CartSteps.should_still_be_in_the_cart(CartSteps.java:172)
	at java.base/jdk.internal.reflect.DirectMethodHandleAccessor.invoke(DirectMethodHandleAccessor.java:103)
	at java.base/java.lang.reflect.Method.invoke(Method.java:580)
	at io.cucumber.java.Invoker.doInvoke(Invoker.java:66)
	at io.cucumber.java.Invoker.invoke(Invoker.java:24)
	at io.cucumber.java.AbstractGlueDefinition.invokeMethod(AbstractGlueDefinition.java:47)
	at io.cucumber.java.JavaStepDefinition.execute(JavaStepDefinition.java:29)
	at io.cucumber.core.runner.CoreStepDefinition.execute(CoreStepDefinition.java:66)
	at io.cucumber.core.runner.PickleStepDefinitionMatch.runStep(PickleStepDefinitionMatch.java:63)
	at io.cucumber.core.runner.ExecutionMode$1.execute(ExecutionMode.java:10)
	at io.cucumber.core.runner.TestStep.executeStep(TestStep.java:84)
	at io.cucumber.core.runner.TestStep.run(TestStep.java:56)
	at io.cucumber.core.runner.PickleStepTestStep.run(PickleStepTestStep.java:51)
	at io.cucumber.core.runner.TestCase.run(TestCase.java:84)
	at io.cucumber.core.runner.Runner.runPickle(Runner.java:75)
	at io.cucumber.junit.PickleRunners$NoStepDescriptions.lambda$run$0(PickleRunners.java:151)
	at io.cucumber.core.runtime.CucumberExecutionContext.lambda$runTestCase$5(CucumberExecutionContext.java:137)
	at io.cucumber.core.runtime.RethrowingThrowableCollector.executeAndThrow(RethrowingThrowableCollector.java:23)
	at io.cucumber.core.runtime.CucumberExecutionContext.runTestCase(CucumberExecutionContext.java:137)
	at io.cucumber.junit.PickleRunners$NoStepDescriptions.run(PickleRunners.java:148)
	at io.cucumber.junit.FeatureRunner.runChild(FeatureRunner.java:144)
	at io.cucumber.junit.FeatureRunner.runChild(FeatureRunner.java:28)
	at org.junit.runners.ParentRunner$4.run(ParentRunner.java:331)
	at org.junit.runners.ParentRunner$1.schedule(ParentRunner.java:79)
	at org.junit.runners.ParentRunner.runChildren(ParentRunner.java:329)
	at org.junit.runners.ParentRunner.access$100(ParentRunner.java:66)
	at org.junit.runners.ParentRunner$2.evaluate(ParentRunner.java:293)
	at org.junit.runners.ParentRunner$3.evaluate(ParentRunner.java:306)
	at org.junit.runners.ParentRunner.run(ParentRunner.java:413)
	at io.cucumber.junit.FeatureRunner.run(FeatureRunner.java:137)
	at io.cucumber.junit.Cucumber.runChild(Cucumber.java:196)
	at io.cucumber.junit.Cucumber.runChild(Cucumber.java:89)
	at org.junit.runners.ParentRunner$4.run(ParentRunner.java:331)
	at org.junit.runners.ParentRunner$1.schedule(ParentRunner.java:79)
	at org.junit.runners.ParentRunner.runChildren(ParentRunner.java:329)
	at org.junit.runners.ParentRunner.access$100(ParentRunner.java:66)
	at org.junit.runners.ParentRunner$2.evaluate(ParentRunner.java:293)
	at io.cucumber.core.runtime.CucumberExecutionContext.lambda$runFeatures$6(CucumberExecutionContext.java:148)
	at io.cucumber.core.runtime.CucumberExecutionContext.execute(CucumberExecutionContext.java:163)
	at io.cucumber.core.runtime.CucumberExecutionContext.runFeatures(CucumberExecutionContext.java:146)
	at io.cucumber.junit.Cucumber$StartAndFinishTestRun.evaluate(Cucumber.java:226)
	at org.junit.runners.ParentRunner$3.evaluate(ParentRunner.java:306)
	at org.junit.runners.ParentRunner.run(ParentRunner.java:413)
	at org.junit.runner.JUnitCore.run(JUnitCore.java:137)
	at org.junit.runner.JUnitCore.run(JUnitCore.java:115)
	at org.junit.vintage.engine.execution.RunnerExecutor.execute(RunnerExecutor.java:42)
	at org.junit.vintage.engine.VintageTestEngine.executeAllChildren(VintageTestEngine.java:80)
	at org.junit.vintage.engine.VintageTestEngine.execute(VintageTestEngine.java:72)
	at org.junit.platform.launcher.core.EngineExecutionOrchestrator.execute(EngineExecutionOrchestrator.java:198)
	at org.junit.platform.launcher.core.EngineExecutionOrchestrator.execute(EngineExecutionOrchestrator.java:169)
	at org.junit.platform.launcher.core.EngineExecutionOrchestrator.execute(EngineExecutionOrchestrator.java:93)
	at org.junit.platform.launcher.core.EngineExecutionOrchestrator.lambda$execute$0(EngineExecutionOrchestrator.java:58)
	at org.junit.platform.launcher.core.EngineExecutionOrchestrator.withInterceptedStreams(EngineExecutionOrchestrator.java:141)
	at org.junit.platform.launcher.core.EngineExecutionOrchestrator.execute(EngineExecutionOrchestrator.java:57)
	at org.junit.platform.launcher.core.DefaultLauncher.execute(DefaultLauncher.java:103)
	at org.junit.platform.launcher.core.DefaultLauncher.execute(DefaultLauncher.java:85)
	at org.junit.platform.launcher.core.DelegatingLauncher.execute(DelegatingLauncher.java:47)
	at org.apache.maven.surefire.junitplatform.LazyLauncher.execute(LazyLauncher.java:55)
	at org.apache.maven.surefire.junitplatform.JUnitPlatformProvider.execute(JUnitPlatformProvider.java:223)
	at org.apache.maven.surefire.junitplatform.JUnitPlatformProvider.invokeAllTests(JUnitPlatformProvider.java:175)
	at org.apache.maven.surefire.junitplatform.JUnitPlatformProvider.invoke(JUnitPlatformProvider.java:139)
	at org.apache.maven.surefire.booter.ForkedBooter.runSuitesInProcess(ForkedBooter.java:456)
	at org.apache.maven.surefire.booter.ForkedBooter.execute(ForkedBooter.java:169)
	at org.apache.maven.surefire.booter.ForkedBooter.run(ForkedBooter.java:595)
	at org.apache.maven.surefire.booter.ForkedBooter.main(ForkedBooter.java:581)

11:01:16.257 [main] INFO  hooks.Hooks - Finishing BDD scenario: Verify cart maintains items across navigation - Status: FAILED
11:01:16.257 [main] ERROR hooks.Hooks - Scenario failed: Verify cart maintains items across navigation
11:01:16.272 [main] INFO  c.c.selenide.impl.AttachmentPrinter - [[ATTACHMENT|/app/target/screenshots/failed_scenario_1759143676257.html]]
11:01:16.518 [main] INFO  c.c.selenide.impl.AttachmentPrinter - [[ATTACHMENT|/app/target/screenshots/failed_scenario_1759143676257.png]]
11:01:16.518 [main] ERROR hooks.Hooks - Failed to capture screenshot: file:/app/target/screenshots/failed_scenario_1759143676257.png
11:01:16.662 [main] INFO  hooks.Hooks - BDD test cleanup completed for scenario: Verify cart maintains items across navigation
]]></system-out>
    <system-err><![CDATA[Sep 29, 2025 11:01:08 AM org.openqa.selenium.devtools.CdpVersionFinder findNearestMatch
WARNING: Unable to find an exact match for CDP version 140, returning the closest version; found: 139; Please update to a Selenium version that supports CDP version 140
]]></system-err>
  </testcase>
  <testcase name="Open and close contact modal" classname="DemoBlaze Contact Modal" time="2.464">
    <system-out><![CDATA[
@Contact @UI @Communication @Smoke @ContactModal @Smoke
Scenario: Open and close contact modal        # src/test/resources/features/Contact.feature:11
11:01:16.689 [main] INFO  hooks.Hooks - Starting BDD scenario: Open and close contact modal
11:01:16.689 [main] INFO  hooks.Hooks - BDD test environment configured for scenario: Open and close contact modal
11:01:16.690 [main] INFO  stepDefinitions.HomePageSteps - BDD Step: Navigating to DemoBlaze home page
11:01:16.690 [main] INFO  pages.HomePage - BDD: Opening home page
11:01:16.690 [main] INFO  pages.HomePage - Opening DemoBlaze home page
11:01:16.690 [main] INFO  c.c.s.WebDriverThreadLocalContainer - No webdriver is bound to current thread: 1 - let's create a new webdriver
11:01:17.093 [main] INFO  c.c.s.webdriver.WebDriverFactory - Selenide 7.10.0 / Selenium 4.35.0 / chrome 140.0.7339.207 linux
11:01:18.220 [main] INFO  pages.HomePage - Home page opened successfully
  Given I navigate to the DemoBlaze home page # stepDefinitions.HomePageSteps.i_navigate_to_the_demoblaze_home_page()
11:01:18.226 [main] INFO  stepDefinitions.ContactSteps - BDD Step: Clicking on Contact link
11:01:18.226 [main] INFO  pages.HomePage - BDD: Clicking contact link
11:01:18.352 [main] INFO  pages.HomePage - BDD: Contact link clicked successfully
  When I click on "Contact" link              # stepDefinitions.ContactSteps.i_click_on_link(java.lang.String)
11:01:18.353 [main] INFO  stepDefinitions.ContactSteps - BDD Step: Verifying contact modal is displayed
11:01:18.353 [main] INFO  pages.ContactModal - BDD: Verifying contact modal visibility
11:01:18.353 [main] INFO  pages.ContactModal - Verifying contact modal is visible
11:01:18.744 [main] INFO  pages.ContactModal - Contact form fields verified successfully
  Then the contact modal should be displayed  # stepDefinitions.ContactSteps.the_contact_modal_should_be_displayed()
11:01:18.745 [main] INFO  stepDefinitions.ContactSteps - BDD Step: Verifying contact form fields
11:01:18.745 [main] INFO  pages.ContactModal - BDD: Verifying contact form fields
11:01:18.880 [main] INFO  pages.ContactModal - BDD: All contact form fields verified
  And I should see contact form fields        # stepDefinitions.ContactSteps.i_should_see_contact_form_fields()
11:01:18.881 [main] INFO  stepDefinitions.ContactSteps - BDD Step: Closing contact modal
11:01:18.881 [main] INFO  pages.ContactModal - BDD: Closing contact modal
11:01:18.881 [main] INFO  pages.ContactModal - Clicking 'Close' button to close contact modal
11:01:19.005 [main] INFO  pages.ContactModal - Contact modal closed successfully
  When I close the contact modal              # stepDefinitions.ContactSteps.i_close_the_contact_modal()
11:01:19.006 [main] INFO  stepDefinitions.ContactSteps - BDD Step: Verifying contact modal is hidden
  Then the contact modal should be hidden     # stepDefinitions.ContactSteps.the_contact_modal_should_be_hidden()
11:01:19.009 [main] INFO  hooks.Hooks - Finishing BDD scenario: Open and close contact modal - Status: PASSED
11:01:19.136 [main] INFO  hooks.Hooks - BDD test cleanup completed for scenario: Open and close contact modal
]]></system-out>
    <system-err><![CDATA[Sep 29, 2025 11:01:17 AM org.openqa.selenium.devtools.CdpVersionFinder findNearestMatch
WARNING: Unable to find an exact match for CDP version 140, returning the closest version; found: 139; Please update to a Selenium version that supports CDP version 140
]]></system-err>
  </testcase>
  <testcase name="Send valid contact message" classname="DemoBlaze Contact Modal" time="2.561">
    <system-out><![CDATA[
@Contact @UI @Communication @Smoke @ContactForm @regression
Scenario: Send valid contact message                         # src/test/resources/features/Contact.feature:19
11:01:19.163 [main] INFO  hooks.Hooks - Starting BDD scenario: Send valid contact message
11:01:19.164 [main] INFO  hooks.Hooks - BDD test environment configured for scenario: Send valid contact message
11:01:19.166 [main] INFO  stepDefinitions.HomePageSteps - BDD Step: Navigating to DemoBlaze home page
11:01:19.166 [main] INFO  pages.HomePage - BDD: Opening home page
11:01:19.166 [main] INFO  pages.HomePage - Opening DemoBlaze home page
11:01:19.167 [main] INFO  c.c.s.WebDriverThreadLocalContainer - No webdriver is bound to current thread: 1 - let's create a new webdriver
11:01:19.904 [main] INFO  c.c.s.webdriver.WebDriverFactory - Selenide 7.10.0 / Selenium 4.35.0 / chrome 140.0.7339.207 linux
11:01:20.350 [main] INFO  pages.HomePage - Home page opened successfully
  Given I navigate to the DemoBlaze home page                # stepDefinitions.HomePageSteps.i_navigate_to_the_demoblaze_home_page()
11:01:20.351 [main] INFO  stepDefinitions.ContactSteps - BDD Step: Clicking on Contact link
11:01:20.351 [main] INFO  pages.HomePage - BDD: Clicking contact link
11:01:20.557 [main] INFO  pages.HomePage - BDD: Contact link clicked successfully
  When I click on "Contact" link                             # stepDefinitions.ContactSteps.i_click_on_link(java.lang.String)
11:01:20.566 [main] INFO  stepDefinitions.ContactSteps - BDD Step: Filling contact form with valid data
11:01:20.572 [main] INFO  pages.ContactModal - Filling complete contact form for: Emmanuel Arhu (emmanuel@example.com)
11:01:20.572 [main] INFO  pages.ContactModal - Filling contact email field with: emmanuel@example.com
11:01:21.095 [main] INFO  pages.ContactModal - Filling contact name field with: Emmanuel Arhu
11:01:21.266 [main] INFO  pages.ContactModal - Filling message field
11:01:21.420 [main] INFO  pages.ContactModal - Contact form filled successfully for: Emmanuel Arhu
  And I fill the contact form with valid data:               # stepDefinitions.ContactSteps.i_fill_the_contact_form_with_valid_data(io.cucumber.datatable.DataTable)
    | field   | value                |
    | email   | emmanuel@example.com |
    | name    | Emmanuel Arhu        |
    | message | Test inquiry message |
11:01:21.423 [main] INFO  stepDefinitions.ContactSteps - BDD Step: Clicking Send message contact button
11:01:21.423 [main] INFO  pages.ContactModal - Clicking 'Send message' button
11:01:21.558 [main] INFO  pages.ContactModal - Send message button clicked successfully
  And I click "Send message" contact button                  # stepDefinitions.ContactSteps.i_click_contact_button(java.lang.String)
11:01:21.559 [main] INFO  stepDefinitions.CartSteps - BDD Step: Verifying success alert: Thanks for the message!!
  Then I should see success alert "Thanks for the message!!" # stepDefinitions.CartSteps.i_should_see_success_alert(java.lang.String)
11:01:21.591 [main] INFO  hooks.Hooks - Finishing BDD scenario: Send valid contact message - Status: PASSED
11:01:21.701 [main] INFO  hooks.Hooks - BDD test cleanup completed for scenario: Send valid contact message
]]></system-out>
    <system-err><![CDATA[Sep 29, 2025 11:01:19 AM org.openqa.selenium.devtools.CdpVersionFinder findNearestMatch
WARNING: Unable to find an exact match for CDP version 140, returning the closest version; found: 139; Please update to a Selenium version that supports CDP version 140
]]></system-err>
  </testcase>
  <testcase name="Validate contact form fields #1" classname="DemoBlaze Contact Modal" time="3.412">
    <system-out><![CDATA[
@Contact @UI @Communication @Smoke @ContactValidation @Functional @regression
Scenario Outline: Validate contact form fields            # src/test/resources/features/Contact.feature:42
11:01:21.714 [main] INFO  hooks.Hooks - Starting BDD scenario: Validate contact form fields
11:01:21.714 [main] INFO  hooks.Hooks - BDD test environment configured for scenario: Validate contact form fields
11:01:21.715 [main] INFO  stepDefinitions.HomePageSteps - BDD Step: Navigating to DemoBlaze home page
11:01:21.715 [main] INFO  pages.HomePage - BDD: Opening home page
11:01:21.715 [main] INFO  pages.HomePage - Opening DemoBlaze home page
11:01:21.715 [main] INFO  c.c.s.WebDriverThreadLocalContainer - No webdriver is bound to current thread: 1 - let's create a new webdriver
11:01:22.116 [main] INFO  c.c.s.webdriver.WebDriverFactory - Selenide 7.10.0 / Selenium 4.35.0 / chrome 140.0.7339.207 linux
11:01:23.185 [main] INFO  pages.HomePage - Home page opened successfully
  Given I navigate to the DemoBlaze home page             # stepDefinitions.HomePageSteps.i_navigate_to_the_demoblaze_home_page()
11:01:23.187 [main] INFO  stepDefinitions.ContactSteps - BDD Step: Clicking on Contact link
11:01:23.187 [main] INFO  pages.HomePage - BDD: Clicking contact link
11:01:23.305 [main] INFO  pages.HomePage - BDD: Contact link clicked successfully
  When I click on "Contact" link                          # stepDefinitions.ContactSteps.i_click_on_link(java.lang.String)
11:01:23.307 [main] INFO  stepDefinitions.ContactSteps - BDD Step: Filling contact form with specified data
11:01:23.307 [main] INFO  pages.ContactModal - Filling complete contact form for: Valid Name (valid@email.com)
11:01:23.307 [main] INFO  pages.ContactModal - Filling contact email field with: valid@email.com
11:01:23.835 [main] INFO  pages.ContactModal - Filling contact name field with: Valid Name
11:01:24.002 [main] INFO  pages.ContactModal - Filling message field
11:01:24.364 [main] INFO  pages.ContactModal - Contact form filled successfully for: Valid Name
  And I fill the contact form with:                       # stepDefinitions.ContactSteps.i_fill_the_contact_form_with(io.cucumber.datatable.DataTable)
    | field   | value           |
    | email   | valid@email.com |
    | name    | Valid Name      |
    | message | Valid message   |
11:01:24.365 [main] INFO  stepDefinitions.ContactSteps - BDD Step: Clicking Send message contact button
11:01:24.365 [main] INFO  pages.ContactModal - Clicking 'Send message' button
11:01:24.658 [main] INFO  pages.ContactModal - Send message button clicked successfully
  And I click "Send message" contact button               # stepDefinitions.ContactSteps.i_click_contact_button(java.lang.String)
11:01:24.660 [main] INFO  stepDefinitions.ContactSteps - BDD Step: Verifying response for scenario: valid_data
  Then I should see appropriate response for "valid_data" # stepDefinitions.ContactSteps.i_should_see_appropriate_response_for(java.lang.String)
11:01:24.743 [main] INFO  hooks.Hooks - Finishing BDD scenario: Validate contact form fields - Status: PASSED
11:01:25.098 [main] INFO  hooks.Hooks - BDD test cleanup completed for scenario: Validate contact form fields
]]></system-out>
    <system-err><![CDATA[Sep 29, 2025 11:01:22 AM org.openqa.selenium.devtools.CdpVersionFinder findNearestMatch
WARNING: Unable to find an exact match for CDP version 140, returning the closest version; found: 139; Please update to a Selenium version that supports CDP version 140
]]></system-err>
  </testcase>
  <testcase name="Validate contact form fields #2" classname="DemoBlaze Contact Modal" time="3.452">
    <system-out><![CDATA[
@Contact @UI @Communication @Smoke @ContactValidation @Functional @regression
Scenario Outline: Validate contact form fields               # src/test/resources/features/Contact.feature:43
11:01:25.135 [main] INFO  hooks.Hooks - Starting BDD scenario: Validate contact form fields
11:01:25.135 [main] INFO  hooks.Hooks - BDD test environment configured for scenario: Validate contact form fields
11:01:25.137 [main] INFO  stepDefinitions.HomePageSteps - BDD Step: Navigating to DemoBlaze home page
11:01:25.137 [main] INFO  pages.HomePage - BDD: Opening home page
11:01:25.137 [main] INFO  pages.HomePage - Opening DemoBlaze home page
11:01:25.137 [main] INFO  c.c.s.WebDriverThreadLocalContainer - No webdriver is bound to current thread: 1 - let's create a new webdriver
11:01:26.253 [main] INFO  c.c.s.webdriver.WebDriverFactory - Selenide 7.10.0 / Selenium 4.35.0 / chrome 140.0.7339.207 linux
11:01:27.773 [main] INFO  pages.HomePage - Home page opened successfully
  Given I navigate to the DemoBlaze home page                # stepDefinitions.HomePageSteps.i_navigate_to_the_demoblaze_home_page()
11:01:27.774 [main] INFO  stepDefinitions.ContactSteps - BDD Step: Clicking on Contact link
11:01:27.775 [main] INFO  pages.HomePage - BDD: Clicking contact link
11:01:28.168 [main] INFO  pages.HomePage - BDD: Contact link clicked successfully
  When I click on "Contact" link                             # stepDefinitions.ContactSteps.i_click_on_link(java.lang.String)
11:01:28.171 [main] INFO  stepDefinitions.ContactSteps - BDD Step: Filling contact form with specified data
11:01:28.171 [main] INFO  pages.ContactModal - Filling complete contact form for: Test User (null)
11:01:28.171 [main] INFO  pages.ContactModal - Filling contact email field with: null
11:01:28.787 [main] INFO  pages.ContactModal - Filling contact name field with: Test User
11:01:28.994 [main] INFO  pages.ContactModal - Filling message field
11:01:29.209 [main] INFO  pages.ContactModal - Contact form filled successfully for: Test User
  And I fill the contact form with:                          # stepDefinitions.ContactSteps.i_fill_the_contact_form_with(io.cucumber.datatable.DataTable)
    | field   | value         |
    | email   | [empty]       |
    | name    | Test User     |
    | message | Valid message |
11:01:29.211 [main] INFO  stepDefinitions.ContactSteps - BDD Step: Clicking Send message contact button
11:01:29.211 [main] INFO  pages.ContactModal - Clicking 'Send message' button
11:01:29.430 [main] INFO  pages.ContactModal - Send message button clicked successfully
  And I click "Send message" contact button                  # stepDefinitions.ContactSteps.i_click_contact_button(java.lang.String)
11:01:29.431 [main] INFO  stepDefinitions.ContactSteps - BDD Step: Verifying response for scenario: missing_email
11:01:29.431 [main] INFO  stepDefinitions.ContactSteps - Handling scenario: missing_email
  Then I should see appropriate response for "missing_email" # stepDefinitions.ContactSteps.i_should_see_appropriate_response_for(java.lang.String)
11:01:29.451 [main] INFO  hooks.Hooks - Finishing BDD scenario: Validate contact form fields - Status: PASSED
11:01:28.567 [main] INFO  hooks.Hooks - BDD test cleanup completed for scenario: Validate contact form fields
]]></system-out>
    <system-err><![CDATA[Sep 29, 2025 11:01:26 AM org.openqa.selenium.devtools.CdpVersionFinder findNearestMatch
WARNING: Unable to find an exact match for CDP version 140, returning the closest version; found: 139; Please update to a Selenium version that supports CDP version 140
]]></system-err>
  </testcase>
  <testcase name="Validate contact form fields #3" classname="DemoBlaze Contact Modal" time="9.836">
    <system-out><![CDATA[
@Contact @UI @Communication @Smoke @ContactValidation @Functional @regression
Scenario Outline: Validate contact form fields              # src/test/resources/features/Contact.feature:44
11:01:28.582 [main] INFO  hooks.Hooks - Starting BDD scenario: Validate contact form fields
11:01:28.583 [main] INFO  hooks.Hooks - BDD test environment configured for scenario: Validate contact form fields
11:01:28.584 [main] INFO  stepDefinitions.HomePageSteps - BDD Step: Navigating to DemoBlaze home page
11:01:28.584 [main] INFO  pages.HomePage - BDD: Opening home page
11:01:28.584 [main] INFO  pages.HomePage - Opening DemoBlaze home page
11:01:28.584 [main] INFO  c.c.s.WebDriverThreadLocalContainer - No webdriver is bound to current thread: 1 - let's create a new webdriver
11:01:33.292 [main] INFO  c.c.s.webdriver.WebDriverFactory - Selenide 7.10.0 / Selenium 4.35.0 / chrome 140.0.7339.207 linux
11:01:34.851 [main] INFO  pages.HomePage - Home page opened successfully
  Given I navigate to the DemoBlaze home page               # stepDefinitions.HomePageSteps.i_navigate_to_the_demoblaze_home_page()
11:01:34.852 [main] INFO  stepDefinitions.ContactSteps - BDD Step: Clicking on Contact link
11:01:34.852 [main] INFO  pages.HomePage - BDD: Clicking contact link
11:01:35.149 [main] INFO  pages.HomePage - BDD: Contact link clicked successfully
  When I click on "Contact" link                            # stepDefinitions.ContactSteps.i_click_on_link(java.lang.String)
11:01:35.151 [main] INFO  stepDefinitions.ContactSteps - BDD Step: Filling contact form with specified data
11:01:35.151 [main] INFO  pages.ContactModal - Filling complete contact form for: null (invalid@email.com)
11:01:35.151 [main] INFO  pages.ContactModal - Filling contact email field with: invalid@email.com
11:01:35.958 [main] INFO  pages.ContactModal - Filling contact name field with: null
11:01:36.130 [main] INFO  pages.ContactModal - Filling message field
11:01:36.479 [main] INFO  pages.ContactModal - Contact form filled successfully for: null
  And I fill the contact form with:                         # stepDefinitions.ContactSteps.i_fill_the_contact_form_with(io.cucumber.datatable.DataTable)
    | field   | value             |
    | email   | invalid@email.com |
    | name    | [empty]           |
    | message | Valid message     |
11:01:36.480 [main] INFO  stepDefinitions.ContactSteps - BDD Step: Clicking Send message contact button
11:01:36.480 [main] INFO  pages.ContactModal - Clicking 'Send message' button
11:01:36.798 [main] INFO  pages.ContactModal - Send message button clicked successfully
  And I click "Send message" contact button                 # stepDefinitions.ContactSteps.i_click_contact_button(java.lang.String)
11:01:36.798 [main] INFO  stepDefinitions.ContactSteps - BDD Step: Verifying response for scenario: missing_name
11:01:36.798 [main] INFO  stepDefinitions.ContactSteps - Handling scenario: missing_name
  Then I should see appropriate response for "missing_name" # stepDefinitions.ContactSteps.i_should_see_appropriate_response_for(java.lang.String)
11:01:36.817 [main] INFO  hooks.Hooks - Finishing BDD scenario: Validate contact form fields - Status: PASSED
11:01:38.403 [main] INFO  hooks.Hooks - BDD test cleanup completed for scenario: Validate contact form fields
]]></system-out>
    <system-err><![CDATA[Sep 29, 2025 11:01:33 AM org.openqa.selenium.devtools.CdpVersionFinder findNearestMatch
WARNING: Unable to find an exact match for CDP version 140, returning the closest version; found: 139; Please update to a Selenium version that supports CDP version 140
]]></system-err>
  </testcase>
  <testcase name="Validate contact form fields #4" classname="DemoBlaze Contact Modal" time="5.23">
    <system-out><![CDATA[
@Contact @UI @Communication @Smoke @ContactValidation @Functional @regression
Scenario Outline: Validate contact form fields                 # src/test/resources/features/Contact.feature:45
11:01:38.425 [main] INFO  hooks.Hooks - Starting BDD scenario: Validate contact form fields
11:01:38.425 [main] INFO  hooks.Hooks - BDD test environment configured for scenario: Validate contact form fields
11:01:38.435 [main] INFO  stepDefinitions.HomePageSteps - BDD Step: Navigating to DemoBlaze home page
11:01:38.435 [main] INFO  pages.HomePage - BDD: Opening home page
11:01:38.435 [main] INFO  pages.HomePage - Opening DemoBlaze home page
11:01:38.435 [main] INFO  c.c.s.WebDriverThreadLocalContainer - No webdriver is bound to current thread: 1 - let's create a new webdriver
11:01:39.595 [main] INFO  c.c.s.webdriver.WebDriverFactory - Selenide 7.10.0 / Selenium 4.35.0 / chrome 140.0.7339.207 linux
11:01:41.123 [main] INFO  pages.HomePage - Home page opened successfully
  Given I navigate to the DemoBlaze home page                  # stepDefinitions.HomePageSteps.i_navigate_to_the_demoblaze_home_page()
11:01:41.124 [main] INFO  stepDefinitions.ContactSteps - BDD Step: Clicking on Contact link
11:01:41.124 [main] INFO  pages.HomePage - BDD: Clicking contact link
11:01:41.369 [main] INFO  pages.HomePage - BDD: Contact link clicked successfully
  When I click on "Contact" link                               # stepDefinitions.ContactSteps.i_click_on_link(java.lang.String)
11:01:41.371 [main] INFO  stepDefinitions.ContactSteps - BDD Step: Filling contact form with specified data
11:01:41.371 [main] INFO  pages.ContactModal - Filling complete contact form for: Valid Name (valid@email.com)
[...]
	at org.openqa.selenium.remote.HttpCommandExecutor.execute(HttpCommandExecutor.java:215)
	at org.openqa.selenium.remote.service.DriverCommandExecutor.invokeExecute(DriverCommandExecutor.java:216)
	at org.openqa.selenium.remote.service.DriverCommandExecutor.execute(DriverCommandExecutor.java:174)
	at org.openqa.selenium.remote.RemoteWebDriver.execute(RemoteWebDriver.java:557)
	at org.openqa.selenium.remote.ElementLocation$ElementFinder$2.findElement(ElementLocation.java:165)
	at org.openqa.selenium.remote.ElementLocation.findElement(ElementLocation.java:59)
	at org.openqa.selenium.remote.RemoteWebDriver.findElement(RemoteWebDriver.java:380)
	at org.openqa.selenium.remote.RemoteWebDriver.findElement(RemoteWebDriver.java:374)
	at com.codeborne.selenide.impl.WebElementSelector.findElement(WebElementSelector.java:67)
	at com.codeborne.selenide.impl.WebElementSelector.findElement(WebElementSelector.java:38)
	at com.codeborne.selenide.impl.WebElementSelector.findElement(WebElementSelector.java:29)
	at com.codeborne.selenide.impl.ElementFinder.getWebElement(ElementFinder.java:113)
	at com.codeborne.selenide.impl.WebElementSource.checkConditionAndReturnElement(WebElementSource.java:112)
	at com.codeborne.selenide.impl.WebElementSource.checkCondition(WebElementSource.java:99)
	at com.codeborne.selenide.commands.Should.execute(Should.java:24)
	at com.codeborne.selenide.FluentCommand.execute(FluentCommand.java:27)
	at com.codeborne.selenide.FluentCommand.execute(FluentCommand.java:19)
	at com.codeborne.selenide.commands.Commands.execute(Commands.java:160)
	at com.codeborne.selenide.impl.SelenideElementProxy.dispatchAndRetry(SelenideElementProxy.java:131)
	at com.codeborne.selenide.impl.SelenideElementProxy.invoke(SelenideElementProxy.java:83)
	at jdk.proxy2/jdk.proxy2.$Proxy23.shouldBe(Unknown Source)
	at pages.CartPage.verifyProductInCart(CartPage.java:74)
	at stepDefinitions.CartSteps.i_should_see_in_the_cart(CartSteps.java:66)
	at java.base/jdk.internal.reflect.DirectMethodHandleAccessor.invoke(DirectMethodHandleAccessor.java:103)
	at java.base/java.lang.reflect.Method.invoke(Method.java:580)
	at io.cucumber.java.Invoker.doInvoke(Invoker.java:66)
	at io.cucumber.java.Invoker.invoke(Invoker.java:24)
	at io.cucumber.java.AbstractGlueDefinition.invokeMethod(AbstractGlueDefinition.java:47)
	at io.cucumber.java.JavaStepDefinition.execute(JavaStepDefinition.java:29)
	at io.cucumber.core.runner.CoreStepDefinition.execute(CoreStepDefinition.java:66)
	at io.cucumber.core.runner.PickleStepDefinitionMatch.runStep(PickleStepDefinitionMatch.java:63)
	at io.cucumber.core.runner.ExecutionMode$1.execute(ExecutionMode.java:10)
	at io.cucumber.core.runner.TestStep.executeStep(TestStep.java:84)
	at io.cucumber.core.runner.TestStep.run(TestStep.java:56)
	at io.cucumber.core.runner.PickleStepTestStep.run(PickleStepTestStep.java:51)
	at io.cucumber.core.runner.TestCase.run(TestCase.java:84)
	at io.cucumber.core.runner.Runner.runPickle(Runner.java:75)
	at io.cucumber.junit.PickleRunners$NoStepDescriptions.lambda$run$0(PickleRunners.java:151)
	at io.cucumber.core.runtime.CucumberExecutionContext.lambda$runTestCase$5(CucumberExecutionContext.java:137)
	at io.cucumber.core.runtime.RethrowingThrowableCollector.executeAndThrow(RethrowingThrowableCollector.java:23)
	at io.cucumber.core.runtime.CucumberExecutionContext.runTestCase(CucumberExecutionContext.java:137)
	at io.cucumber.junit.PickleRunners$NoStepDescriptions.run(PickleRunners.java:148)
	at io.cucumber.junit.FeatureRunner.runChild(FeatureRunner.java:144)
	at io.cucumber.junit.FeatureRunner.runChild(FeatureRunner.java:28)
	at org.junit.runners.ParentRunner$4.run(ParentRunner.java:331)
	at org.junit.runners.ParentRunner$1.schedule(ParentRunner.java:79)
	at org.junit.runners.ParentRunner.runChildren(ParentRunner.java:329)
	at org.junit.runners.ParentRunner.access$100(ParentRunner.java:66)
	at org.junit.runners.ParentRunner$2.evaluate(ParentRunner.java:293)
	at org.junit.runners.ParentRunner$3.evaluate(ParentRunner.java:306)
	at org.junit.runners.ParentRunner.run(ParentRunner.java:413)
	at io.cucumber.junit.FeatureRunner.run(FeatureRunner.java:137)
	at io.cucumber.junit.Cucumber.runChild(Cucumber.java:196)
	at io.cucumber.junit.Cucumber.runChild(Cucumber.java:89)
	at org.junit.runners.ParentRunner$4.run(ParentRunner.java:331)
	at org.junit.runners.ParentRunner$1.schedule(ParentRunner.java:79)
	at org.junit.runners.ParentRunner.runChildren(ParentRunner.java:329)
	at org.junit.runners.ParentRunner.access$100(ParentRunner.java:66)
	at org.junit.runners.ParentRunner$2.evaluate(ParentRunner.java:293)
	at io.cucumber.core.runtime.CucumberExecutionContext.lambda$runFeatures$6(CucumberExecutionContext.java:148)
	at io.cucumber.core.runtime.CucumberExecutionContext.execute(CucumberExecutionContext.java:163)
	at io.cucumber.core.runtime.CucumberExecutionContext.runFeatures(CucumberExecutionContext.java:146)
	at io.cucumber.junit.Cucumber$StartAndFinishTestRun.evaluate(Cucumber.java:226)
	at org.junit.runners.ParentRunner$3.evaluate(ParentRunner.java:306)
	at org.junit.runners.ParentRunner.run(ParentRunner.java:413)
	at org.junit.runner.JUnitCore.run(JUnitCore.java:137)
	at org.junit.runner.JUnitCore.run(JUnitCore.java:115)
	at org.junit.vintage.engine.execution.RunnerExecutor.execute(RunnerExecutor.java:42)
	at org.junit.vintage.engine.VintageTestEngine.executeAllChildren(VintageTestEngine.java:80)
	at org.junit.vintage.engine.VintageTestEngine.execute(VintageTestEngine.java:72)
	at org.junit.platform.launcher.core.EngineExecutionOrchestrator.execute(EngineExecutionOrchestrator.java:198)
	at org.junit.platform.launcher.core.EngineExecutionOrchestrator.execute(EngineExecutionOrchestrator.java:169)
	at org.junit.platform.launcher.core.EngineExecutionOrchestrator.execute(EngineExecutionOrchestrator.java:93)
	at org.junit.platform.launcher.core.EngineExecutionOrchestrator.lambda$execute$0(EngineExecutionOrchestrator.java:58)
	at org.junit.platform.launcher.core.EngineExecutionOrchestrator.withInterceptedStreams(EngineExecutionOrchestrator.java:141)
	at org.junit.platform.launcher.core.EngineExecutionOrchestrator.execute(EngineExecutionOrchestrator.java:57)
	at org.junit.platform.launcher.core.DefaultLauncher.execute(DefaultLauncher.java:103)
	at org.junit.platform.launcher.core.DefaultLauncher.execute(DefaultLauncher.java:85)
	at org.junit.platform.launcher.core.DelegatingLauncher.execute(DelegatingLauncher.java:47)
	at org.apache.maven.surefire.junitplatform.LazyLauncher.execute(LazyLauncher.java:55)
	at org.apache.maven.surefire.junitplatform.JUnitPlatformProvider.execute(JUnitPlatformProvider.java:223)
	at org.apache.maven.surefire.junitplatform.JUnitPlatformProvider.invokeAllTests(JUnitPlatformProvider.java:175)
	at org.apache.maven.surefire.junitplatform.JUnitPlatformProvider.invoke(JUnitPlatformProvider.java:139)
	at org.apache.maven.surefire.booter.ForkedBooter.runSuitesInProcess(ForkedBooter.java:456)
	at org.apache.maven.surefire.booter.ForkedBooter.execute(ForkedBooter.java:169)
	at org.apache.maven.surefire.booter.ForkedBooter.run(ForkedBooter.java:595)
	at org.apache.maven.surefire.booter.ForkedBooter.main(ForkedBooter.java:581)

  When I click place order button                   # stepDefinitions.OrderPlacementSteps.i_click_place_order_button()
  And I fill order details with valid information:  # stepDefinitions.OrderPlacementSteps.i_fill_order_details_with_valid_information(io.cucumber.datatable.DataTable)
    | field      | value            |
    | name       | Jane Smith       |
    | country    | Canada           |
    | city       | Toronto          |
    | creditCard | 9876543210987654 |
    | month      | 06               |
    | year       | 2026             |
  And I click purchase button                       # stepDefinitions.OrderPlacementSteps.i_click_purchase_button()
  Then I should see order success message           # stepDefinitions.OrderPlacementSteps.i_should_see_order_success_message()
  And the order should include all products         # stepDefinitions.OrderPlacementSteps.the_order_should_include_all_products()
11:03:53.022 [main] INFO  hooks.Hooks - Finishing BDD scenario: Place order with multiple products - Status: FAILED
11:03:53.022 [main] ERROR hooks.Hooks - Scenario failed: Place order with multiple products
11:03:53.036 [main] INFO  c.c.selenide.impl.AttachmentPrinter - [[ATTACHMENT|/app/target/screenshots/failed_scenario_1759143833022.html]]
11:03:53.248 [main] INFO  c.c.selenide.impl.AttachmentPrinter - [[ATTACHMENT|/app/target/screenshots/failed_scenario_1759143833022.png]]
11:03:53.248 [main] ERROR hooks.Hooks - Failed to capture screenshot: file:/app/target/screenshots/failed_scenario_1759143833022.png
11:03:53.391 [main] INFO  hooks.Hooks - BDD test cleanup completed for scenario: Place order with multiple products
]]></system-out>
    <system-err><![CDATA[Sep 29, 2025 11:03:37 AM org.openqa.selenium.devtools.CdpVersionFinder findNearestMatch
WARNING: Unable to find an exact match for CDP version 140, returning the closest version; found: 139; Please update to a Selenium version that supports CDP version 140
]]></system-err>
  </testcase>
  <testcase name="Verify order form data persistence during session" classname="DemoBlaze Order Placement" time="8.24">
    <system-out><![CDATA[
@OrderPlacement @E2E @regression @OrderPersistence @Functional @regression
Scenario: Verify order form data persistence during session # src/test/resources/features/OrderPlacement.feature:101
11:03:53.401 [main] INFO  hooks.Hooks - Starting BDD scenario: Verify order form data persistence during session
11:03:53.401 [main] INFO  hooks.Hooks - BDD test environment configured for scenario: Verify order form data persistence during session
11:03:53.402 [main] INFO  stepDefinitions.HomePageSteps - BDD Step: Navigating to DemoBlaze home page
11:03:53.402 [main] INFO  pages.HomePage - BDD: Opening home page
11:03:53.402 [main] INFO  pages.HomePage - Opening DemoBlaze home page
11:03:53.403 [main] INFO  c.c.s.WebDriverThreadLocalContainer - No webdriver is bound to current thread: 1 - let's create a new webdriver
11:03:53.898 [main] INFO  c.c.s.webdriver.WebDriverFactory - Selenide 7.10.0 / Selenium 4.35.0 / chrome 140.0.7339.207 linux
11:03:54.970 [main] INFO  pages.HomePage - Home page opened successfully
  Given I navigate to the DemoBlaze home page               # stepDefinitions.HomePageSteps.i_navigate_to_the_demoblaze_home_page()
11:03:54.971 [main] INFO  stepDefinitions.CartSteps - BDD Step: Adding MacBook air to cart
11:03:54.971 [main] INFO  pages.HomePage - BDD: Clicking on first product: MacBook air
11:03:54.971 [main] INFO  pages.HomePage - Clicking on first product: MacBook air
11:03:56.396 [main] INFO  pages.HomePage - Successfully clicked on first product: MacBook air
11:03:56.396 [main] INFO  pages.ProductDetailsPage - BDD: Adding product to cart
11:03:56.396 [main] INFO  pages.ProductDetailsPage - Clicking 'Add to cart' button
11:03:57.318 [main] INFO  pages.ProductDetailsPage - Successfully clicked 'Add to cart' button
11:03:57.957 [main] INFO  pages.HomePage - BDD: Opening home page
11:03:57.957 [main] INFO  pages.HomePage - Opening DemoBlaze home page
11:03:58.557 [main] INFO  pages.HomePage - Home page opened successfully
  Given I add "MacBook air" to cart                         # stepDefinitions.CartSteps.i_add_to_cart(java.lang.String)
11:03:58.558 [main] INFO  stepDefinitions.CartSteps - BDD Step: Navigating to cart page
11:03:58.558 [main] INFO  pages.HomePage - BDD: Navigating to cart
11:03:58.558 [main] INFO  pages.HomePage - Navigating to cart page
11:03:59.369 [main] INFO  pages.HomePage - Successfully navigated to cart page
  When I navigate to cart page                              # stepDefinitions.CartSteps.i_navigate_to_cart_page()
11:03:59.370 [main] INFO  stepDefinitions.OrderPlacementSteps - BDD Step: Clicking place order button
11:03:59.370 [main] INFO  pages.CartPage - Clicking 'Place Order' button
11:03:59.597 [main] INFO  pages.CartPage - Successfully clicked 'Place Order' button
  And I click place order button                            # stepDefinitions.OrderPlacementSteps.i_click_place_order_button()
11:03:59.603 [main] INFO  stepDefinitions.OrderPlacementSteps - BDD Step: Filling order details partially
11:03:59.604 [main] INFO  pages.OrderPlacementPage - Filling name field with: Test User
11:04:00.141 [main] INFO  pages.OrderPlacementPage - Filling country field with: Test Country
11:04:00.279 [main] INFO  pages.OrderPlacementPage - Filling city field with: Test City
11:04:00.437 [main] INFO  stepDefinitions.OrderPlacementSteps - BDD Step: Order details filled partially
  And I fill order details partially:                       # stepDefinitions.OrderPlacementSteps.i_fill_order_details_partially(io.cucumber.datatable.DataTable)
    | field   | value        |
    | name    | Test User    |
    | country | Test Country |
    | city    | Test City    |
11:04:00.438 [main] INFO  stepDefinitions.OrderPlacementSteps - BDD Step: Clicking close button
11:04:00.438 [main] INFO  pages.OrderPlacementPage - Clicking 'Close' button to cancel order
11:04:00.559 [main] INFO  pages.OrderPlacementPage - Close button clicked successfully
  And I click close button                                  # stepDefinitions.OrderPlacementSteps.i_click_close_button()
11:04:00.560 [main] INFO  stepDefinitions.OrderPlacementSteps - BDD Step: Clicking place order button again
11:04:00.560 [main] INFO  stepDefinitions.OrderPlacementSteps - BDD Step: Clicking place order button
11:04:00.560 [main] INFO  pages.CartPage - Clicking 'Place Order' button
11:04:00.972 [main] INFO  pages.CartPage - Successfully clicked 'Place Order' button
  And I click place order button again                      # stepDefinitions.OrderPlacementSteps.i_click_place_order_button_again()
11:04:00.973 [main] INFO  stepDefinitions.OrderPlacementSteps - BDD Step: Verifying order form is empty
11:04:00.973 [main] INFO  pages.OrderPlacementPage - Verifying order placement form is visible
11:04:01.481 [main] INFO  pages.OrderPlacementPage - Order placement form verified successfully
  Then the order form should be empty                       # stepDefinitions.OrderPlacementSteps.the_order_form_should_be_empty()
11:04:01.481 [main] INFO  hooks.Hooks - Finishing BDD scenario: Verify order form data persistence during session - Status: PASSED
11:04:01.632 [main] INFO  hooks.Hooks - BDD test cleanup completed for scenario: Verify order form data persistence during session
]]></system-out>
    <system-err><![CDATA[Sep 29, 2025 11:03:53 AM org.openqa.selenium.devtools.CdpVersionFinder findNearestMatch
WARNING: Unable to find an exact match for CDP version 140, returning the closest version; found: 139; Please update to a Selenium version that supports CDP version 140
]]></system-err>
  </testcase>
  <testcase name="Attempt to place order with empty cart" classname="DemoBlaze Order Placement" time="1.149">
    <system-out><![CDATA[
@OrderPlacement @E2E @regression @EmptyCartOrder @Edge
Scenario: Attempt to place order with empty cart               # src/test/resources/features/OrderPlacement.feature:115
11:04:01.648 [main] INFO  hooks.Hooks - Starting BDD scenario: Attempt to place order with empty cart
11:04:01.649 [main] INFO  hooks.Hooks - BDD test environment configured for scenario: Attempt to place order with empty cart
11:04:01.651 [main] INFO  stepDefinitions.HomePageSteps - BDD Step: Navigating to DemoBlaze home page
11:04:01.651 [main] INFO  pages.HomePage - BDD: Opening home page
11:04:01.651 [main] INFO  pages.HomePage - Opening DemoBlaze home page
11:04:01.651 [main] INFO  c.c.s.WebDriverThreadLocalContainer - No webdriver is bound to current thread: 1 - let's create a new webdriver
11:04:02.070 [main] INFO  c.c.s.webdriver.WebDriverFactory - Selenide 7.10.0 / Selenium 4.35.0 / chrome 140.0.7339.207 linux
11:04:02.344 [main] INFO  pages.HomePage - Home page opened successfully
  Given I navigate to the DemoBlaze home page                  # stepDefinitions.HomePageSteps.i_navigate_to_the_demoblaze_home_page()
11:04:02.345 [main] INFO  stepDefinitions.CartSteps - BDD Step: Navigating to cart page without adding products
11:04:02.345 [main] INFO  pages.HomePage - BDD: Navigating to cart
11:04:02.345 [main] INFO  pages.HomePage - Navigating to cart page
11:04:02.660 [main] INFO  pages.HomePage - Successfully navigated to cart page
  When I navigate to cart page without adding products         # stepDefinitions.CartSteps.i_navigate_to_cart_page_without_adding_products()
11:04:02.661 [main] INFO  stepDefinitions.CartSteps - BDD Step: Verifying cart is empty
  Then I should see an empty cart                              # stepDefinitions.CartSteps.i_should_see_an_empty_cart()
11:04:02.662 [main] INFO  stepDefinitions.OrderPlacementSteps - BDD Step: Verifying place order button state for empty cart
  And the place order button should be disabled or not visible # stepDefinitions.OrderPlacementSteps.the_place_order_button_should_be_disabled_or_not_visible()
11:04:02.663 [main] INFO  hooks.Hooks - Finishing BDD scenario: Attempt to place order with empty cart - Status: PASSED
11:04:02.789 [main] INFO  hooks.Hooks - BDD test cleanup completed for scenario: Attempt to place order with empty cart
]]></system-out>
    <system-err><![CDATA[Sep 29, 2025 11:04:02 AM org.openqa.selenium.devtools.CdpVersionFinder findNearestMatch
WARNING: Unable to find an exact match for CDP version 140, returning the closest version; found: 139; Please update to a Selenium version that supports CDP version 140
]]></system-err>
  </testcase>
  <testcase name="Verify home page loads" classname="Simple DemoBlaze Test" time="1.833">
    <system-out><![CDATA[
@Simple @Smoke @Navigation
Scenario: Verify home page loads                         # src/test/resources/features/SimpleTest.feature:6
11:04:02.796 [main] INFO  hooks.Hooks - Starting BDD scenario: Verify home page loads
11:04:02.796 [main] INFO  hooks.Hooks - BDD test environment configured for scenario: Verify home page loads
11:04:02.796 [main] INFO  stepDefinitions.HomePageSteps - BDD Step: Navigating to DemoBlaze home page
11:04:02.796 [main] INFO  pages.HomePage - BDD: Opening home page
11:04:02.796 [main] INFO  pages.HomePage - Opening DemoBlaze home page
11:04:02.796 [main] INFO  c.c.s.WebDriverThreadLocalContainer - No webdriver is bound to current thread: 1 - let's create a new webdriver
11:04:03.247 [main] INFO  c.c.s.webdriver.WebDriverFactory - Selenide 7.10.0 / Selenium 4.35.0 / chrome 140.0.7339.207 linux
11:04:04.074 [main] INFO  pages.HomePage - Home page opened successfully
  Given I navigate to the DemoBlaze home page            # stepDefinitions.HomePageSteps.i_navigate_to_the_demoblaze_home_page()
11:04:04.075 [main] INFO  stepDefinitions.HomePageSteps - BDD Step: Viewing home page content
  When I view the home page                              # stepDefinitions.HomePageSteps.i_view_the_home_page()
11:04:04.075 [main] INFO  stepDefinitions.HomePageSteps - BDD Step: Verifying navigation bar elements
11:04:04.075 [main] INFO  pages.HomePage - Verifying navigation elements are visible
11:04:04.496 [main] INFO  pages.HomePage - All navigation elements verified successfully
  Then I should see the navigation bar with all elements # stepDefinitions.HomePageSteps.i_should_see_the_navigation_bar_with_all_elements()
11:04:04.497 [main] INFO  hooks.Hooks - Finishing BDD scenario: Verify home page loads - Status: PASSED
11:04:04.623 [main] INFO  hooks.Hooks - BDD test cleanup completed for scenario: Verify home page loads
]]></system-out>
    <system-err><![CDATA[Sep 29, 2025 11:04:03 AM org.openqa.selenium.devtools.CdpVersionFinder findNearestMatch
WARNING: Unable to find an exact match for CDP version 140, returning the closest version; found: 139; Please update to a Selenium version that supports CDP version 140
]]></system-err>
  </testcase>
</testsuite>