<?xml version="1.0" encoding="UTF-8"?>
<testsuite xmlns:xsi="http://www.w3.org/2001/XMLSchema-instance" xsi:noNamespaceSchemaLocation="https://maven.apache.org/surefire/maven-surefire-plugin/xsd/surefire-test-report-3.0.xsd" version="3.0" name="tests.ContactModalTest" time="23.538" tests="4" errors="0" skipped="0" failures="0">
  <properties>
[...]
</properties>
  <testcase name="testSendInvalidContactData" classname="tests.ContactModalTest" time="6.346">
    <system-out><![CDATA[10:59:02.006 [main] INFO  base.BaseTest - Setting up base test configuration
10:59:02.006 [main] INFO  base.BaseTest - Base test configuration completed
10:59:02.007 [main] INFO  tests.ContactModalTest - Setting up contact modal test instances
10:59:02.008 [main] INFO  tests.ContactModalTest - Contact modal test setup completed
10:59:02.008 [main] INFO  tests.ContactModalTest - Starting test: Send invalid contact data
10:59:02.008 [main] INFO  pages.HomePage - Opening DemoBlaze home page
10:59:02.009 [main] INFO  c.c.s.WebDriverThreadLocalContainer - No webdriver is bound to current thread: 1 - let's create a new webdriver
10:59:02.580 [main] INFO  c.c.s.webdriver.WebDriverFactory - Selenide 7.10.0 / Selenium 4.35.0 / chrome 140.0.7339.207 linux
10:59:04.775 [main] INFO  pages.HomePage - Home page opened successfully
10:59:05.212 [main] INFO  pages.ContactModal - Verifying contact modal is visible
10:59:05.669 [main] INFO  pages.ContactModal - Contact form fields verified successfully
10:59:05.669 [main] INFO  pages.ContactModal - Filling complete contact form for: 1234567890- (1234567890-)
10:59:05.670 [main] INFO  pages.ContactModal - Filling contact email field with: 1234567890-
10:59:05.879 [main] INFO  pages.ContactModal - Filling contact name field with: 1234567890-
10:59:06.039 [main] INFO  pages.ContactModal - Filling message field
10:59:06.348 [main] INFO  pages.ContactModal - Contact form filled successfully for: 1234567890-
10:59:06.349 [main] INFO  pages.ContactModal - Clicking 'Send message' button
10:59:06.530 [main] INFO  pages.ContactModal - Send message button clicked successfully
10:59:07.551 [main] INFO  tests.ContactModalTest - Alert message: Thanks for the message!!
10:59:07.566 [main] INFO  pages.HomePage - Verifying categories section
10:59:08.205 [main] INFO  pages.HomePage - Categories section verified successfully
10:59:08.205 [main] INFO  tests.ContactModalTest - Test completed successfully: Send invalid contact data
10:59:08.205 [main] INFO  base.BaseTest - Cleaning up test resources
10:59:08.350 [main] INFO  base.BaseTest - Test cleanup completed
10:59:08.350 [main] INFO  utils.TestListener - Test passed: Test sending invalid contact data
]]></system-out>
    <system-err><![CDATA[Sep 29, 2025 10:59:02 AM org.openqa.selenium.devtools.CdpVersionFinder findNearestMatch
WARNING: Unable to find an exact match for CDP version 140, returning the closest version; found: 139; Please update to a Selenium version that supports CDP version 140
]]></system-err>
  </testcase>
  <testcase name="testSendEmptyContactData" classname="tests.ContactModalTest" time="4.497">
    <system-out><![CDATA[10:59:08.360 [main] INFO  base.BaseTest - Setting up base test configuration
10:59:08.360 [main] INFO  base.BaseTest - Base test configuration completed
10:59:08.360 [main] INFO  tests.ContactModalTest - Setting up contact modal test instances
10:59:08.361 [main] INFO  tests.ContactModalTest - Contact modal test setup completed
10:59:08.361 [main] INFO  tests.ContactModalTest - Starting test: Send empty contact data
10:59:08.361 [main] INFO  pages.HomePage - Opening DemoBlaze home page
10:59:08.363 [main] INFO  c.c.s.WebDriverThreadLocalContainer - No webdriver is bound to current thread: 1 - let's create a new webdriver
10:59:08.925 [main] INFO  c.c.s.webdriver.WebDriverFactory - Selenide 7.10.0 / Selenium 4.35.0 / chrome 140.0.7339.207 linux
10:59:10.935 [main] INFO  pages.HomePage - Home page opened successfully
10:59:11.078 [main] INFO  pages.ContactModal - Verifying contact modal is visible
10:59:11.543 [main] INFO  pages.ContactModal - Contact form fields verified successfully
10:59:11.543 [main] INFO  pages.ContactModal - Clicking 'Send message' button
10:59:11.698 [main] INFO  pages.ContactModal - Send message button clicked successfully
10:59:12.719 [main] INFO  tests.ContactModalTest - Alert message: Thanks for the message!!
10:59:12.736 [main] INFO  tests.ContactModalTest - Test completed successfully: Send empty contact data
10:59:12.737 [main] INFO  base.BaseTest - Cleaning up test resources
10:59:12.855 [main] INFO  base.BaseTest - Test cleanup completed
10:59:12.855 [main] INFO  utils.TestListener - Test passed: Test sending empty contact data
]]></system-out>
    <system-err><![CDATA[Sep 29, 2025 10:59:08 AM org.openqa.selenium.devtools.CdpVersionFinder findNearestMatch
WARNING: Unable to find an exact match for CDP version 140, returning the closest version; found: 139; Please update to a Selenium version that supports CDP version 140
]]></system-err>
  </testcase>
  <testcase name="testSendValidContactData" classname="tests.ContactModalTest" time="4.988">
    <system-out><![CDATA[10:59:12.859 [main] INFO  base.BaseTest - Setting up base test configuration
10:59:12.859 [main] INFO  base.BaseTest - Base test configuration completed
10:59:12.859 [main] INFO  tests.ContactModalTest - Setting up contact modal test instances
10:59:12.859 [main] INFO  tests.ContactModalTest - Contact modal test setup completed
10:59:12.860 [main] INFO  tests.ContactModalTest - Starting test: Send valid contact data
10:59:12.860 [main] INFO  pages.HomePage - Opening DemoBlaze home page
10:59:12.860 [main] INFO  c.c.s.WebDriverThreadLocalContainer - No webdriver is bound to current thread: 1 - let's create a new webdriver
10:59:13.348 [main] INFO  c.c.s.webdriver.WebDriverFactory - Selenide 7.10.0 / Selenium 4.35.0 / chrome 140.0.7339.207 linux
10:59:15.332 [main] INFO  pages.HomePage - Home page opened successfully
10:59:15.472 [main] INFO  pages.ContactModal - Verifying contact modal is visible
10:59:15.924 [main] INFO  pages.ContactModal - Contact form fields verified successfully
10:59:15.924 [main] INFO  pages.ContactModal - Filling complete contact form for: Emmanuel Arhu (emmanuel@example.com)
10:59:15.924 [main] INFO  pages.ContactModal - Filling contact email field with: emmanuel@example.com
10:59:16.121 [main] INFO  pages.ContactModal - Filling contact name field with: Emmanuel Arhu
10:59:16.306 [main] INFO  pages.ContactModal - Filling message field
10:59:16.491 [main] INFO  pages.ContactModal - Contact form filled successfully for: Emmanuel Arhu
10:59:16.491 [main] INFO  pages.ContactModal - Clicking 'Send message' button
10:59:16.678 [main] INFO  pages.ContactModal - Send message button clicked successfully
10:59:17.702 [main] INFO  tests.ContactModalTest - Alert message: Thanks for the message!!
10:59:17.720 [main] INFO  tests.ContactModalTest - Test completed successfully: Send valid contact data
10:59:17.720 [main] INFO  base.BaseTest - Cleaning up test resources
10:59:17.847 [main] INFO  base.BaseTest - Test cleanup completed
10:59:17.847 [main] INFO  utils.TestListener - Test passed: Test sending valid contact data
]]></system-out>
    <system-err><![CDATA[Sep 29, 2025 10:59:13 AM org.openqa.selenium.devtools.CdpVersionFinder findNearestMatch
WARNING: Unable to find an exact match for CDP version 140, returning the closest version; found: 139; Please update to a Selenium version that supports CDP version 140
]]></system-err>
  </testcase>
  <testcase name="testContactModalClose" classname="tests.ContactModalTest" time="7.682">
    <system-out><![CDATA[10:59:17.854 [main] INFO  base.BaseTest - Setting up base test configuration
10:59:17.855 [main] INFO  base.BaseTest - Base test configuration completed
10:59:17.855 [main] INFO  tests.ContactModalTest - Setting up contact modal test instances
10:59:17.855 [main] INFO  tests.ContactModalTest - Contact modal test setup completed
10:59:17.855 [main] INFO  tests.ContactModalTest - Starting test: Contact modal close functionality
10:59:17.855 [main] INFO  pages.HomePage - Opening DemoBlaze home page
10:59:17.856 [main] INFO  c.c.s.WebDriverThreadLocalContainer - No webdriver is bound to current thread: 1 - let's create a new webdriver
10:59:18.333 [main] INFO  c.c.s.webdriver.WebDriverFactory - Selenide 7.10.0 / Selenium 4.35.0 / chrome 140.0.7339.207 linux
10:59:23.190 [main] INFO  pages.HomePage - Home page opened successfully
10:59:23.190 [main] INFO  tests.ContactModalTest - Clicking Contact link to open modal
10:59:24.358 [main] INFO  pages.ContactModal - Verifying contact modal is visible
10:59:24.749 [main] INFO  pages.ContactModal - Contact form fields verified successfully
10:59:24.749 [main] INFO  pages.ContactModal - Filling contact email field with: test@example.com
10:59:25.100 [main] INFO  pages.ContactModal - Filling contact name field with: Test User
10:59:25.280 [main] INFO  pages.ContactModal - Clicking 'Close' button to close contact modal
10:59:25.405 [main] INFO  pages.ContactModal - Contact modal closed successfully
10:59:25.405 [main] INFO  tests.ContactModalTest - Test completed successfully: Contact modal close functionality
10:59:25.406 [main] INFO  base.BaseTest - Cleaning up test resources
10:59:25.535 [main] INFO  base.BaseTest - Test cleanup completed
10:59:25.535 [main] INFO  utils.TestListener - Test passed: Test contact modal close functionality
]]></system-out>
    <system-err><![CDATA[Sep 29, 2025 10:59:18 AM org.openqa.selenium.devtools.CdpVersionFinder findNearestMatch
WARNING: Unable to find an exact match for CDP version 140, returning the closest version; found: 139; Please update to a Selenium version that supports CDP version 140
]]></system-err>
  </testcase>
</testsuite>