<?xml version="1.0" encoding="UTF-8"?>
<testsuite xmlns:xsi="http://www.w3.org/2001/XMLSchema-instance" xsi:noNamespaceSchemaLocation="https://maven.apache.org/surefire/maven-surefire-plugin/xsd/surefire-test-report-3.0.xsd" version="3.0" name="tests.OrderPlacementTest" time="42.576" tests="3" errors="0" skipped="0" failures="0">
  <properties>
[...]
</properties>
  <testcase name="testOrderPlacementWithValidData" classname="tests.OrderPlacementTest" time="15.555">
    <system-out><![CDATA[02:45:29.171 [main] INFO  base.BaseTest - Setting up base test configuration
02:45:29.171 [main] INFO  base.BaseTest - Base test configuration completed
02:45:29.172 [main] INFO  tests.OrderPlacementTest - Setting up order placement test instances
02:45:29.173 [main] INFO  tests.OrderPlacementTest - Order placement test setup completed
02:45:29.174 [main] INFO  tests.OrderPlacementTest - Starting test: Order placement with valid data
02:45:29.176 [main] INFO  tests.OrderPlacementTest - Adding product to cart for order test
02:45:29.177 [main] INFO  pages.HomePage - Opening DemoBlaze home page
02:45:29.178 [main] INFO  c.c.s.WebDriverThreadLocalContainer - No webdriver is bound to current thread: 1 - let's create a new webdriver
02:45:31.984 [main] INFO  c.c.s.webdriver.BrowserResizer - Set browser size to 1920x1080
02:45:32.018 [main] INFO  c.c.s.webdriver.WebDriverFactory - Selenide 7.10.0 / Selenium 4.35.0 / firefox 143.0.1 linux
02:45:34.378 [main] INFO  pages.HomePage - Home page opened successfully
02:45:34.379 [main] INFO  pages.HomePage - Clicking on first product: Samsung galaxy s6
02:45:36.407 [main] INFO  pages.HomePage - Successfully clicked on first product: Samsung galaxy s6
02:45:36.408 [main] INFO  pages.ProductDetailsPage - Clicking 'Add to cart' button
02:45:37.539 [main] INFO  pages.ProductDetailsPage - Successfully clicked 'Add to cart' button
02:45:38.547 [main] INFO  tests.OrderPlacementTest - Alert message: Product added
02:45:38.567 [main] INFO  pages.ProductDetailsPage - Navigating back to home page
02:45:38.716 [main] INFO  pages.ProductDetailsPage - Successfully navigated to home page
02:45:38.716 [main] INFO  tests.OrderPlacementTest - Product added to cart successfully
02:45:38.717 [main] INFO  pages.HomePage - Navigating to cart page
02:45:39.442 [main] INFO  pages.HomePage - Successfully navigated to cart page
02:45:40.520 [main] INFO  pages.CartPage - Verifying cart page headers and elements
02:45:40.622 [main] INFO  pages.CartPage - Cart headers and elements verified successfully
02:45:40.622 [main] INFO  pages.CartPage - Clicking 'Place Order' button
02:45:40.705 [main] INFO  pages.CartPage - Successfully clicked 'Place Order' button
02:45:40.705 [main] INFO  pages.OrderPlacementPage - Verifying order placement form is visible
02:45:41.100 [main] INFO  pages.OrderPlacementPage - Order placement form verified successfully
02:45:41.101 [main] INFO  pages.OrderPlacementPage - Filling complete order details for customer: Emmanuel Arhu
02:45:41.101 [main] INFO  pages.OrderPlacementPage - Filling name field with: Emmanuel Arhu
02:45:41.191 [main] INFO  pages.OrderPlacementPage - Filling country field with: Ghana
02:45:41.231 [main] INFO  pages.OrderPlacementPage - Filling city field with: Takoradi
02:45:41.277 [main] INFO  pages.OrderPlacementPage - Filling credit card field
02:45:41.320 [main] INFO  pages.OrderPlacementPage - Filling month field with: 12
02:45:41.362 [main] INFO  pages.OrderPlacementPage - Filling year field with: 2030
02:45:41.401 [main] INFO  pages.OrderPlacementPage - Order details filled successfully for customer: Emmanuel Arhu
02:45:41.402 [main] INFO  pages.OrderPlacementPage - Clicking 'Purchase' button to complete order
02:45:41.496 [main] INFO  pages.OrderPlacementPage - Purchase button clicked successfully
02:45:41.595 [main] INFO  pages.OrderPlacementPage - Verifying order placement form is visible
02:45:41.715 [main] INFO  pages.OrderPlacementPage - Order placement form verified successfully
02:45:41.716 [main] INFO  pages.OrderPlacementPage - Clicking 'Close' button to cancel order
02:45:41.800 [main] INFO  pages.OrderPlacementPage - Close button clicked successfully
02:45:41.800 [main] INFO  pages.CartPage - Navigating back to home page from cart
02:45:42.992 [main] INFO  pages.CartPage - Successfully navigated to home page from cart
02:45:42.992 [main] INFO  pages.HomePage - Verifying categories section
02:45:43.497 [main] INFO  pages.HomePage - Categories section verified successfully
02:45:43.497 [main] INFO  tests.OrderPlacementTest - Test completed successfully: Order placement with valid data
02:45:43.498 [main] INFO  base.BaseTest - Cleaning up test resources
02:45:44.495 [main] INFO  base.BaseTest - Test cleanup completed
02:45:44.715 [main] INFO  utils.TestListener - Test passed: Test order placement with valid data
]]></system-out>
  </testcase>
  <testcase name="testOrderPlacementFormClose" classname="tests.OrderPlacementTest" time="14.207">
    <system-out><![CDATA[02:45:44.887 [main] INFO  base.BaseTest - Setting up base test configuration
02:45:44.888 [main] INFO  base.BaseTest - Base test configuration completed
02:45:44.889 [main] INFO  tests.OrderPlacementTest - Setting up order placement test instances
02:45:44.889 [main] INFO  tests.OrderPlacementTest - Order placement test setup completed
02:45:44.890 [main] INFO  tests.OrderPlacementTest - Starting test: Order placement form close
02:45:44.892 [main] INFO  tests.OrderPlacementTest - Adding product to cart for order test
02:45:44.893 [main] INFO  pages.HomePage - Opening DemoBlaze home page
02:45:44.893 [main] INFO  c.c.s.WebDriverThreadLocalContainer - No webdriver is bound to current thread: 1 - let's create a new webdriver
02:45:47.705 [main] INFO  c.c.s.webdriver.BrowserResizer - Set browser size to 1920x1080
02:45:47.762 [main] INFO  c.c.s.webdriver.WebDriverFactory - Selenide 7.10.0 / Selenium 4.35.0 / firefox 143.0.1 linux
02:45:49.485 [main] INFO  pages.HomePage - Home page opened successfully
02:45:49.486 [main] INFO  pages.HomePage - Clicking on first product: Samsung galaxy s6
02:45:51.151 [main] INFO  pages.HomePage - Successfully clicked on first product: Samsung galaxy s6
02:45:51.152 [main] INFO  pages.ProductDetailsPage - Clicking 'Add to cart' button
02:45:52.036 [main] INFO  pages.ProductDetailsPage - Successfully clicked 'Add to cart' button
02:45:53.058 [main] INFO  tests.OrderPlacementTest - Alert message: Product added
02:45:53.081 [main] INFO  pages.ProductDetailsPage - Navigating back to home page
02:45:53.404 [main] INFO  pages.ProductDetailsPage - Successfully navigated to home page
02:45:53.405 [main] INFO  tests.OrderPlacementTest - Product added to cart successfully
02:45:53.405 [main] INFO  pages.HomePage - Navigating to cart page
02:45:56.805 [main] INFO  pages.HomePage - Successfully navigated to cart page
02:45:56.805 [main] INFO  pages.CartPage - Clicking 'Place Order' button
02:45:56.931 [main] INFO  pages.CartPage - Successfully clicked 'Place Order' button
02:45:56.931 [main] INFO  pages.OrderPlacementPage - Verifying order placement form is visible
02:45:57.306 [main] INFO  pages.OrderPlacementPage - Order placement form verified successfully
02:45:57.307 [main] INFO  pages.OrderPlacementPage - Filling name field with: Test User
02:45:57.405 [main] INFO  pages.OrderPlacementPage - Filling country field with: Test Country
02:45:57.453 [main] INFO  pages.OrderPlacementPage - Clicking 'Close' button to cancel order
02:45:57.533 [main] INFO  pages.OrderPlacementPage - Close button clicked successfully
02:45:57.533 [main] INFO  tests.OrderPlacementTest - Test completed successfully: Order placement form close
02:45:57.534 [main] INFO  base.BaseTest - Cleaning up test resources
02:45:58.823 [main] INFO  base.BaseTest - Test cleanup completed
02:45:59.091 [main] INFO  utils.TestListener - Test passed: Test order placement form close
]]></system-out>
  </testcase>
  <testcase name="testOrderPlacementWithInvalidData" classname="tests.OrderPlacementTest" time="12.546">
    <system-out><![CDATA[02:45:59.158 [main] INFO  base.BaseTest - Setting up base test configuration
02:45:59.159 [main] INFO  base.BaseTest - Base test configuration completed
02:45:59.159 [main] INFO  tests.OrderPlacementTest - Setting up order placement test instances
02:45:59.160 [main] INFO  tests.OrderPlacementTest - Order placement test setup completed
02:45:59.162 [main] INFO  tests.OrderPlacementTest - Starting test: Order placement with invalid data
02:45:59.162 [main] INFO  tests.OrderPlacementTest - Adding product to cart for order test
02:45:59.163 [main] INFO  pages.HomePage - Opening DemoBlaze home page
02:45:59.164 [main] INFO  c.c.s.WebDriverThreadLocalContainer - No webdriver is bound to current thread: 1 - let's create a new webdriver
02:46:01.972 [main] INFO  c.c.s.webdriver.BrowserResizer - Set browser size to 1920x1080
02:46:02.000 [main] INFO  c.c.s.webdriver.WebDriverFactory - Selenide 7.10.0 / Selenium 4.35.0 / firefox 143.0.1 linux
02:46:03.830 [main] INFO  pages.HomePage - Home page opened successfully
02:46:03.836 [main] INFO  pages.HomePage - Clicking on first product: Samsung galaxy s6
02:46:05.507 [main] INFO  pages.HomePage - Successfully clicked on first product: Samsung galaxy s6
02:46:05.507 [main] INFO  pages.ProductDetailsPage - Clicking 'Add to cart' button
02:46:06.410 [main] INFO  pages.ProductDetailsPage - Successfully clicked 'Add to cart' button
02:46:07.423 [main] INFO  tests.OrderPlacementTest - Alert message: Product added
02:46:07.447 [main] INFO  pages.ProductDetailsPage - Navigating back to home page
02:46:07.595 [main] INFO  pages.ProductDetailsPage - Successfully navigated to home page
02:46:07.595 [main] INFO  tests.OrderPlacementTest - Product added to cart successfully
02:46:07.596 [main] INFO  pages.HomePage - Navigating to cart page
02:46:08.288 [main] INFO  pages.HomePage - Successfully navigated to cart page
02:46:08.289 [main] INFO  pages.CartPage - Verifying cart page headers and elements
02:46:08.439 [main] INFO  pages.CartPage - Cart headers and elements verified successfully
02:46:08.439 [main] INFO  pages.CartPage - Clicking 'Place Order' button
02:46:08.526 [main] INFO  pages.CartPage - Successfully clicked 'Place Order' button
02:46:08.526 [main] INFO  pages.OrderPlacementPage - Verifying order placement form is visible
02:46:08.906 [main] INFO  pages.OrderPlacementPage - Order placement form verified successfully
02:46:08.907 [main] INFO  pages.OrderPlacementPage - Filling complete order details for customer: 1234567890-
02:46:08.907 [main] INFO  pages.OrderPlacementPage - Filling name field with: 1234567890-
02:46:08.996 [main] INFO  pages.OrderPlacementPage - Filling country field with: 1234567890-
02:46:09.042 [main] INFO  pages.OrderPlacementPage - Filling city field with: 1234567890-
02:46:09.085 [main] INFO  pages.OrderPlacementPage - Filling credit card field
02:46:09.125 [main] INFO  pages.OrderPlacementPage - Filling month field with: 1234567890-
02:46:09.174 [main] INFO  pages.OrderPlacementPage - Filling year field with: 1234567890-
02:46:09.214 [main] INFO  pages.OrderPlacementPage - Order details filled successfully for customer: 1234567890-
02:46:09.214 [main] INFO  pages.OrderPlacementPage - Clicking 'Purchase' button to complete order
02:46:09.300 [main] INFO  pages.OrderPlacementPage - Purchase button clicked successfully
02:46:09.400 [main] INFO  pages.OrderPlacementPage - Verifying order placement form is visible
02:46:09.505 [main] INFO  pages.OrderPlacementPage - Order placement form verified successfully
02:46:09.506 [main] INFO  pages.OrderPlacementPage - Clicking 'Close' button to cancel order
02:46:09.586 [main] INFO  pages.OrderPlacementPage - Close button clicked successfully
02:46:09.587 [main] INFO  pages.CartPage - Navigating back to home page from cart
02:46:10.238 [main] INFO  pages.CartPage - Successfully navigated to home page from cart
02:46:10.239 [main] INFO  pages.HomePage - Verifying categories section
02:46:10.728 [main] INFO  pages.HomePage - Categories section verified successfully
02:46:10.729 [main] INFO  tests.OrderPlacementTest - Test completed successfully: Order placement with invalid data
02:46:10.730 [main] INFO  base.BaseTest - Cleaning up test resources
02:46:11.693 [main] INFO  base.BaseTest - Test cleanup completed
02:46:11.697 [main] INFO  utils.TestListener - Test passed: Test order placement with invalid data
]]></system-out>
  </testcase>
</testsuite>