<?xml version="1.0" encoding="UTF-8"?>
<testsuite xmlns:xsi="http://www.w3.org/2001/XMLSchema-instance" xsi:noNamespaceSchemaLocation="https://maven.apache.org/surefire/maven-surefire-plugin/xsd/surefire-test-report-3.0.xsd" version="3.0" name="tests.CartPageTest" time="53.412" tests="2" errors="0" skipped="0" failures="0">
  <properties>
[...]
</properties>
  <testcase name="testAddMultipleProductsToCart" classname="tests.CartPageTest" time="27.957">
    <system-out><![CDATA[13:48:20.899 [main] INFO  base.BaseTest - Setting up base test configuration
13:48:20.899 [main] INFO  base.BaseTest - Base test configuration completed
13:48:20.900 [main] INFO  tests.CartPageTest - Setting up cart test instances
13:48:20.901 [main] INFO  tests.CartPageTest - Cart test setup completed
13:48:20.902 [main] INFO  tests.CartPageTest - Starting test: Add multiple products to cart
13:48:20.902 [main] INFO  pages.HomePage - Opening DemoBlaze home page
13:48:20.903 [main] INFO  c.c.s.WebDriverThreadLocalContainer - No webdriver is bound to current thread: 1 - let's create a new webdriver
13:48:23.986 [main] INFO  c.c.s.webdriver.BrowserResizer - Set browser size to 1920x1080
13:48:24.258 [main] INFO  c.c.s.webdriver.WebDriverFactory - Selenide 7.10.0 / Selenium 4.35.0 / firefox 140.3.0 linux
13:48:26.627 [main] INFO  pages.HomePage - Home page opened successfully
13:48:26.627 [main] INFO  pages.HomePage - Verifying categories section
13:48:27.532 [main] INFO  pages.HomePage - Categories section verified successfully
13:48:27.533 [main] INFO  pages.HomePage - Clicking on product at index 0: Samsung galaxy s6
13:48:29.144 [main] INFO  pages.HomePage - Successfully clicked on product at index 0: Samsung galaxy s6
13:48:29.145 [main] INFO  pages.ProductDetailsPage - Verifying product details for: Samsung galaxy s6 with price: $360 *includes tax
13:48:29.974 [main] INFO  pages.ProductDetailsPage - Product details verified successfully for: Samsung galaxy s6
13:48:29.974 [main] INFO  pages.ProductDetailsPage - Clicking 'Add to cart' button
13:48:30.316 [main] INFO  pages.ProductDetailsPage - Successfully clicked 'Add to cart' button
13:48:31.365 [main] INFO  pages.ProductDetailsPage - Navigating back to home page
13:48:32.024 [main] INFO  pages.ProductDetailsPage - Successfully navigated to home page
13:48:32.024 [main] INFO  pages.HomePage - Verifying categories section
13:48:33.896 [main] INFO  pages.HomePage - Categories section verified successfully
13:48:33.897 [main] INFO  pages.HomePage - Clicking on product at index 1: Nokia lumia 1520
13:48:34.721 [main] INFO  pages.HomePage - Successfully clicked on product at index 1: Nokia lumia 1520
13:48:34.722 [main] INFO  pages.ProductDetailsPage - Verifying product details for: Nokia lumia 1520 with price: $820 *includes tax
13:48:36.241 [main] INFO  pages.ProductDetailsPage - Product details verified successfully for: Nokia lumia 1520
13:48:36.245 [main] INFO  pages.ProductDetailsPage - Clicking 'Add to cart' button
13:48:36.972 [main] INFO  pages.ProductDetailsPage - Successfully clicked 'Add to cart' button
13:48:38.037 [main] INFO  pages.ProductDetailsPage - Navigating back to home page
13:48:38.720 [main] INFO  pages.ProductDetailsPage - Successfully navigated to home page
13:48:38.722 [main] INFO  pages.HomePage - Verifying categories section
13:48:40.423 [main] INFO  pages.HomePage - Categories section verified successfully
13:48:40.423 [main] INFO  pages.HomePage - Clicking on first product: Nexus 6
13:48:41.167 [main] INFO  pages.HomePage - Successfully clicked on first product: Nexus 6
13:48:41.167 [main] INFO  pages.ProductDetailsPage - Verifying product details for: Nexus 6 with price: $650 *includes tax
13:48:42.246 [main] INFO  pages.ProductDetailsPage - Product details verified successfully for: Nexus 6
13:48:42.247 [main] INFO  pages.ProductDetailsPage - Clicking 'Add to cart' button
13:48:42.811 [main] INFO  pages.ProductDetailsPage - Successfully clicked 'Add to cart' button
13:48:43.842 [main] INFO  pages.ProductDetailsPage - Clicking 'Add to cart' button
13:48:44.180 [main] INFO  pages.ProductDetailsPage - Successfully clicked 'Add to cart' button
13:48:45.225 [main] INFO  pages.HomePage - Navigating to cart page
13:48:46.052 [main] INFO  pages.HomePage - Successfully navigated to cart page
13:48:46.052 [main] INFO  pages.CartPage - Verifying cart page headers and elements
13:48:46.232 [main] INFO  pages.CartPage - Cart headers and elements verified successfully
13:48:46.232 [main] INFO  pages.CartPage - Verifying product is in cart: Samsung galaxy s6
13:48:47.532 [main] INFO  pages.CartPage - Product verified in cart: Samsung galaxy s6
13:48:47.532 [main] INFO  pages.CartPage - Verifying product is in cart: Nokia lumia 1520
13:48:47.549 [main] INFO  pages.CartPage - Product verified in cart: Nokia lumia 1520
13:48:47.550 [main] INFO  tests.CartPageTest - Test completed successfully: Add multiple products to cart
13:48:47.554 [main] INFO  base.BaseTest - Cleaning up test resources
13:48:48.845 [main] INFO  base.BaseTest - Test cleanup completed
13:48:48.851 [main] INFO  utils.TestListener - Test passed: Add multiple products to cart and verify cart functionality
]]></system-out>
  </testcase>
  <testcase name="testCartItemDeletion" classname="tests.CartPageTest" time="25.433">
    <system-out><![CDATA[13:48:48.866 [main] INFO  base.BaseTest - Setting up base test configuration
13:48:48.866 [main] INFO  base.BaseTest - Base test configuration completed
13:48:48.866 [main] INFO  tests.CartPageTest - Setting up cart test instances
13:48:48.867 [main] INFO  tests.CartPageTest - Cart test setup completed
13:48:48.867 [main] INFO  tests.CartPageTest - Starting test: Cart item deletion functionality
13:48:48.867 [main] INFO  tests.CartPageTest - Adding test products to cart
13:48:48.867 [main] INFO  pages.HomePage - Opening DemoBlaze home page
13:48:48.867 [main] INFO  c.c.s.WebDriverThreadLocalContainer - No webdriver is bound to current thread: 1 - let's create a new webdriver
13:48:51.715 [main] INFO  c.c.s.webdriver.BrowserResizer - Set browser size to 1920x1080
13:48:52.001 [main] INFO  c.c.s.webdriver.WebDriverFactory - Selenide 7.10.0 / Selenium 4.35.0 / firefox 140.3.0 linux
13:48:54.845 [main] INFO  pages.HomePage - Home page opened successfully
13:48:54.845 [main] INFO  pages.HomePage - Clicking on product at index 0: Samsung galaxy s6
13:48:56.892 [main] INFO  pages.HomePage - Successfully clicked on product at index 0: Samsung galaxy s6
13:48:56.892 [main] INFO  pages.ProductDetailsPage - Clicking 'Add to cart' button
13:48:58.411 [main] INFO  pages.ProductDetailsPage - Successfully clicked 'Add to cart' button
13:48:59.452 [main] INFO  pages.ProductDetailsPage - Navigating back to home page
13:48:59.946 [main] INFO  pages.ProductDetailsPage - Successfully navigated to home page
13:48:59.947 [main] INFO  pages.HomePage - Verifying categories section
13:49:00.889 [main] INFO  pages.HomePage - Categories section verified successfully
13:49:00.889 [main] INFO  pages.HomePage - Clicking on product at index 1: Nokia lumia 1520
13:49:01.380 [main] INFO  pages.HomePage - Successfully clicked on product at index 1: Nokia lumia 1520
13:49:01.380 [main] INFO  pages.ProductDetailsPage - Clicking 'Add to cart' button
13:49:02.415 [main] INFO  pages.ProductDetailsPage - Successfully clicked 'Add to cart' button
13:49:03.452 [main] INFO  pages.ProductDetailsPage - Navigating back to home page
13:49:04.253 [main] INFO  pages.ProductDetailsPage - Successfully navigated to home page
13:49:04.253 [main] INFO  pages.HomePage - Verifying categories section
13:49:05.132 [main] INFO  pages.HomePage - Categories section verified successfully
13:49:05.133 [main] INFO  pages.HomePage - Clicking on product at index 3: Samsung galaxy s7
13:49:05.740 [main] INFO  pages.HomePage - Successfully clicked on product at index 3: Samsung galaxy s7
13:49:05.740 [main] INFO  pages.ProductDetailsPage - Clicking 'Add to cart' button
13:49:07.555 [main] INFO  pages.ProductDetailsPage - Successfully clicked 'Add to cart' button
13:49:08.618 [main] INFO  pages.ProductDetailsPage - Clicking 'Add to cart' button
13:49:08.981 [main] INFO  pages.ProductDetailsPage - Successfully clicked 'Add to cart' button
13:49:10.037 [main] INFO  tests.CartPageTest - Test products added to cart successfully
13:49:10.037 [main] INFO  pages.HomePage - Navigating to cart page
13:49:10.838 [main] INFO  pages.HomePage - Successfully navigated to cart page
13:49:10.839 [main] INFO  pages.CartPage - Verifying cart page headers and elements
13:49:10.970 [main] INFO  pages.CartPage - Cart headers and elements verified successfully
13:49:10.970 [main] INFO  pages.CartPage - Clicking first delete button in cart
13:49:12.510 [main] INFO  pages.CartPage - Successfully clicked first delete button
13:49:12.510 [main] INFO  pages.CartPage - Verifying product is in cart: Samsung galaxy s6
13:49:12.534 [main] INFO  pages.CartPage - Product verified in cart: Samsung galaxy s6
13:49:12.534 [main] INFO  pages.CartPage - Deleting product from cart: Samsung galaxy s6
13:49:12.813 [main] INFO  pages.CartPage - Successfully deleted product from cart: Samsung galaxy s6
13:49:12.813 [main] INFO  pages.CartPage - Verifying product is in cart: Samsung galaxy s7
13:49:12.841 [main] INFO  pages.CartPage - Product verified in cart: Samsung galaxy s7
13:49:12.842 [main] INFO  tests.CartPageTest - Test completed successfully: Cart item deletion functionality
13:49:12.842 [main] INFO  base.BaseTest - Cleaning up test resources
13:49:14.297 [main] INFO  base.BaseTest - Test cleanup completed
13:49:14.298 [main] INFO  utils.TestListener - Test passed: Test cart item deletion functionality
]]></system-out>
  </testcase>
</testsuite>